<?xml version="1.0" encoding="UTF-8"?>
<testsuite name="us.deloitteinnovation.aca.batch.ingest.step2.Step2VerifyInsuranceCoverageInformationTest" time="0.481" tests="61" errors="0" skipped="1" failures="0">
  <properties>
[...]
</properties>
  <testcase name="testOriginalCoverageBeginDateWithAll6s" classname="us.deloitteinnovation.aca.batch.ingest.step2.Step2VerifyInsuranceCoverageInformationTest" time="0"/>
  <testcase name="testOriginalCoverageBeginDateWithAll9s" classname="us.deloitteinnovation.aca.batch.ingest.step2.Step2VerifyInsuranceCoverageInformationTest" time="0"/>
  <testcase name="testProgramNameWithSpecialCharAndAlpha" classname="us.deloitteinnovation.aca.batch.ingest.step2.Step2VerifyInsuranceCoverageInformationTest" time="0"/>
  <testcase name="testPolicyOriginWith1AllowedCharacter" classname="us.deloitteinnovation.aca.batch.ingest.step2.Step2VerifyInsuranceCoverageInformationTest" time="0.011"/>
  <testcase name="testProgramNameWithAlphaNum" classname="us.deloitteinnovation.aca.batch.ingest.step2.Step2VerifyInsuranceCoverageInformationTest" time="0.008"/>
  <testcase name="testCoverageTaxYearEqualsTaxYear" classname="us.deloitteinnovation.aca.batch.ingest.step2.Step2VerifyInsuranceCoverageInformationTest" time="0.003"/>
  <testcase name="testOriginalCoverageBeginDateWithLessThan8Chars" classname="us.deloitteinnovation.aca.batch.ingest.step2.Step2VerifyInsuranceCoverageInformationTest" time="0.008"/>
  <testcase name="testProgramNameWithSpecialCharactersAndNumbers" classname="us.deloitteinnovation.aca.batch.ingest.step2.Step2VerifyInsuranceCoverageInformationTest" time="0.01"/>
  <testcase name="testOriginalCoverageBeginDateWithMoreThan8Chars" classname="us.deloitteinnovation.aca.batch.ingest.step2.Step2VerifyInsuranceCoverageInformationTest" time="0.007"/>
  <testcase name="testOriginalCoverageBeginDateWith8Chars" classname="us.deloitteinnovation.aca.batch.ingest.step2.Step2VerifyInsuranceCoverageInformationTest" time="0.007"/>
  <testcase name="testCoverageTaxYearWithNullTaxYear" classname="us.deloitteinnovation.aca.batch.ingest.step2.Step2VerifyInsuranceCoverageInformationTest" time="0.003"/>
  <testcase name="testOriginalCoverageEndDateWithMoreThan8Chars" classname="us.deloitteinnovation.aca.batch.ingest.step2.Step2VerifyInsuranceCoverageInformationTest" time="0.006"/>
  <testcase name="testNullShopIdentifier" classname="us.deloitteinnovation.aca.batch.ingest.step2.Step2VerifyInsuranceCoverageInformationTest" time="0.016"/>
  <testcase name="testCoverageForSameMonthAsDOB" classname="us.deloitteinnovation.aca.batch.ingest.step2.Step2VerifyInsuranceCoverageInformationTest" time="0.003"/>
  <testcase name="testShopIdentifierWithSpace" classname="us.deloitteinnovation.aca.batch.ingest.step2.Step2VerifyInsuranceCoverageInformationTest" time="0.018"/>
  <testcase name="testOriginalCoverageBeginDateWithoutAll6sWithCorrectionCodeC" classname="us.deloitteinnovation.aca.batch.ingest.step2.Step2VerifyInsuranceCoverageInformationTest" time="0.036"/>
  <testcase name="testOriginalCoverageBeginDateWithoutAll6sWithCorrectionCodeU" classname="us.deloitteinnovation.aca.batch.ingest.step2.Step2VerifyInsuranceCoverageInformationTest" time="0.008"/>
  <testcase name="testOriginalCoverageBeginDateWithoutAll6s" classname="us.deloitteinnovation.aca.batch.ingest.step2.Step2VerifyInsuranceCoverageInformationTest" time="0.008"/>
  <testcase name="testOriginalCoverageBeginDateWithoutAll9s" classname="us.deloitteinnovation.aca.batch.ingest.step2.Step2VerifyInsuranceCoverageInformationTest" time="0.009"/>
  <testcase name="testProgramNameWithSpaces" classname="us.deloitteinnovation.aca.batch.ingest.step2.Step2VerifyInsuranceCoverageInformationTest" time="0.006"/>
  <testcase name="testPolicyOriginWith1Character" classname="us.deloitteinnovation.aca.batch.ingest.step2.Step2VerifyInsuranceCoverageInformationTest" time="0.015"/>
  <testcase name="testOriginalCoverageBeginDateWithSpaces" classname="us.deloitteinnovation.aca.batch.ingest.step2.Step2VerifyInsuranceCoverageInformationTest" time="0.005"/>
  <testcase name="testPolicyOriginIncluding1AllowedCharacter" classname="us.deloitteinnovation.aca.batch.ingest.step2.Step2VerifyInsuranceCoverageInformationTest" time="0.012"/>
  <testcase name="testPolicyOriginWith3Characters" classname="us.deloitteinnovation.aca.batch.ingest.step2.Step2VerifyInsuranceCoverageInformationTest" time="0.015"/>
  <testcase name="testPolicyOriginWithSpaces" classname="us.deloitteinnovation.aca.batch.ingest.step2.Step2VerifyInsuranceCoverageInformationTest" time="0.014"/>
  <testcase name="testOriginalCoverageBeginDateWithAll9sWithoutCorrectionCode" classname="us.deloitteinnovation.aca.batch.ingest.step2.Step2VerifyInsuranceCoverageInformationTest" time="0.006"/>
  <testcase name="testOriginalCoverageBeginDateWithoutAll9sWithCorrectionCodeC" classname="us.deloitteinnovation.aca.batch.ingest.step2.Step2VerifyInsuranceCoverageInformationTest" time="0.007"/>
  <testcase name="testOriginalCoverageBeginDateWithoutAll9sWithCorrectionCodeU" classname="us.deloitteinnovation.aca.batch.ingest.step2.Step2VerifyInsuranceCoverageInformationTest" time="0.006"/>
  <testcase name="testShopIdentifierWithSpaces" classname="us.deloitteinnovation.aca.batch.ingest.step2.Step2VerifyInsuranceCoverageInformationTest" time="0.02"/>
  <testcase name="testProgramNameWithSpace" classname="us.deloitteinnovation.aca.batch.ingest.step2.Step2VerifyInsuranceCoverageInformationTest" time="0.005"/>
  <testcase name="testProgramNameWithSpecialCharacters" classname="us.deloitteinnovation.aca.batch.ingest.step2.Step2VerifyInsuranceCoverageInformationTest" time="0.005"/>
  <testcase name="testOriginalCoverageBeginDateWithAll6sWithCorrectionCodeC" classname="us.deloitteinnovation.aca.batch.ingest.step2.Step2VerifyInsuranceCoverageInformationTest" time="0.007"/>
  <testcase name="testOriginalCoverageBeginDateWithAll6sWithCorrectionCodeU" classname="us.deloitteinnovation.aca.batch.ingest.step2.Step2VerifyInsuranceCoverageInformationTest" time="0.007"/>
  <testcase name="testOriginalCoverageBeginDateWithAll6sWithoutCorrectionCode" classname="us.deloitteinnovation.aca.batch.ingest.step2.Step2VerifyInsuranceCoverageInformationTest" time="0.006"/>
  <testcase name="testProgramnameWithMoreThan50Chars" classname="us.deloitteinnovation.aca.batch.ingest.step2.Step2VerifyInsuranceCoverageInformationTest" time="0.007"/>
  <testcase name="testPolicyOriginWith1AllowedCharacterLowerCase" classname="us.deloitteinnovation.aca.batch.ingest.step2.Step2VerifyInsuranceCoverageInformationTest" time="0.014"/>
  <testcase name="testCoverageAfterDOB" classname="us.deloitteinnovation.aca.batch.ingest.step2.Step2VerifyInsuranceCoverageInformationTest" time="0.002"/>
  <testcase name="testProgramnameWith50Chars" classname="us.deloitteinnovation.aca.batch.ingest.step2.Step2VerifyInsuranceCoverageInformationTest" time="0.007"/>
  <testcase name="testOriginalCoverageEndDateWith8CharsNotInMMDDYYFormat" classname="us.deloitteinnovation.aca.batch.ingest.step2.Step2VerifyInsuranceCoverageInformationTest" time="0.006"/>
  <testcase name="testProgramNameWithSpecialCharactersAndMoreThan50Chars" classname="us.deloitteinnovation.aca.batch.ingest.step2.Step2VerifyInsuranceCoverageInformationTest" time="0.008"/>
  <testcase name="testPolicyOriginWithSpace" classname="us.deloitteinnovation.aca.batch.ingest.step2.Step2VerifyInsuranceCoverageInformationTest" time="0.016"/>
  <testcase name="testOriginalCoverageBeginDateWithAll9sWithCorrectionCodeC" classname="us.deloitteinnovation.aca.batch.ingest.step2.Step2VerifyInsuranceCoverageInformationTest" time="0.006"/>
  <testcase name="testOriginalCoverageBeginDateWithAll9sWithCorrectionCodeU" classname="us.deloitteinnovation.aca.batch.ingest.step2.Step2VerifyInsuranceCoverageInformationTest" time="0.006"/>
  <testcase name="testCoverageBeginBeforeCoverageEnd" classname="us.deloitteinnovation.aca.batch.ingest.step2.Step2VerifyInsuranceCoverageInformationTest" time="0.007"/>
  <testcase name="testCoverageBeginAfterCoverageEnd" classname="us.deloitteinnovation.aca.batch.ingest.step2.Step2VerifyInsuranceCoverageInformationTest" time="0"/>
  <testcase name="testProgramnameWithLessThan50Chars" classname="us.deloitteinnovation.aca.batch.ingest.step2.Step2VerifyInsuranceCoverageInformationTest" time="0.006"/>
  <testcase name="testNullPolicyOrigin" classname="us.deloitteinnovation.aca.batch.ingest.step2.Step2VerifyInsuranceCoverageInformationTest" time="0.018"/>
  <testcase name="testPolicyOriginWith2Characters" classname="us.deloitteinnovation.aca.batch.ingest.step2.Step2VerifyInsuranceCoverageInformationTest" time="0.016"/>
  <testcase name="testNullOriginalCoverageBeginDate" classname="us.deloitteinnovation.aca.batch.ingest.step2.Step2VerifyInsuranceCoverageInformationTest" time="0.007"/>
  <testcase name="testNullProgramName" classname="us.deloitteinnovation.aca.batch.ingest.step2.Step2VerifyInsuranceCoverageInformationTest" time="0.007"/>
  <testcase name="testCoverageTaxYearBeforeCurrentTaxYear" classname="us.deloitteinnovation.aca.batch.ingest.step2.Step2VerifyInsuranceCoverageInformationTest" time="0.002"/>
  <testcase name="testCoverageBeginEqualsCoverageEnd" classname="us.deloitteinnovation.aca.batch.ingest.step2.Step2VerifyInsuranceCoverageInformationTest" time="0.004"/>
  <testcase name="testCoverageStartingFromDOB" classname="us.deloitteinnovation.aca.batch.ingest.step2.Step2VerifyInsuranceCoverageInformationTest" time="0.003"/>
  <testcase name="testProgramNameWithNumbers" classname="us.deloitteinnovation.aca.batch.ingest.step2.Step2VerifyInsuranceCoverageInformationTest" time="0.006"/>
  <testcase name="testCoverageBeforeDOB" classname="us.deloitteinnovation.aca.batch.ingest.step2.Step2VerifyInsuranceCoverageInformationTest" time="0.002"/>
  <testcase name="testCoverageTaxYearAfterCurrentTaxYear" classname="us.deloitteinnovation.aca.batch.ingest.step2.Step2VerifyInsuranceCoverageInformationTest" time="0.003"/>
  <testcase name="testShopIdentifierWithNonSpaces" classname="us.deloitteinnovation.aca.batch.ingest.step2.Step2VerifyInsuranceCoverageInformationTest" time="0.021"/>
  <testcase name="testCoverageTaxYearWithNullTaxYearAndNullCoverageBeginDt" classname="us.deloitteinnovation.aca.batch.ingest.step2.Step2VerifyInsuranceCoverageInformationTest" time="0.003"/>
  <testcase name="testOriginalCoverageBeginDateWith8CharsNotInMMDDYYFormat" classname="us.deloitteinnovation.aca.batch.ingest.step2.Step2VerifyInsuranceCoverageInformationTest" time="0.005"/>
  <testcase name="testProcess" classname="us.deloitteinnovation.aca.batch.ingest.step2.Step2VerifyInsuranceCoverageInformationTest" time="0">
    <skipped message="Needs some ground work. Ignoring it for now"/>
  </testcase>
  <testcase name="testMinimal" classname="us.deloitteinnovation.aca.batch.ingest.step2.Step2VerifyInsuranceCoverageInformationTest" time="0.002"/>
</testsuite>