<?xml version="1.0" encoding="UTF-8"?>
<testsuite name="us.deloitteinnovation.aca.batch.ingest.step2.Step2VerifyDemographicInformationChangesTest" time="0.96" tests="51" errors="0" skipped="3" failures="0">
  <properties>
[...]
</properties>
  <testcase name="testRecipientMiddleNameForSingleDashInFirst" classname="us.deloitteinnovation.aca.batch.ingest.step2.Step2VerifyDemographicInformationChangesTest" time="0.016"/>
  <testcase name="testRecipientMiddleNameForDoubleDash" classname="us.deloitteinnovation.aca.batch.ingest.step2.Step2VerifyDemographicInformationChangesTest" time="0.034"/>
  <testcase name="testRecipientMiddleNameForSingleDash" classname="us.deloitteinnovation.aca.batch.ingest.step2.Step2VerifyDemographicInformationChangesTest" time="0.023"/>
  <testcase name="testRecipientSuffixForDoubleDash" classname="us.deloitteinnovation.aca.batch.ingest.step2.Step2VerifyDemographicInformationChangesTest" time="0.029"/>
  <testcase name="testRecipientMiddleNameWithOnlyNumbers" classname="us.deloitteinnovation.aca.batch.ingest.step2.Step2VerifyDemographicInformationChangesTest" time="0.019"/>
  <testcase name="testRecipientFirstNameForSingleDashInFirst" classname="us.deloitteinnovation.aca.batch.ingest.step2.Step2VerifyDemographicInformationChangesTest" time="0.02"/>
  <testcase name="testRecipientMiddleNameForAlphaNumeric" classname="us.deloitteinnovation.aca.batch.ingest.step2.Step2VerifyDemographicInformationChangesTest" time="0.017"/>
  <testcase name="testRecipientLastNameForCharsAndSpecialChars" classname="us.deloitteinnovation.aca.batch.ingest.step2.Step2VerifyDemographicInformationChangesTest" time="0.02"/>
  <testcase name="testRecipientFirstNameForNumbersAndSpecialChars" classname="us.deloitteinnovation.aca.batch.ingest.step2.Step2VerifyDemographicInformationChangesTest" time="0.024"/>
  <testcase name="testRecipientLastNameForNumbersAndSpecialChars" classname="us.deloitteinnovation.aca.batch.ingest.step2.Step2VerifyDemographicInformationChangesTest" time="0.02"/>
  <testcase name="testRecipientFirstNameForCharsAndSpaceInMiddle" classname="us.deloitteinnovation.aca.batch.ingest.step2.Step2VerifyDemographicInformationChangesTest" time="0.021"/>
  <testcase name="testRecipientFirstNameForSingleDashInMiddle" classname="us.deloitteinnovation.aca.batch.ingest.step2.Step2VerifyDemographicInformationChangesTest" time="0.022"/>
  <testcase name="testRecipientLastNameForCharsAndSpace" classname="us.deloitteinnovation.aca.batch.ingest.step2.Step2VerifyDemographicInformationChangesTest" time="0.024"/>
  <testcase name="testRecipientLastNameForInValidLength" classname="us.deloitteinnovation.aca.batch.ingest.step2.Step2VerifyDemographicInformationChangesTest" time="0.021"/>
  <testcase name="testRecipientMiddleNameForOnlyChars" classname="us.deloitteinnovation.aca.batch.ingest.step2.Step2VerifyDemographicInformationChangesTest" time="0.026"/>
  <testcase name="testRecipientMiddleNameForSingleDashInMiddle" classname="us.deloitteinnovation.aca.batch.ingest.step2.Step2VerifyDemographicInformationChangesTest" time="0.022"/>
  <testcase name="testRecipientDobWithAllZeros" classname="us.deloitteinnovation.aca.batch.ingest.step2.Step2VerifyDemographicInformationChangesTest" time="0">
    <skipped/>
  </testcase>
  <testcase name="testRecipientSuffixForSpecialChars" classname="us.deloitteinnovation.aca.batch.ingest.step2.Step2VerifyDemographicInformationChangesTest" time="0.021"/>
  <testcase name="testRecipientFirstNameForCharsAndSpace" classname="us.deloitteinnovation.aca.batch.ingest.step2.Step2VerifyDemographicInformationChangesTest" time="0.021"/>
  <testcase name="testRecipientLastNameForSpecialChars" classname="us.deloitteinnovation.aca.batch.ingest.step2.Step2VerifyDemographicInformationChangesTest" time="0.026"/>
  <testcase name="testRecipientMiddleNameWithBlank" classname="us.deloitteinnovation.aca.batch.ingest.step2.Step2VerifyDemographicInformationChangesTest" time="0.027"/>
  <testcase name="testRecipientMiddleNameForNumbersAndSpecialChars" classname="us.deloitteinnovation.aca.batch.ingest.step2.Step2VerifyDemographicInformationChangesTest" time="0.025"/>
  <testcase name="testRecipientMiddleNameForCharsAndSpaceInMiddle" classname="us.deloitteinnovation.aca.batch.ingest.step2.Step2VerifyDemographicInformationChangesTest" time="0.015"/>
  <testcase name="testRecipientLastNameForValidLength" classname="us.deloitteinnovation.aca.batch.ingest.step2.Step2VerifyDemographicInformationChangesTest" time="0.039"/>
  <testcase name="testRecipientFirstNameForSpecialChars" classname="us.deloitteinnovation.aca.batch.ingest.step2.Step2VerifyDemographicInformationChangesTest" time="0.021"/>
  <testcase name="testRecipientFirstNameForDoubleDash" classname="us.deloitteinnovation.aca.batch.ingest.step2.Step2VerifyDemographicInformationChangesTest" time="0.017"/>
  <testcase name="testRecipientMiddleNameForCharsAndSpace" classname="us.deloitteinnovation.aca.batch.ingest.step2.Step2VerifyDemographicInformationChangesTest" time="0.02"/>
  <testcase name="testRecipientFirstNameForInValidLength" classname="us.deloitteinnovation.aca.batch.ingest.step2.Step2VerifyDemographicInformationChangesTest" time="0.019"/>
  <testcase name="testRecipientFirstNameForSingleDash" classname="us.deloitteinnovation.aca.batch.ingest.step2.Step2VerifyDemographicInformationChangesTest" time="0.014"/>
  <testcase name="testRecipientLastNameForCharsAndSpaceInMiddle" classname="us.deloitteinnovation.aca.batch.ingest.step2.Step2VerifyDemographicInformationChangesTest" time="0.014"/>
  <testcase name="testRecipientLastNameForSingleDashInMiddle" classname="us.deloitteinnovation.aca.batch.ingest.step2.Step2VerifyDemographicInformationChangesTest" time="0.017"/>
  <testcase name="testRecipientFirstNameForCharsAndSpecialChars" classname="us.deloitteinnovation.aca.batch.ingest.step2.Step2VerifyDemographicInformationChangesTest" time="0.027"/>
  <testcase name="testRecipientMiddleNameForInValidLength" classname="us.deloitteinnovation.aca.batch.ingest.step2.Step2VerifyDemographicInformationChangesTest" time="0.015"/>
  <testcase name="testRecipientMiddleNameForSpecialChars" classname="us.deloitteinnovation.aca.batch.ingest.step2.Step2VerifyDemographicInformationChangesTest" time="0.014"/>
  <testcase name="testRecipientLastNameForOnlyChars" classname="us.deloitteinnovation.aca.batch.ingest.step2.Step2VerifyDemographicInformationChangesTest" time="0.017"/>
  <testcase name="testRecipientFirstNameForValidLength" classname="us.deloitteinnovation.aca.batch.ingest.step2.Step2VerifyDemographicInformationChangesTest" time="0.015"/>
  <testcase name="testRecipientMiddleNameForCharsAndSpecialChars" classname="us.deloitteinnovation.aca.batch.ingest.step2.Step2VerifyDemographicInformationChangesTest" time="0.02"/>
  <testcase name="testRecipientMiddleNameForValidLength" classname="us.deloitteinnovation.aca.batch.ingest.step2.Step2VerifyDemographicInformationChangesTest" time="0.019"/>
  <testcase name="testRecipientLastNameForDoubleDash" classname="us.deloitteinnovation.aca.batch.ingest.step2.Step2VerifyDemographicInformationChangesTest" time="0.019"/>
  <testcase name="testRecipientFirstNameWithBlank" classname="us.deloitteinnovation.aca.batch.ingest.step2.Step2VerifyDemographicInformationChangesTest" time="0.017"/>
  <testcase name="testRecipientFirstNameForOnlyChars" classname="us.deloitteinnovation.aca.batch.ingest.step2.Step2VerifyDemographicInformationChangesTest" time="0.018"/>
  <testcase name="testRecipientLastNameForSingleDashInFirst" classname="us.deloitteinnovation.aca.batch.ingest.step2.Step2VerifyDemographicInformationChangesTest" time="0.019"/>
  <testcase name="testRecipientLastNameForSingleDash" classname="us.deloitteinnovation.aca.batch.ingest.step2.Step2VerifyDemographicInformationChangesTest" time="0.015"/>
  <testcase name="testRecipientLastNameWithOnlyNumbers" classname="us.deloitteinnovation.aca.batch.ingest.step2.Step2VerifyDemographicInformationChangesTest" time="0.019"/>
  <testcase name="testRecipientLastNameForAlphaNumeric" classname="us.deloitteinnovation.aca.batch.ingest.step2.Step2VerifyDemographicInformationChangesTest" time="0.018"/>
  <testcase name="testRecipientLastNameWithBlank" classname="us.deloitteinnovation.aca.batch.ingest.step2.Step2VerifyDemographicInformationChangesTest" time="0.017"/>
  <testcase name="testRecipientDobWithInvalidDate" classname="us.deloitteinnovation.aca.batch.ingest.step2.Step2VerifyDemographicInformationChangesTest" time="0">
    <skipped/>
  </testcase>
  <testcase name="testRecipientFirstNameWithOnlyNumbers" classname="us.deloitteinnovation.aca.batch.ingest.step2.Step2VerifyDemographicInformationChangesTest" time="0.019"/>
  <testcase name="testRecipientFirstNameForAlphaNumeric" classname="us.deloitteinnovation.aca.batch.ingest.step2.Step2VerifyDemographicInformationChangesTest" time="0.015"/>
  <testcase name="testProcess" classname="us.deloitteinnovation.aca.batch.ingest.step2.Step2VerifyDemographicInformationChangesTest" time="0">
    <skipped message="Needs some ground work. Ignoring it for now"/>
  </testcase>
  <testcase name="testMinimal" classname="us.deloitteinnovation.aca.batch.ingest.step2.Step2VerifyDemographicInformationChangesTest" time="0.003"/>
</testsuite>