<?xml version="1.0" encoding="UTF-8"?>
<testsuite name="us.deloitteinnovation.aca.batch.ingest.step2.Step2VerifyCommunicationPreferencesTest" time="0.613" tests="32" errors="0" skipped="1" failures="0">
  <properties>
[...]
</properties>
  <testcase name="testCommunicationPreferenceWithAlphaNumeric" classname="us.deloitteinnovation.aca.batch.ingest.step2.Step2VerifyCommunicationPreferencesTest" time="0.016"/>
  <testcase name="testMailedFormWithCharSplChar" classname="us.deloitteinnovation.aca.batch.ingest.step2.Step2VerifyCommunicationPreferencesTest" time="0.025"/>
  <testcase name="testCommunicationPreferenceWithInvalidCharValue" classname="us.deloitteinnovation.aca.batch.ingest.step2.Step2VerifyCommunicationPreferencesTest" time="0.029"/>
  <testcase name="testCommunicationPreferenceWith2Number" classname="us.deloitteinnovation.aca.batch.ingest.step2.Step2VerifyCommunicationPreferencesTest" time="0.021"/>
  <testcase name="testCommunicationPreferenceWith1SplChar" classname="us.deloitteinnovation.aca.batch.ingest.step2.Step2VerifyCommunicationPreferencesTest" time="0.02"/>
  <testcase name="testCommunicationPreferenceWith2Char" classname="us.deloitteinnovation.aca.batch.ingest.step2.Step2VerifyCommunicationPreferencesTest" time="0.02"/>
  <testcase name="testCommunicationPreferenceWith3Char" classname="us.deloitteinnovation.aca.batch.ingest.step2.Step2VerifyCommunicationPreferencesTest" time="0.022"/>
  <testcase name="testCommunicationPreferenceWithSpace" classname="us.deloitteinnovation.aca.batch.ingest.step2.Step2VerifyCommunicationPreferencesTest" time="0.018"/>
  <testcase name="testCommunicationPreferenceWithNemericSplChar" classname="us.deloitteinnovation.aca.batch.ingest.step2.Step2VerifyCommunicationPreferencesTest" time="0.014"/>
  <testcase name="testCommunicationPreferenceWithNull" classname="us.deloitteinnovation.aca.batch.ingest.step2.Step2VerifyCommunicationPreferencesTest" time="0.016"/>
  <testcase name="testCommunicationPreferenceWithNumber" classname="us.deloitteinnovation.aca.batch.ingest.step2.Step2VerifyCommunicationPreferencesTest" time="0.024"/>
  <testcase name="testMailedFormWithInValidValue" classname="us.deloitteinnovation.aca.batch.ingest.step2.Step2VerifyCommunicationPreferencesTest" time="0.017"/>
  <testcase name="testCommunicationPreferenceWithSpaces" classname="us.deloitteinnovation.aca.batch.ingest.step2.Step2VerifyCommunicationPreferencesTest" time="0.021"/>
  <testcase name="testCommunicationPreferenceWithValidLowerCaseCharValue" classname="us.deloitteinnovation.aca.batch.ingest.step2.Step2VerifyCommunicationPreferencesTest" time="0.02"/>
  <testcase name="testMailedFormWithSpaces" classname="us.deloitteinnovation.aca.batch.ingest.step2.Step2VerifyCommunicationPreferencesTest" time="0.021"/>
  <testcase name="testCommunicationPreferenceWithCharSplChar" classname="us.deloitteinnovation.aca.batch.ingest.step2.Step2VerifyCommunicationPreferencesTest" time="0.022"/>
  <testcase name="testMailedFormWithValidLoweCaseValue" classname="us.deloitteinnovation.aca.batch.ingest.step2.Step2VerifyCommunicationPreferencesTest" time="0.018"/>
  <testcase name="testMailedFormWithValidValue" classname="us.deloitteinnovation.aca.batch.ingest.step2.Step2VerifyCommunicationPreferencesTest" time="0.018"/>
  <testcase name="testMailedFormWithNullValue" classname="us.deloitteinnovation.aca.batch.ingest.step2.Step2VerifyCommunicationPreferencesTest" time="0.021"/>
  <testcase name="testMailedFormWith1SplChar" classname="us.deloitteinnovation.aca.batch.ingest.step2.Step2VerifyCommunicationPreferencesTest" time="0.024"/>
  <testcase name="testMailedFormWith2Char" classname="us.deloitteinnovation.aca.batch.ingest.step2.Step2VerifyCommunicationPreferencesTest" time="0.022"/>
  <testcase name="testMailedFormWith3Char" classname="us.deloitteinnovation.aca.batch.ingest.step2.Step2VerifyCommunicationPreferencesTest" time="0.021"/>
  <testcase name="testMailedFormWithSpace" classname="us.deloitteinnovation.aca.batch.ingest.step2.Step2VerifyCommunicationPreferencesTest" time="0.02"/>
  <testcase name="testCommunicationPreferenceWith2SplChar" classname="us.deloitteinnovation.aca.batch.ingest.step2.Step2VerifyCommunicationPreferencesTest" time="0.019"/>
  <testcase name="testMailedFormWith1Number" classname="us.deloitteinnovation.aca.batch.ingest.step2.Step2VerifyCommunicationPreferencesTest" time="0.018"/>
  <testcase name="testMailedFormWithNemericSplChar" classname="us.deloitteinnovation.aca.batch.ingest.step2.Step2VerifyCommunicationPreferencesTest" time="0.018"/>
  <testcase name="testMailedFormWithAlphaNumeric" classname="us.deloitteinnovation.aca.batch.ingest.step2.Step2VerifyCommunicationPreferencesTest" time="0.02"/>
  <testcase name="testCommunicationPreferenceWithValidValue" classname="us.deloitteinnovation.aca.batch.ingest.step2.Step2VerifyCommunicationPreferencesTest" time="0.023"/>
  <testcase name="testMailedFormWith2Number" classname="us.deloitteinnovation.aca.batch.ingest.step2.Step2VerifyCommunicationPreferencesTest" time="0.021"/>
  <testcase name="testMailedFormWith2SplChar" classname="us.deloitteinnovation.aca.batch.ingest.step2.Step2VerifyCommunicationPreferencesTest" time="0.02"/>
  <testcase name="testProcess" classname="us.deloitteinnovation.aca.batch.ingest.step2.Step2VerifyCommunicationPreferencesTest" time="0">
    <skipped message="Needs some ground work. Ignoring it for now"/>
  </testcase>
  <testcase name="testMinimal" classname="us.deloitteinnovation.aca.batch.ingest.step2.Step2VerifyCommunicationPreferencesTest" time="0.004"/>
</testsuite>