<?xml version="1.0" encoding="UTF-8"?>
<testsuite name="us.deloitteinnovation.aca.batch.ingest.step2.Step2VerifyProviderInformationChangesTest" time="1.491" tests="86" errors="0" skipped="1" failures="0">
  <properties>
[...]
</properties>
  <testcase name="testProviderContactNumberWithSpChar" classname="us.deloitteinnovation.aca.batch.ingest.step2.Step2VerifyProviderInformationChangesTest" time="0.014"/>
  <testcase name="testProviderZipWithNumbers" classname="us.deloitteinnovation.aca.batch.ingest.step2.Step2VerifyProviderInformationChangesTest" time="0.017"/>
  <testcase name="testCountryWithAllLetters25Characters" classname="us.deloitteinnovation.aca.batch.ingest.step2.Step2VerifyProviderInformationChangesTest" time="0.02"/>
  <testcase name="testStateWithLessThan25Chars" classname="us.deloitteinnovation.aca.batch.ingest.step2.Step2VerifyProviderInformationChangesTest" time="0.022"/>
  <testcase name="testCityWithMoreThan22Chars" classname="us.deloitteinnovation.aca.batch.ingest.step2.Step2VerifyProviderInformationChangesTest" time="0.013"/>
  <testcase name="testProviderZipWith9AlphaNum" classname="us.deloitteinnovation.aca.batch.ingest.step2.Step2VerifyProviderInformationChangesTest" time="0.023"/>
  <testcase name="testEinWith10Chars" classname="us.deloitteinnovation.aca.batch.ingest.step2.Step2VerifyProviderInformationChangesTest" time="0.015"/>
  <testcase name="testProviderZipWith2Zeros" classname="us.deloitteinnovation.aca.batch.ingest.step2.Step2VerifyProviderInformationChangesTest" time="0.017"/>
  <testcase name="testNullProviderName" classname="us.deloitteinnovation.aca.batch.ingest.step2.Step2VerifyProviderInformationChangesTest" time="0.016"/>
  <testcase name="testProviderZipWith3Zeros" classname="us.deloitteinnovation.aca.batch.ingest.step2.Step2VerifyProviderInformationChangesTest" time="0.015"/>
  <testcase name="testProviderZipWith5Zeros" classname="us.deloitteinnovation.aca.batch.ingest.step2.Step2VerifyProviderInformationChangesTest" time="0.016"/>
  <testcase name="testProviderZipWith5Numbers" classname="us.deloitteinnovation.aca.batch.ingest.step2.Step2VerifyProviderInformationChangesTest" time="0.046"/>
  <testcase name="testProviderZipWith6Zeros" classname="us.deloitteinnovation.aca.batch.ingest.step2.Step2VerifyProviderInformationChangesTest" time="0.014"/>
  <testcase name="testStateWithValidStateCodeLowerCase" classname="us.deloitteinnovation.aca.batch.ingest.step2.Step2VerifyProviderInformationChangesTest" time="0.015"/>
  <testcase name="testProviderNameWithNumAndSpecialChars" classname="us.deloitteinnovation.aca.batch.ingest.step2.Step2VerifyProviderInformationChangesTest" time="0.017"/>
  <testcase name="testEinWithSpaces" classname="us.deloitteinnovation.aca.batch.ingest.step2.Step2VerifyProviderInformationChangesTest" time="0.015"/>
  <testcase name="testProvidernameWithLessThan75Chars" classname="us.deloitteinnovation.aca.batch.ingest.step2.Step2VerifyProviderInformationChangesTest" time="0.015"/>
  <testcase name="testProviderNameWithNumbers" classname="us.deloitteinnovation.aca.batch.ingest.step2.Step2VerifyProviderInformationChangesTest" time="0.015"/>
  <testcase name="testEinWithCorrectFormatHavingHyphenAtRightPlace" classname="us.deloitteinnovation.aca.batch.ingest.step2.Step2VerifyProviderInformationChangesTest" time="0.018"/>
  <testcase name="testProvidernameWith75Chars" classname="us.deloitteinnovation.aca.batch.ingest.step2.Step2VerifyProviderInformationChangesTest" time="0.019"/>
  <testcase name="testEinWithCorrectFormatHavingHyphenAtRightPlaceMoreThan10Chars" classname="us.deloitteinnovation.aca.batch.ingest.step2.Step2VerifyProviderInformationChangesTest" time="0.022"/>
  <testcase name="testNullCity" classname="us.deloitteinnovation.aca.batch.ingest.step2.Step2VerifyProviderInformationChangesTest" time="0.022"/>
  <testcase name="testProviderContactNumberWithNumbers" classname="us.deloitteinnovation.aca.batch.ingest.step2.Step2VerifyProviderInformationChangesTest" time="0.017"/>
  <testcase name="testProviderNameWithSpecialCharsAndAlpha" classname="us.deloitteinnovation.aca.batch.ingest.step2.Step2VerifyProviderInformationChangesTest" time="0.02"/>
  <testcase name="testStateWithValidStateCode" classname="us.deloitteinnovation.aca.batch.ingest.step2.Step2VerifyProviderInformationChangesTest" time="0.018"/>
  <testcase name="testProviderContactNumberWithMoreThan10Chars" classname="us.deloitteinnovation.aca.batch.ingest.step2.Step2VerifyProviderInformationChangesTest" time="0.024"/>
  <testcase name="testProviderNameWithSpace" classname="us.deloitteinnovation.aca.batch.ingest.step2.Step2VerifyProviderInformationChangesTest" time="0.02"/>
  <testcase name="testCityWithLessThan22Chars" classname="us.deloitteinnovation.aca.batch.ingest.step2.Step2VerifyProviderInformationChangesTest" time="0.019"/>
  <testcase name="testProviderNameWithNumAndSpecialCharsWith75Chars" classname="us.deloitteinnovation.aca.batch.ingest.step2.Step2VerifyProviderInformationChangesTest" time="0.023"/>
  <testcase name="testProviderZipWithNullValue" classname="us.deloitteinnovation.aca.batch.ingest.step2.Step2VerifyProviderInformationChangesTest" time="0.018"/>
  <testcase name="testProviderZipWithSpaces" classname="us.deloitteinnovation.aca.batch.ingest.step2.Step2VerifyProviderInformationChangesTest" time="0.021"/>
  <testcase name="testProviderNameWithNumAndSpecialCharsMoreThan75Chars" classname="us.deloitteinnovation.aca.batch.ingest.step2.Step2VerifyProviderInformationChangesTest" time="0.025"/>
  <testcase name="testProviderZipWith10Numbers" classname="us.deloitteinnovation.aca.batch.ingest.step2.Step2VerifyProviderInformationChangesTest" time="0.019"/>
  <testcase name="testProviderNameWithNumAndSpecialCharsAndAlpha" classname="us.deloitteinnovation.aca.batch.ingest.step2.Step2VerifyProviderInformationChangesTest" time="0.016"/>
  <testcase name="testProviderNameWithDoubleDash" classname="us.deloitteinnovation.aca.batch.ingest.step2.Step2VerifyProviderInformationChangesTest" time="0.026"/>
  <testcase name="testProviderContactNumberWithLessThan10Chars" classname="us.deloitteinnovation.aca.batch.ingest.step2.Step2VerifyProviderInformationChangesTest" time="0.015"/>
  <testcase name="testProviderNameWithNumAndSpecialCharsWith75CharsAndAlpha" classname="us.deloitteinnovation.aca.batch.ingest.step2.Step2VerifyProviderInformationChangesTest" time="0.017"/>
  <testcase name="testProviderNameWithAllowedSpCharsAlphaNum" classname="us.deloitteinnovation.aca.batch.ingest.step2.Step2VerifyProviderInformationChangesTest" time="0.017"/>
  <testcase name="testCityWith22Chars" classname="us.deloitteinnovation.aca.batch.ingest.step2.Step2VerifyProviderInformationChangesTest" time="0.017"/>
  <testcase name="testEinWithCorrectFormatMoreThan10Chars" classname="us.deloitteinnovation.aca.batch.ingest.step2.Step2VerifyProviderInformationChangesTest" time="0.021"/>
  <testcase name="testProviderNameWithRestrictedSpCharsAlphaNum" classname="us.deloitteinnovation.aca.batch.ingest.step2.Step2VerifyProviderInformationChangesTest" time="0.017"/>
  <testcase name="testProviderContactNumberWithNumbersMoreThan10Digits" classname="us.deloitteinnovation.aca.batch.ingest.step2.Step2VerifyProviderInformationChangesTest" time="0.018"/>
  <testcase name="testCountryWithAllSpecialCharacters" classname="us.deloitteinnovation.aca.batch.ingest.step2.Step2VerifyProviderInformationChangesTest" time="0.017"/>
  <testcase name="testCityWithAllowedSpecialCharsAndAlphaHavingMoreThan22Chars" classname="us.deloitteinnovation.aca.batch.ingest.step2.Step2VerifyProviderInformationChangesTest" time="0.016"/>
  <testcase name="testCityWithAllowedSpecialCharsAndAlpha" classname="us.deloitteinnovation.aca.batch.ingest.step2.Step2VerifyProviderInformationChangesTest" time="0.014"/>
  <testcase name="testNullProviderContactNumberWithSpace" classname="us.deloitteinnovation.aca.batch.ingest.step2.Step2VerifyProviderInformationChangesTest" time="0.018"/>
  <testcase name="testEinWithSpace" classname="us.deloitteinnovation.aca.batch.ingest.step2.Step2VerifyProviderInformationChangesTest" time="0.013"/>
  <testcase name="testProviderNameWithSpaces" classname="us.deloitteinnovation.aca.batch.ingest.step2.Step2VerifyProviderInformationChangesTest" time="0.015"/>
  <testcase name="testProviderNameWithDoubleDashAlphaNum" classname="us.deloitteinnovation.aca.batch.ingest.step2.Step2VerifyProviderInformationChangesTest" time="0.017"/>
  <testcase name="testProviderZipWith6Numbers" classname="us.deloitteinnovation.aca.batch.ingest.step2.Step2VerifyProviderInformationChangesTest" time="0.014"/>
  <testcase name="testProviderNameWithSpecialChars" classname="us.deloitteinnovation.aca.batch.ingest.step2.Step2VerifyProviderInformationChangesTest" time="0.016"/>
  <testcase name="testEinWithMoreThan10Chars" classname="us.deloitteinnovation.aca.batch.ingest.step2.Step2VerifyProviderInformationChangesTest" time="0.02"/>
  <testcase name="testEinWithCorrectFormatHavingHyphenAtWrongPlace" classname="us.deloitteinnovation.aca.batch.ingest.step2.Step2VerifyProviderInformationChangesTest" time="0.015"/>
  <testcase name="testProviderNameWithNumAndSpecialCharsMoreThan75CharsAndAlpha" classname="us.deloitteinnovation.aca.batch.ingest.step2.Step2VerifyProviderInformationChangesTest" time="0.017"/>
  <testcase name="testCountryWithAllNumbers" classname="us.deloitteinnovation.aca.batch.ingest.step2.Step2VerifyProviderInformationChangesTest" time="0.018"/>
  <testcase name="testStateWithInValidStateCodeLowercase" classname="us.deloitteinnovation.aca.batch.ingest.step2.Step2VerifyProviderInformationChangesTest" time="0.013"/>
  <testcase name="testCityWithNumbers" classname="us.deloitteinnovation.aca.batch.ingest.step2.Step2VerifyProviderInformationChangesTest" time="0.013"/>
  <testcase name="testCountryWithAllLettersMoreThan25Characters" classname="us.deloitteinnovation.aca.batch.ingest.step2.Step2VerifyProviderInformationChangesTest" time="0.015"/>
  <testcase name="testCountryWithMoreThan25Chars" classname="us.deloitteinnovation.aca.batch.ingest.step2.Step2VerifyProviderInformationChangesTest" time="0.017"/>
  <testcase name="testNullProviderContactNumber" classname="us.deloitteinnovation.aca.batch.ingest.step2.Step2VerifyProviderInformationChangesTest" time="0.019"/>
  <testcase name="testStateWithInValidStateCode" classname="us.deloitteinnovation.aca.batch.ingest.step2.Step2VerifyProviderInformationChangesTest" time="0.016"/>
  <testcase name="testEinWithCorrectFormat" classname="us.deloitteinnovation.aca.batch.ingest.step2.Step2VerifyProviderInformationChangesTest" time="0.017"/>
  <testcase name="testEinWithLessThan10Chars" classname="us.deloitteinnovation.aca.batch.ingest.step2.Step2VerifyProviderInformationChangesTest" time="0.01"/>
  <testcase name="testStateWithSpaces" classname="us.deloitteinnovation.aca.batch.ingest.step2.Step2VerifyProviderInformationChangesTest" time="0.017"/>
  <testcase name="testProviderZipWith9Numbers" classname="us.deloitteinnovation.aca.batch.ingest.step2.Step2VerifyProviderInformationChangesTest" time="0.016"/>
  <testcase name="testProviderZipWith5AlphaNum" classname="us.deloitteinnovation.aca.batch.ingest.step2.Step2VerifyProviderInformationChangesTest" time="0.012"/>
  <testcase name="testProviderContactNumberWith10Chars" classname="us.deloitteinnovation.aca.batch.ingest.step2.Step2VerifyProviderInformationChangesTest" time="0.015"/>
  <testcase name="testCityWithSpecialChars" classname="us.deloitteinnovation.aca.batch.ingest.step2.Step2VerifyProviderInformationChangesTest" time="0.013"/>
  <testcase name="testNullProviderContactNumberWithSpaces" classname="us.deloitteinnovation.aca.batch.ingest.step2.Step2VerifyProviderInformationChangesTest" time="0.014"/>
  <testcase name="testCountryWithLessThan25Chars" classname="us.deloitteinnovation.aca.batch.ingest.step2.Step2VerifyProviderInformationChangesTest" time="0.016"/>
  <testcase name="testCityWithNotAllowedSpecialCharsAndAlpha" classname="us.deloitteinnovation.aca.batch.ingest.step2.Step2VerifyProviderInformationChangesTest" time="0.022"/>
  <testcase name="testProviderNameWithNumbersAndAlpha" classname="us.deloitteinnovation.aca.batch.ingest.step2.Step2VerifyProviderInformationChangesTest" time="0.015"/>
  <testcase name="testCountryWith25Chars" classname="us.deloitteinnovation.aca.batch.ingest.step2.Step2VerifyProviderInformationChangesTest" time="0.018"/>
  <testcase name="testProviderZipWithNonNumbers" classname="us.deloitteinnovation.aca.batch.ingest.step2.Step2VerifyProviderInformationChangesTest" time="0.018"/>
  <testcase name="testStateWith25Chars" classname="us.deloitteinnovation.aca.batch.ingest.step2.Step2VerifyProviderInformationChangesTest" time="0.019"/>
  <testcase name="testStateWithMoreThan25Chars" classname="us.deloitteinnovation.aca.batch.ingest.step2.Step2VerifyProviderInformationChangesTest" time="0.02"/>
  <testcase name="testNullState" classname="us.deloitteinnovation.aca.batch.ingest.step2.Step2VerifyProviderInformationChangesTest" time="0.018"/>
  <testcase name="testProviderNameWithRestrictedSpChars" classname="us.deloitteinnovation.aca.batch.ingest.step2.Step2VerifyProviderInformationChangesTest" time="0.021"/>
  <testcase name="testCountryWithAllLettersLessThan25Characters" classname="us.deloitteinnovation.aca.batch.ingest.step2.Step2VerifyProviderInformationChangesTest" time="0.017"/>
  <testcase name="testCityWithSpace" classname="us.deloitteinnovation.aca.batch.ingest.step2.Step2VerifyProviderInformationChangesTest" time="0.016"/>
  <testcase name="testNullEin" classname="us.deloitteinnovation.aca.batch.ingest.step2.Step2VerifyProviderInformationChangesTest" time="0.019"/>
  <testcase name="testNullCountry" classname="us.deloitteinnovation.aca.batch.ingest.step2.Step2VerifyProviderInformationChangesTest" time="0.019"/>
  <testcase name="testProviderContactNumberWithNumbersHaving10Digits" classname="us.deloitteinnovation.aca.batch.ingest.step2.Step2VerifyProviderInformationChangesTest" time="0.02"/>
  <testcase name="testProvidernameWithMoreThan75Chars" classname="us.deloitteinnovation.aca.batch.ingest.step2.Step2VerifyProviderInformationChangesTest" time="0.02"/>
  <testcase name="testProcess" classname="us.deloitteinnovation.aca.batch.ingest.step2.Step2VerifyProviderInformationChangesTest" time="0">
    <skipped message="Needs some ground work. Ignoring it for now"/>
  </testcase>
  <testcase name="testMinimal" classname="us.deloitteinnovation.aca.batch.ingest.step2.Step2VerifyProviderInformationChangesTest" time="0.002"/>
</testsuite>