<?xml version="1.0" encoding="UTF-8"?>
<testsuite name="us.deloitteinnovation.aca.batch.ingest.InputFileMetaDataTest" time="0" tests="1" errors="0" skipped="1" failures="0">
  <properties>
[...]
</properties>
  <testcase name="testFileNameMetaData" classname="us.deloitteinnovation.aca.batch.ingest.InputFileMetaDataTest" time="0">
    <skipped/>
    <system-out><![CDATA[15:32:43,886 |-INFO in ch.qos.logback.classic.LoggerContext[default] - Could NOT find resource [logback.groovy]
15:32:43,887 |-INFO in ch.qos.logback.classic.LoggerContext[default] - Could NOT find resource [logback-test.xml]
15:32:43,887 |-INFO in ch.qos.logback.classic.LoggerContext[default] - Found resource [logback.xml] at [file:/C:/PROJECTS/ACA1095B/1095b/aca-1095B-file-ingestion/target/classes/logback.xml]
15:32:44,096 |-INFO in ch.qos.logback.classic.joran.action.ConfigurationAction - debug attribute not set
15:32:44,120 |-INFO in ch.qos.logback.classic.joran.action.ConfigurationAction - Setting ReconfigureOnChangeFilter scanning period to 3 seconds
15:32:44,120 |-INFO in ReconfigureOnChangeFilter{invocationCounter=0} - Will scan for changes in [[C:\PROJECTS\ACA1095B\1095b\aca-1095B-file-ingestion\target\classes\logback.xml]] every 3 seconds. 
15:32:44,120 |-INFO in ch.qos.logback.classic.joran.action.ConfigurationAction - Adding ReconfigureOnChangeFilter as a turbo filter
15:32:44,125 |-INFO in ch.qos.logback.core.joran.action.AppenderAction - About to instantiate appender of type [ch.qos.logback.core.FileAppender]
15:32:44,139 |-INFO in ch.qos.logback.core.joran.action.AppenderAction - Naming appender as [IMPORTLOGFILE]
15:32:44,194 |-INFO in ch.qos.logback.core.joran.action.NestedComplexPropertyIA - Assuming default type [ch.qos.logback.classic.encoder.PatternLayoutEncoder] for [encoder] property
15:32:44,329 |-INFO in ch.qos.logback.core.FileAppender[IMPORTLOGFILE] - File property is set to [/var/log/aca1095b/aca_import_batch.log]
15:32:44,332 |-INFO in ch.qos.logback.core.joran.action.AppenderAction - About to instantiate appender of type [ch.qos.logback.core.rolling.RollingFileAppender]
15:32:44,334 |-INFO in ch.qos.logback.core.joran.action.AppenderAction - Naming appender as [IMPORTLOGFILE_ROLLING]
15:32:44,376 |-INFO in c.q.l.core.rolling.TimeBasedRollingPolicy - No compression will be used
15:32:44,381 |-INFO in c.q.l.core.rolling.TimeBasedRollingPolicy - Will use the pattern /var/log/aca1095b/aca_import_batch_rolling.%d.%i.log for the active file
15:32:44,388 |-INFO in ch.qos.logback.core.rolling.SizeAndTimeBasedFNATP@66ec9390 - The date pattern is 'yyyy-MM-dd' from file name pattern '/var/log/aca1095b/aca_import_batch_rolling.%d.%i.log'.
15:32:44,388 |-INFO in ch.qos.logback.core.rolling.SizeAndTimeBasedFNATP@66ec9390 - Roll-over at midnight.
15:32:44,394 |-INFO in ch.qos.logback.core.rolling.SizeAndTimeBasedFNATP@66ec9390 - Setting initial period to Wed Dec 21 14:45:32 IST 2016
15:32:44,400 |-INFO in ch.qos.logback.core.joran.action.NestedComplexPropertyIA - Assuming default type [ch.qos.logback.classic.encoder.PatternLayoutEncoder] for [encoder] property
15:32:44,406 |-INFO in ch.qos.logback.core.rolling.RollingFileAppender[IMPORTLOGFILE_ROLLING] - Active log file name: /var/log/aca1095b/aca_import_batch_rolling.log
15:32:44,406 |-INFO in ch.qos.logback.core.rolling.RollingFileAppender[IMPORTLOGFILE_ROLLING] - File property is set to [/var/log/aca1095b/aca_import_batch_rolling.log]
15:32:44,407 |-INFO in ch.qos.logback.core.joran.action.AppenderAction - About to instantiate appender of type [ch.qos.logback.core.FileAppender]
15:32:44,407 |-INFO in ch.qos.logback.core.joran.action.AppenderAction - Naming appender as [IMPORT-PROCESS-AUDIT-LOG-FILE]
15:32:44,408 |-INFO in ch.qos.logback.core.joran.action.NestedComplexPropertyIA - Assuming default type [ch.qos.logback.classic.encoder.PatternLayoutEncoder] for [encoder] property
15:32:44,409 |-INFO in ch.qos.logback.core.FileAppender[IMPORT-PROCESS-AUDIT-LOG-FILE] - File property is set to [/var/log/aca1095b/aca_import_batch_audit.log]
15:32:44,410 |-INFO in ch.qos.logback.classic.joran.action.LoggerAction - Setting level of logger [root] to ERROR
15:32:44,410 |-INFO in ch.qos.logback.core.joran.action.AppenderRefAction - Attaching appender named [IMPORTLOGFILE] to Logger[ROOT]
15:32:44,412 |-INFO in ch.qos.logback.core.joran.action.AppenderRefAction - Attaching appender named [IMPORTLOGFILE_ROLLING] to Logger[ROOT]
15:32:44,421 |-ERROR in ch.qos.logback.core.joran.spi.Interpreter@36:45 - no applicable action for [springProfile], current ElementPath  is [[configuration][springProfile]]
15:32:44,421 |-ERROR in ch.qos.logback.core.joran.spi.Interpreter@37:70 - no applicable action for [logger], current ElementPath  is [[configuration][springProfile][logger]]
15:32:44,421 |-ERROR in ch.qos.logback.core.joran.spi.Interpreter@38:58 - no applicable action for [logger], current ElementPath  is [[configuration][springProfile][logger]]
15:32:44,421 |-ERROR in ch.qos.logback.core.joran.spi.Interpreter@39:62 - no applicable action for [logger], current ElementPath  is [[configuration][springProfile][logger]]
15:32:44,421 |-ERROR in ch.qos.logback.core.joran.spi.Interpreter@40:64 - no applicable action for [logger], current ElementPath  is [[configuration][springProfile][logger]]
15:32:44,422 |-ERROR in ch.qos.logback.core.joran.spi.Interpreter@41:63 - no applicable action for [logger], current ElementPath  is [[configuration][springProfile][logger]]
15:32:44,422 |-ERROR in ch.qos.logback.core.joran.spi.Interpreter@42:57 - no applicable action for [logger], current ElementPath  is [[configuration][springProfile][logger]]
15:32:44,422 |-ERROR in ch.qos.logback.core.joran.spi.Interpreter@43:59 - no applicable action for [logger], current ElementPath  is [[configuration][springProfile][logger]]
15:32:44,422 |-ERROR in ch.qos.logback.core.joran.spi.Interpreter@44:73 - no applicable action for [logger], current ElementPath  is [[configuration][springProfile][logger]]
15:32:44,422 |-ERROR in ch.qos.logback.core.joran.spi.Interpreter@45:96 - no applicable action for [logger], current ElementPath  is [[configuration][springProfile][logger]]
15:32:44,422 |-ERROR in ch.qos.logback.core.joran.spi.Interpreter@46:64 - no applicable action for [appender-ref], current ElementPath  is [[configuration][springProfile][logger][appender-ref]]
15:32:44,423 |-ERROR in ch.qos.logback.core.joran.spi.Interpreter@50:47 - no applicable action for [springProfile], current ElementPath  is [[configuration][springProfile]]
15:32:44,423 |-ERROR in ch.qos.logback.core.joran.spi.Interpreter@51:70 - no applicable action for [logger], current ElementPath  is [[configuration][springProfile][logger]]
15:32:44,423 |-ERROR in ch.qos.logback.core.joran.spi.Interpreter@52:58 - no applicable action for [logger], current ElementPath  is [[configuration][springProfile][logger]]
15:32:44,423 |-ERROR in ch.qos.logback.core.joran.spi.Interpreter@53:62 - no applicable action for [logger], current ElementPath  is [[configuration][springProfile][logger]]
15:32:44,423 |-ERROR in ch.qos.logback.core.joran.spi.Interpreter@54:64 - no applicable action for [logger], current ElementPath  is [[configuration][springProfile][logger]]
15:32:44,423 |-ERROR in ch.qos.logback.core.joran.spi.Interpreter@55:63 - no applicable action for [logger], current ElementPath  is [[configuration][springProfile][logger]]
15:32:44,423 |-ERROR in ch.qos.logback.core.joran.spi.Interpreter@56:57 - no applicable action for [logger], current ElementPath  is [[configuration][springProfile][logger]]
15:32:44,424 |-ERROR in ch.qos.logback.core.joran.spi.Interpreter@57:59 - no applicable action for [logger], current ElementPath  is [[configuration][springProfile][logger]]
15:32:44,424 |-ERROR in ch.qos.logback.core.joran.spi.Interpreter@58:73 - no applicable action for [logger], current ElementPath  is [[configuration][springProfile][logger]]
15:32:44,424 |-ERROR in ch.qos.logback.core.joran.spi.Interpreter@59:96 - no applicable action for [logger], current ElementPath  is [[configuration][springProfile][logger]]
15:32:44,424 |-ERROR in ch.qos.logback.core.joran.spi.Interpreter@60:64 - no applicable action for [appender-ref], current ElementPath  is [[configuration][springProfile][logger][appender-ref]]
15:32:44,424 |-INFO in ch.qos.logback.classic.joran.action.ConfigurationAction - End of configuration.
15:32:44,426 |-INFO in ch.qos.logback.classic.joran.JoranConfigurator@6e91893 - Registering current configuration as safe fallback point

]]></system-out>
    <system-err><![CDATA[SLF4J: Class path contains multiple SLF4J bindings.
SLF4J: Found binding in [jar:file:/C:/Users/rbongurala/.m2/repository/ch/qos/logback/logback-classic/1.1.5/logback-classic-1.1.5.jar!/org/slf4j/impl/StaticLoggerBinder.class]
SLF4J: Found binding in [jar:file:/C:/Users/rbongurala/.m2/repository/org/slf4j/slf4j-log4j12/1.7.16/slf4j-log4j12-1.7.16.jar!/org/slf4j/impl/StaticLoggerBinder.class]
SLF4J: See http://www.slf4j.org/codes.html#multiple_bindings for an explanation.
SLF4J: Actual binding is of type [ch.qos.logback.classic.util.ContextSelectorStaticBinder]
]]></system-err>
  </testcase>
</testsuite>