GROUP,PACKAGE,CLASS,INSTRUCTION_MISSED,INSTRUCTION_COVERED,BRANCH_MISSED,BRANCH_COVERED,LINE_MISSED,LINE_COVERED,COMPLEXITY_MISSED,COMPLEXITY_COVERED,METHOD_MISSED,METHOD_COVERED
ACA 1095B - Error Reporting,us.gov.treasury.irs.msg.acabusinessheader,ObjectFactory,25,0,0,0,6,0,4,0,4,0
ACA 1095B - Error Reporting,us.gov.treasury.irs.msg.form1094_1095bctransmittermessage,ObjectFactory,10,0,0,0,4,0,3,0,3,0
ACA 1095B - Error Reporting,us.gov.treasury.irs.msg.form1094_1095bctransmittermessage.impl,FormBCTransmitterSubmissionDtlImpl,0,11,0,0,0,4,0,3,0,3
ACA 1095B - Error Reporting,us.gov.treasury.irs.msg.form1094_1095bctransmittermessage.impl,ObjectFactory,7,0,0,0,3,0,2,0,2,0
ACA 1095B - Error Reporting,us.gov.treasury.irs.msg.form1094_1095bctransmittermessage.impl,JAXBContextFactory,135,0,12,0,31,0,10,0,4,0
ACA 1095B - Error Reporting,us.gov.treasury.irs.msg.form1094_1095bctransmittermessage.impl,JAXBContextFactory.new PrivilegedAction() {...},10,0,0,0,2,0,2,0,2,0
ACA 1095B - Error Reporting,us.deloitteinnovation.aca.batch.constants,IrsErrorReportingContants,3,0,0,0,1,0,1,0,1,0
ACA 1095B - Error Reporting,org.oasis_open.docs.wss._2004._01.oasis_200401_wss_wssecurity_utility_1_0,ObjectFactory,48,0,0,0,10,0,7,0,7,0
ACA 1095B - Error Reporting,us.gov.treasury.irs.msg.acauibusinessheader,ObjectFactory,10,0,0,0,4,0,3,0,3,0
ACA 1095B - Error Reporting,us.gov.treasury.irs.msg.form1094_1095ctransmitterupstreammessage,ObjectFactory,10,0,0,0,4,0,3,0,3,0
ACA 1095B - Error Reporting,us.gov.treasury.irs.msg.form1094_1095btransmitterupstreammessage.impl,ObjectFactory,7,0,0,0,3,0,2,0,2,0
ACA 1095B - Error Reporting,us.gov.treasury.irs.msg.form1094_1095btransmitterupstreammessage.impl,Form109495BTransmittalUpstreamImpl,14,0,2,0,4,0,3,0,2,0
ACA 1095B - Error Reporting,us.gov.treasury.irs.msg.form1094_1095btransmitterupstreammessage.impl,JAXBContextFactory.new PrivilegedAction() {...},10,0,0,0,2,0,2,0,2,0
ACA 1095B - Error Reporting,us.gov.treasury.irs.msg.form1094_1095btransmitterupstreammessage.impl,JAXBContextFactory,135,0,12,0,31,0,10,0,4,0
ACA 1095B - Error Reporting,us.deloitteinnovation.aca.batch.dto,ErrorDetailsDTO,13,35,0,0,5,13,4,7,4,7
ACA 1095B - Error Reporting,us.deloitteinnovation.aca.batch.dto,TransmitterErrorDetailGrpDTO,35,13,0,0,15,5,10,3,10,3
ACA 1095B - Error Reporting,us.gov.treasury.irs.ext.aca.air._7.impl,TINValidateNameResponseDetailTypeImpl,30,0,2,0,10,0,7,0,6,0
ACA 1095B - Error Reporting,us.gov.treasury.irs.ext.aca.air._7.impl,ALEMemberMonthlyInfoGrpTypeImpl,38,0,0,0,16,0,11,0,11,0
ACA 1095B - Error Reporting,us.gov.treasury.irs.ext.aca.air._7.impl,CoveredIndvidualMonthlyDetailGrpImpl,14,0,2,0,4,0,3,0,2,0
ACA 1095B - Error Reporting,us.gov.treasury.irs.ext.aca.air._7.impl,USAddressGrpImpl,45,0,0,0,19,0,13,0,13,0
ACA 1095B - Error Reporting,us.gov.treasury.irs.ext.aca.air._7.impl,TransmitterRecordDetailImpl,77,0,2,0,31,0,21,0,20,0
ACA 1095B - Error Reporting,us.gov.treasury.irs.ext.aca.air._7.impl,MonthIndicatorDetailImpl,17,0,0,0,7,0,5,0,5,0
ACA 1095B - Error Reporting,us.gov.treasury.irs.ext.aca.air._7.impl,CompletePersonNameDetailTypeImpl,22,0,2,0,7,0,5,0,4,0
ACA 1095B - Error Reporting,us.gov.treasury.irs.ext.aca.air._7.impl,EmployerInformationGrpImpl,55,0,0,0,22,0,15,0,15,0
ACA 1095B - Error Reporting,us.gov.treasury.irs.ext.aca.air._7.impl,MonthlyPolicyInformationDetailTypeImpl,35,0,2,0,13,0,9,0,8,0
ACA 1095B - Error Reporting,us.gov.treasury.irs.ext.aca.air._7.impl,MonthPolicyTotalAmountsDetailImpl,18,0,0,0,7,0,5,0,5,0
ACA 1095B - Error Reporting,us.gov.treasury.irs.ext.aca.air._7.impl,OtherCompletePersonNameTypeImpl,31,0,0,0,13,0,9,0,9,0
ACA 1095B - Error Reporting,us.gov.treasury.irs.ext.aca.air._7.impl,ACABulkReqTrnsmtRespGrpHeaderImpl,38,0,0,0,16,0,11,0,11,0
ACA 1095B - Error Reporting,us.gov.treasury.irs.ext.aca.air._7.impl,EmployeeOfferAndCoverageGrpImpl,48,0,0,0,19,0,13,0,13,0
ACA 1095B - Error Reporting,us.gov.treasury.irs.ext.aca.air._7.impl,NameControlTypeImpl,17,0,0,0,7,0,5,0,5,0
ACA 1095B - Error Reporting,us.gov.treasury.irs.ext.aca.air._7.impl,EmployeeCoverageImpl,40,0,0,0,16,0,11,0,11,0
ACA 1095B - Error Reporting,us.gov.treasury.irs.ext.aca.air._7.impl,Form1095CUpstreamDetailImpl,101,0,2,0,40,0,27,0,26,0
ACA 1095B - Error Reporting,us.gov.treasury.irs.ext.aca.air._7.impl,MonthlyIndicatorGrpTypeImpl,25,0,4,0,7,0,5,0,3,0
ACA 1095B - Error Reporting,us.gov.treasury.irs.ext.aca.air._7.impl,RecipientPolicyDetailImpl,42,0,2,0,16,0,11,0,10,0
ACA 1095B - Error Reporting,us.gov.treasury.irs.ext.aca.air._7.impl,ACABulkReqTrnsmtStsRespGrpDtlImpl,10,0,0,0,4,0,3,0,3,0
ACA 1095B - Error Reporting,us.gov.treasury.irs.ext.aca.air._7.impl,InsuranceCoverageImpl,77,0,2,0,31,0,21,0,20,0
ACA 1095B - Error Reporting,us.gov.treasury.irs.ext.aca.air._7.impl,NameControlValResultDetailImpl,31,0,0,0,13,0,9,0,9,0
ACA 1095B - Error Reporting,us.gov.treasury.irs.ext.aca.air._7.impl,RecipientSpouseDetailImpl,44,0,2,0,16,0,11,0,10,0
ACA 1095B - Error Reporting,us.gov.treasury.irs.ext.aca.air._7.impl,MonthCountDetailImpl,17,0,0,0,7,0,5,0,5,0
ACA 1095B - Error Reporting,us.gov.treasury.irs.ext.aca.air._7.impl,CoveredIndividual1095BDetailImpl,66,0,2,0,25,0,17,0,16,0
ACA 1095B - Error Reporting,us.gov.treasury.irs.ext.aca.air._7.impl,TransmissionDetailImpl,49,0,2,0,19,0,13,0,12,0
ACA 1095B - Error Reporting,us.gov.treasury.irs.ext.aca.air._7.impl,ACATransmitterManifestRespDtlImpl,81,0,0,0,34,0,23,0,23,0
ACA 1095B - Error Reporting,us.gov.treasury.irs.ext.aca.air._7.impl,GovtEntityEmployerInfoGrpImpl,55,0,0,0,22,0,15,0,15,0
ACA 1095B - Error Reporting,us.gov.treasury.irs.ext.aca.air._7.impl,TotalMonthlyCountsGrpTypeImpl,25,0,4,0,7,0,5,0,3,0
ACA 1095B - Error Reporting,us.gov.treasury.irs.ext.aca.air._7.impl,RecipientPolicyCoverageDtlImpl,31,0,0,0,13,0,9,0,9,0
ACA 1095B - Error Reporting,us.gov.treasury.irs.ext.aca.air._7.impl,RecipientDetailImpl,52,0,2,0,19,0,13,0,12,0
ACA 1095B - Error Reporting,us.gov.treasury.irs.ext.aca.air._7.impl,ACATransmitterManifestReqDtlImpl,147,0,0,0,60,0,40,0,40,0
ACA 1095B - Error Reporting,us.gov.treasury.irs.ext.aca.air._7.impl,CompanyInformationGrpImpl,33,0,0,0,13,0,9,0,9,0
ACA 1095B - Error Reporting,us.gov.treasury.irs.ext.aca.air._7.impl,ACABatchDetailTypeImpl,45,0,0,0,19,0,13,0,13,0
ACA 1095B - Error Reporting,us.gov.treasury.irs.ext.aca.air._7.impl,TINValidateNameRequestDetailImpl,24,0,0,0,10,0,7,0,7,0
ACA 1095B - Error Reporting,us.gov.treasury.irs.ext.aca.air._7.impl,ACABatchSubmsnReqGrpHeaderTypeImpl,38,0,0,0,16,0,11,0,11,0
ACA 1095B - Error Reporting,us.gov.treasury.irs.ext.aca.air._7.impl,BusinessNameTypeImpl,17,0,0,0,7,0,5,0,5,0
ACA 1095B - Error Reporting,us.gov.treasury.irs.ext.aca.air._7.impl,CoveredIndividual1095BGrpImpl,14,0,2,0,4,0,3,0,2,0
ACA 1095B - Error Reporting,us.gov.treasury.irs.ext.aca.air._7.impl,AmountByMonthDetailTypeImpl,87,0,0,0,37,0,25,0,25,0
ACA 1095B - Error Reporting,us.gov.treasury.irs.ext.aca.air._7.impl,SponsoringEmployerInfoGrpImpl,40,0,0,0,16,0,11,0,11,0
ACA 1095B - Error Reporting,us.gov.treasury.irs.ext.aca.air._7.impl,ExemptionCoverageImpl,39,0,0,0,16,0,11,0,11,0
ACA 1095B - Error Reporting,us.gov.treasury.irs.ext.aca.air._7.impl,OtherALEMembersGrpImpl,32,0,0,0,13,0,9,0,9,0
ACA 1095B - Error Reporting,us.gov.treasury.irs.ext.aca.air._7.impl,ACAAttachmentDetailTypeImpl,45,0,0,0,19,0,13,0,13,0
ACA 1095B - Error Reporting,us.gov.treasury.irs.ext.aca.air._7.impl,TransmitterErrorDetailGrpImpl,11,31,1,1,5,11,4,7,3,7
ACA 1095B - Error Reporting,us.gov.treasury.irs.ext.aca.air._7.impl,InsurancePolicyImpl,14,0,2,0,4,0,3,0,2,0
ACA 1095B - Error Reporting,us.gov.treasury.irs.ext.aca.air._7.impl,EPDPersonTypeImpl,25,0,0,0,10,0,7,0,7,0
ACA 1095B - Error Reporting,us.gov.treasury.irs.ext.aca.air._7.impl,ACATransmitterRequestAckGrpImpl,17,0,0,0,7,0,5,0,5,0
ACA 1095B - Error Reporting,us.gov.treasury.irs.ext.aca.air._7.impl,CorrectedRecordInfoGrpImpl,25,0,0,0,10,0,7,0,7,0
ACA 1095B - Error Reporting,us.gov.treasury.irs.ext.aca.air._7.impl,MonthlyCoveredIndivIndGrpTypeImpl,25,0,4,0,7,0,5,0,3,0
ACA 1095B - Error Reporting,us.gov.treasury.irs.ext.aca.air._7.impl,CoverageHouseholdImpl,14,0,2,0,4,0,3,0,2,0
ACA 1095B - Error Reporting,us.gov.treasury.irs.ext.aca.air._7.impl,CoveredIndividualGrpImpl,54,0,0,0,22,0,15,0,15,0
ACA 1095B - Error Reporting,us.gov.treasury.irs.ext.aca.air._7.impl,EmployerDetailImpl,66,0,2,0,25,0,17,0,16,0
ACA 1095B - Error Reporting,us.gov.treasury.irs.ext.aca.air._7.impl,MonthAmountDetailImpl,17,0,0,0,7,0,5,0,5,0
ACA 1095B - Error Reporting,us.gov.treasury.irs.ext.aca.air._7.impl,BusinessAddressGrpTypeImpl,19,0,0,0,7,0,5,0,5,0
ACA 1095B - Error Reporting,us.gov.treasury.irs.ext.aca.air._7.impl,ExemptionImpl,14,0,2,0,4,0,3,0,2,0
ACA 1095B - Error Reporting,us.gov.treasury.irs.ext.aca.air._7.impl,Form1094CUpstreamDetailImpl,183,0,4,0,73,0,49,0,47,0
ACA 1095B - Error Reporting,us.gov.treasury.irs.ext.aca.air._7.impl,ACATransmitterResponseAckGrpImpl,17,0,0,0,7,0,5,0,5,0
ACA 1095B - Error Reporting,us.gov.treasury.irs.ext.aca.air._7.impl,ACABulkRequestTransmitterResponseImpl,37,0,2,0,15,0,10,0,9,0
ACA 1095B - Error Reporting,us.gov.treasury.irs.ext.aca.air._7.impl,SHOPExchangePersonTypeImpl,18,0,0,0,7,0,5,0,5,0
ACA 1095B - Error Reporting,us.gov.treasury.irs.ext.aca.air._7.impl,Employer1095CDetailImpl,43,0,2,0,16,0,11,0,10,0
ACA 1095B - Error Reporting,us.gov.treasury.irs.ext.aca.air._7.impl,CoveredIndvidualMonthlyDetailImpl,51,0,2,0,19,0,13,0,12,0
ACA 1095B - Error Reporting,us.gov.treasury.irs.ext.aca.air._7.impl,CoverageHouseholdGrpImpl,14,0,2,0,4,0,3,0,2,0
ACA 1095B - Error Reporting,us.gov.treasury.irs.ext.aca.air._7.impl,EmployeeESHMonthlyEnrollmentGrpImpl,25,0,4,0,7,0,5,0,3,0
ACA 1095B - Error Reporting,us.gov.treasury.irs.ext.aca.air._7.impl,JAXBContextFactory,135,0,12,0,31,0,10,0,4,0
ACA 1095B - Error Reporting,us.gov.treasury.irs.ext.aca.air._7.impl,Form1094BUpstreamDetailImpl,136,0,2,0,55,0,37,0,36,0
ACA 1095B - Error Reporting,us.gov.treasury.irs.ext.aca.air._7.impl,ACATransmitterSubmissionDetailImpl,5,9,1,1,1,3,1,2,0,2
ACA 1095B - Error Reporting,us.gov.treasury.irs.ext.aca.air._7.impl,MonthlySafeHarborCdTypeImpl,87,0,0,0,37,0,25,0,25,0
ACA 1095B - Error Reporting,us.gov.treasury.irs.ext.aca.air._7.impl,SponsoringEmployerDetailImpl,36,0,2,0,13,0,9,0,8,0
ACA 1095B - Error Reporting,us.gov.treasury.irs.ext.aca.air._7.impl,YearlyALEMemberDetailImpl,38,0,0,0,16,0,11,0,11,0
ACA 1095B - Error Reporting,us.gov.treasury.irs.ext.aca.air._7.impl,EmployeeSHOPPolicyImpl,50,0,2,0,19,0,13,0,12,0
ACA 1095B - Error Reporting,us.gov.treasury.irs.ext.aca.air._7.impl,CoveredIndividualMonthlyIndGrpImpl,87,0,0,0,37,0,25,0,25,0
ACA 1095B - Error Reporting,us.gov.treasury.irs.ext.aca.air._7.impl,JAXBContextFactory.new PrivilegedAction() {...},10,0,0,0,2,0,2,0,2,0
ACA 1095B - Error Reporting,us.gov.treasury.irs.ext.aca.air._7.impl,MonthlyMECMinimumValueOfferedGrpImpl,25,0,4,0,7,0,5,0,3,0
ACA 1095B - Error Reporting,us.gov.treasury.irs.ext.aca.air._7.impl,AggregatedGroupMemberTypeImpl,18,0,0,0,7,0,5,0,5,0
ACA 1095B - Error Reporting,us.gov.treasury.irs.ext.aca.air._7.impl,EmployeeDetailImpl,52,0,2,0,19,0,13,0,12,0
ACA 1095B - Error Reporting,us.gov.treasury.irs.ext.aca.air._7.impl,EmployeeInfoGrpImpl,40,0,0,0,16,0,11,0,11,0
ACA 1095B - Error Reporting,us.gov.treasury.irs.ext.aca.air._7.impl,VendorInformationGrpImpl,25,0,0,0,10,0,7,0,7,0
ACA 1095B - Error Reporting,us.gov.treasury.irs.ext.aca.air._7.impl,CorrectedSubmissionInfoGrpImpl,25,0,0,0,10,0,7,0,7,0
ACA 1095B - Error Reporting,us.gov.treasury.irs.ext.aca.air._7.impl,ResponsibleIndividualGrpImpl,61,0,0,0,25,0,17,0,17,0
ACA 1095B - Error Reporting,us.gov.treasury.irs.ext.aca.air._7.impl,RecipientMonthlyPolicyInfoImpl,24,0,0,0,10,0,7,0,7,0
ACA 1095B - Error Reporting,us.gov.treasury.irs.ext.aca.air._7.impl,ALEMemberInformationGrpImpl,107,0,0,0,40,0,27,0,27,0
ACA 1095B - Error Reporting,us.gov.treasury.irs.ext.aca.air._7.impl,RecipientPolicyInfoDetailImpl,33,0,4,0,10,0,7,0,5,0
ACA 1095B - Error Reporting,us.gov.treasury.irs.ext.aca.air._7.impl,ACABatchSubmsnReqGrpDetailTypeImpl,24,0,0,0,10,0,7,0,7,0
ACA 1095B - Error Reporting,us.gov.treasury.irs.ext.aca.air._7.impl,ForeignAddressGrpImpl,52,0,0,0,22,0,15,0,15,0
ACA 1095B - Error Reporting,us.gov.treasury.irs.ext.aca.air._7.impl,Month1095CMECIndicatorDetailImpl,17,0,0,0,7,0,5,0,5,0
ACA 1095B - Error Reporting,us.gov.treasury.irs.ext.aca.air._7.impl,ACABatchSubmsnDtlReqGrpDtlTypeImpl,17,0,0,0,7,0,5,0,5,0
ACA 1095B - Error Reporting,us.gov.treasury.irs.ext.aca.air._7.impl,ObjectFactory,3860,0,0,0,594,0,346,0,346,0
ACA 1095B - Error Reporting,us.gov.treasury.irs.ext.aca.air._7.impl,TotalMonthlyAmountsGrpTypeImpl,25,0,4,0,7,0,5,0,3,0
ACA 1095B - Error Reporting,us.gov.treasury.irs.ext.aca.air._7.impl,Form1095BUpstreamDetailImpl,88,0,2,0,34,0,23,0,22,0
ACA 1095B - Error Reporting,us.gov.treasury.irs.ext.aca.air._7.impl,ACATransmitterBusinessHeaderResponseImpl,17,0,0,0,7,0,5,0,5,0
ACA 1095B - Error Reporting,us.gov.treasury.irs.ext.aca.air._7.impl,MonthlyOfferCoverageGrpImpl,87,0,0,0,37,0,25,0,25,0
ACA 1095B - Error Reporting,us.gov.treasury.irs.ext.aca.air._7.impl,MonthSafeHarborIndicatorDetailImpl,17,0,0,0,7,0,5,0,5,0
ACA 1095B - Error Reporting,us.gov.treasury.irs.ext.aca.air._7.impl,CoveredIndividualImpl,25,0,0,0,10,0,7,0,7,0
ACA 1095B - Error Reporting,us.gov.treasury.irs.ext.aca.air._7.impl,ACABulkReqTrnsmtReqGrpHeaderImpl,38,0,0,0,16,0,11,0,11,0
ACA 1095B - Error Reporting,us.gov.treasury.irs.ext.aca.air._7.impl,CoveredIndividualDetailImpl,58,0,2,0,22,0,15,0,14,0
ACA 1095B - Error Reporting,us.gov.treasury.irs.ext.aca.air._7.impl,SHOPEmployeeImpl,14,0,2,0,4,0,3,0,2,0
ACA 1095B - Error Reporting,us.gov.treasury.irs.ext.aca.air._7.impl,ACABulkBusinessHeaderRequestTypeImpl,32,0,0,0,12,0,8,0,8,0
ACA 1095B - Error Reporting,us.gov.treasury.irs.ext.aca.air._7.impl,MonthCoveredIndivIndDetailImpl,17,0,0,0,7,0,5,0,5,0
ACA 1095B - Error Reporting,us.gov.treasury.irs.ext.aca.air._7.impl,IssuerInfoGrpImpl,47,0,0,0,19,0,13,0,13,0
ACA 1095B - Error Reporting,us.gov.treasury.irs.ext.aca.air._7.impl,ACABulkReqTrnsmtStsReqGrpDtlImpl,10,0,0,0,4,0,3,0,3,0
ACA 1095B - Error Reporting,us.gov.treasury.irs.common.impl,ForeignAddressErrorDtlImpl,14,0,2,0,4,0,3,0,2,0
ACA 1095B - Error Reporting,us.gov.treasury.irs.common.impl,CoveredIndividualErrorDtlImpl,22,0,2,0,7,0,5,0,4,0
ACA 1095B - Error Reporting,us.gov.treasury.irs.common.impl,ACABatchManifestDetailImpl,35,0,0,0,13,0,9,0,9,0
ACA 1095B - Error Reporting,us.gov.treasury.irs.common.impl,CompletePersonNameErrorDtlImpl,14,0,2,0,4,0,3,0,2,0
ACA 1095B - Error Reporting,us.gov.treasury.irs.common.impl,ServiceMetadataDetailImpl,122,0,0,0,52,0,35,0,35,0
ACA 1095B - Error Reporting,us.gov.treasury.irs.common.impl,SHOPEmployerErrorDtlImpl,43,0,6,0,13,0,9,0,6,0
ACA 1095B - Error Reporting,us.gov.treasury.irs.common.impl,InsuranceCoverageErrorDtlImpl,25,0,4,0,7,0,5,0,3,0
ACA 1095B - Error Reporting,us.gov.treasury.irs.common.impl,PersonInformationErrorDtlTypeImpl,30,0,2,0,10,0,7,0,6,0
ACA 1095B - Error Reporting,us.gov.treasury.irs.common.impl,SHOPEmployeeErrorDtlImpl,25,0,4,0,7,0,5,0,3,0
ACA 1095B - Error Reporting,us.gov.treasury.irs.common.impl,USAddressErrorDtlImpl,14,0,2,0,4,0,3,0,2,0
ACA 1095B - Error Reporting,us.gov.treasury.irs.common.impl,InsuranceCoverageImpl,77,0,2,0,31,0,21,0,20,0
ACA 1095B - Error Reporting,us.gov.treasury.irs.common.impl,SHOPExchPersonErrorDtlTypeImpl,22,0,2,0,7,0,5,0,4,0
ACA 1095B - Error Reporting,us.gov.treasury.irs.common.impl,JAXBContextFactory.new PrivilegedAction() {...},10,0,0,0,2,0,2,0,2,0
ACA 1095B - Error Reporting,us.gov.treasury.irs.common.impl,ExemptionImpl,14,0,2,0,4,0,3,0,2,0
ACA 1095B - Error Reporting,us.gov.treasury.irs.common.impl,ReportPeriodDateImpl,17,0,0,0,7,0,5,0,5,0
ACA 1095B - Error Reporting,us.gov.treasury.irs.common.impl,ExemptionCoverageImpl,39,0,0,0,16,0,11,0,11,0
ACA 1095B - Error Reporting,us.gov.treasury.irs.common.impl,ACABulkBatchManifestDetailImpl,18,0,0,0,7,0,5,0,5,0
ACA 1095B - Error Reporting,us.gov.treasury.irs.common.impl,CoveredIndividualImpl,25,0,0,0,10,0,7,0,7,0
ACA 1095B - Error Reporting,us.gov.treasury.irs.common.impl,IndividualExchangeErrorImpl,32,0,4,0,10,0,7,0,5,0
ACA 1095B - Error Reporting,us.gov.treasury.irs.common.impl,JAXBContextFactory,135,0,12,0,31,0,10,0,4,0
ACA 1095B - Error Reporting,us.gov.treasury.irs.common.impl,BusinessNameErrorDtlImpl,14,0,2,0,4,0,3,0,2,0
ACA 1095B - Error Reporting,us.gov.treasury.irs.common.impl,SHOPEmployeeImpl,14,0,2,0,4,0,3,0,2,0
ACA 1095B - Error Reporting,us.gov.treasury.irs.common.impl,EPDPersonErrorDtlTypeImpl,22,0,2,0,7,0,5,0,4,0
ACA 1095B - Error Reporting,us.gov.treasury.irs.common.impl,SHOPExchangeErrorImpl,32,0,4,0,10,0,7,0,5,0
ACA 1095B - Error Reporting,us.gov.treasury.irs.common.impl,ErrorMessageDetailImpl,24,0,0,0,10,0,7,0,7,0
ACA 1095B - Error Reporting,us.gov.treasury.irs.common.impl,OtherCompletePersonNameImpl,31,0,0,0,13,0,9,0,9,0
ACA 1095B - Error Reporting,us.gov.treasury.irs.common.impl,IRSHouseholdErrorDtlImpl,54,0,8,0,16,0,11,0,7,0
ACA 1095B - Error Reporting,us.gov.treasury.irs.common.impl,SHOPEmployerInfoErrorDtlImpl,30,0,2,0,10,0,7,0,6,0
ACA 1095B - Error Reporting,us.gov.treasury.irs.common.impl,EmployeeCoverageErrorDtlImpl,30,0,2,0,10,0,7,0,6,0
ACA 1095B - Error Reporting,us.gov.treasury.irs.common.impl,WarningMessageDetailImpl,24,0,0,0,10,0,7,0,7,0
ACA 1095B - Error Reporting,us.gov.treasury.irs.common.impl,InsurancePolicyImpl,14,0,2,0,4,0,3,0,2,0
ACA 1095B - Error Reporting,us.gov.treasury.irs.common.impl,DependentInfoErrorsGrpImpl,33,0,4,0,10,0,7,0,5,0
ACA 1095B - Error Reporting,us.gov.treasury.irs.common.impl,ACAAttachmentDetailImpl,45,0,0,0,19,0,13,0,13,0
ACA 1095B - Error Reporting,us.gov.treasury.irs.common.impl,SHOPExchangePersonTypeImpl,18,0,0,0,7,0,5,0,5,0
ACA 1095B - Error Reporting,us.gov.treasury.irs.common.impl,InsurancePolicyErrorDtlImpl,25,0,4,0,7,0,5,0,3,0
ACA 1095B - Error Reporting,us.gov.treasury.irs.common.impl,ExemptionErrorDtlImpl,25,0,4,0,7,0,5,0,3,0
ACA 1095B - Error Reporting,us.gov.treasury.irs.common.impl,AssociatedPolicyImpl,45,0,0,0,19,0,13,0,13,0
ACA 1095B - Error Reporting,us.gov.treasury.irs.common.impl,AggregatedGroupMemberTypeImpl,18,0,0,0,7,0,5,0,5,0
ACA 1095B - Error Reporting,us.gov.treasury.irs.common.impl,ACAReportingServiceDetailImpl,11,0,0,0,4,0,3,0,3,0
ACA 1095B - Error Reporting,us.gov.treasury.irs.common.impl,ExemptionCoverageErrorDtlImpl,22,0,2,0,7,0,5,0,4,0
ACA 1095B - Error Reporting,us.gov.treasury.irs.common.impl,EmployerPlansOfferedErrorDtlImpl,14,0,2,0,4,0,3,0,2,0
ACA 1095B - Error Reporting,us.gov.treasury.irs.common.impl,ObjectFactory,3042,0,0,0,463,0,264,0,264,0
ACA 1095B - Error Reporting,us.gov.treasury.irs.common.impl,BusinessAddressErrorDtlImpl,30,0,2,0,10,0,7,0,6,0
ACA 1095B - Error Reporting,us.gov.treasury.irs.common.impl,EmployerMECErrorDtlImpl,30,0,2,0,10,0,7,0,6,0
ACA 1095B - Error Reporting,us.gov.treasury.irs.common.impl,EmployerPlansOfferedImpl,38,0,0,0,16,0,11,0,11,0
ACA 1095B - Error Reporting,us.gov.treasury.irs.common.impl,ACABatchManifestResponseDetailImpl,39,0,0,0,16,0,11,0,11,0
ACA 1095B - Error Reporting,us.gov.treasury.irs.common.impl,EmployeeCoverageImpl,40,0,0,0,16,0,11,0,11,0
ACA 1095B - Error Reporting,us.gov.treasury.irs.common.impl,ACABatchTransmissionDetailImpl,17,0,0,0,7,0,5,0,5,0
ACA 1095B - Error Reporting,us.gov.treasury.irs.common.impl,ACABatchManifestDetailListImpl,14,0,2,0,4,0,3,0,2,0
ACA 1095B - Error Reporting,us.gov.treasury.irs.common.impl,EmployeeSHOPPolicyImpl,50,0,2,0,19,0,13,0,12,0
ACA 1095B - Error Reporting,us.gov.treasury.irs.common.impl,TaxHouseholdErrorDtlImpl,25,0,4,0,7,0,5,0,3,0
ACA 1095B - Error Reporting,us.gov.treasury.irs.common.impl,EmployeeSHOPPolicyErrorDtlImpl,33,0,4,0,10,0,7,0,5,0
ACA 1095B - Error Reporting,us.gov.treasury.irs.common.impl,TaxHouseholdCoverageErrorDtlImpl,30,0,2,0,10,0,7,0,6,0
ACA 1095B - Error Reporting,us.gov.treasury.irs.common.impl,AssociatedPolicyErrorDtlImpl,14,0,2,0,4,0,3,0,2,0
ACA 1095B - Error Reporting,us.gov.treasury.irs.common.impl,ACABusinessHeaderDetailImpl,29,0,2,0,12,0,8,0,7,0
ACA 1095B - Error Reporting,us.gov.treasury.irs.common.impl,RejectedFileDtlImpl,17,0,0,0,7,0,5,0,5,0
ACA 1095B - Error Reporting,us.gov.treasury.irs.common.impl,CoverageHouseholdImpl,14,0,2,0,4,0,3,0,2,0
ACA 1095B - Error Reporting,us.gov.treasury.irs.common.impl,SHOPExchangeErrorDtlImpl,32,0,4,0,10,0,7,0,5,0
ACA 1095B - Error Reporting,us.gov.treasury.irs.common.impl,SpouseInfoErrorsGrpImpl,33,0,4,0,10,0,7,0,5,0
ACA 1095B - Error Reporting,us.gov.treasury.irs.common.impl,EPDPersonTypeImpl,25,0,0,0,10,0,7,0,7,0
ACA 1095B - Error Reporting,us.gov.treasury.irs.common.impl,EmployeeRosterErrorDtlImpl,33,0,4,0,10,0,7,0,5,0
ACA 1095B - Error Reporting,us.gov.treasury.irs.common.impl,HouseholdErrorDtlImpl,52,0,6,0,16,0,11,0,8,0
ACA 1095B - Error Reporting,us.gov.treasury.irs.common.impl,EPDErrorDetailTypeImpl,31,0,0,0,13,0,9,0,9,0
ACA 1095B - Error Reporting,us.gov.treasury.irs.common.impl,PrimaryInfoErrorsGrpImpl,33,0,4,0,10,0,7,0,5,0
ACA 1095B - Error Reporting,us.gov.treasury.irs.common.impl,ACABatchDetailImpl,38,0,0,0,16,0,11,0,11,0
ACA 1095B - Error Reporting,us.gov.treasury.irs.common.impl,WindowCloseNotificationServiceDetailImpl,24,0,0,0,10,0,7,0,7,0
ACA 1095B - Error Reporting,us.deloitteinnovation.aca.batch.listeners,ItemReaderListener,60,59,1,3,13,10,4,4,3,3
ACA 1095B - Error Reporting,us.deloitteinnovation.aca.batch.listeners,RecordSkipListener,76,0,6,0,12,0,8,0,5,0
ACA 1095B - Error Reporting,us.deloitteinnovation.aca.batch.listeners,IrsErrorHandlingProtocolListener,159,0,8,0,31,0,8,0,4,0
ACA 1095B - Error Reporting,us.gov.treasury.irs.msg.form1094_1095bctransmitterreqmessage.impl,JAXBContextFactory.new PrivilegedAction() {...},10,0,0,0,2,0,2,0,2,0
ACA 1095B - Error Reporting,us.gov.treasury.irs.msg.form1094_1095bctransmitterreqmessage.impl,JAXBContextFactory,135,0,12,0,31,0,10,0,4,0
ACA 1095B - Error Reporting,us.gov.treasury.irs.msg.form1094_1095bctransmitterreqmessage.impl,ObjectFactory,7,0,0,0,3,0,2,0,2,0
ACA 1095B - Error Reporting,us.gov.treasury.irs.msg.form1094_1095bctransmitterreqmessage.impl,TransmitterManifestRequestImpl,11,0,0,0,4,0,3,0,3,0
ACA 1095B - Error Reporting,us.gov.treasury.irs.common,USStateCdType,534,0,0,0,55,0,6,0,6,0
ACA 1095B - Error Reporting,us.gov.treasury.irs.common,SubmissionValidationCdType,74,0,4,0,11,0,8,0,6,0
ACA 1095B - Error Reporting,us.gov.treasury.irs.common,BinaryFormatCodeType,63,0,4,0,10,0,8,0,6,0
ACA 1095B - Error Reporting,us.gov.treasury.irs.common,IndicatorCodeType,44,0,0,0,6,0,6,0,6,0
ACA 1095B - Error Reporting,us.gov.treasury.irs.common,BooleanStringType,44,0,0,0,6,0,6,0,6,0
ACA 1095B - Error Reporting,us.gov.treasury.irs.common,ObjectFactory,3061,0,0,0,464,0,264,0,264,0
ACA 1095B - Error Reporting,us.gov.treasury.irs.common,AppealReasonCdType,107,0,4,0,14,0,8,0,6,0
ACA 1095B - Error Reporting,us.gov.treasury.irs.common,SubmissionStatusCodeType,107,0,4,0,14,0,8,0,6,0
ACA 1095B - Error Reporting,us.gov.treasury.irs.common,EPDSubmissionSourceCdType,74,0,4,0,11,0,8,0,6,0
ACA 1095B - Error Reporting,us.gov.treasury.irs.common,NameControlTypeCodeType,44,0,0,0,6,0,6,0,6,0
ACA 1095B - Error Reporting,us.gov.treasury.irs.common,AfaStatusCodeType,85,0,4,0,12,0,8,0,6,0
ACA 1095B - Error Reporting,us.gov.treasury.irs.common,TINRequestTypeCodeType,54,0,0,0,7,0,6,0,6,0
ACA 1095B - Error Reporting,us.gov.treasury.irs.common,BatchCategoryCodeType,124,0,0,0,14,0,6,0,6,0
ACA 1095B - Error Reporting,us.gov.treasury.irs.common,BRMGatewayStatusCodeType,151,0,4,0,18,0,8,0,6,0
ACA 1095B - Error Reporting,us.gov.treasury.irs.common,FileStatusCdType,96,0,4,0,13,0,8,0,6,0
ACA 1095B - Error Reporting,us.gov.treasury.irs.common,CheckboxType,34,0,0,0,5,0,6,0,6,0
ACA 1095B - Error Reporting,us.gov.treasury.irs.common,TINValidationIndicatorType,85,0,4,0,12,0,8,0,6,0
ACA 1095B - Error Reporting,us.gov.treasury.irs.common,AcknowledgementStatusCodeType,44,0,0,0,6,0,6,0,6,0
ACA 1095B - Error Reporting,us.gov.treasury.irs.common,NameControlValResultCodeType,64,0,0,0,8,0,6,0,6,0
ACA 1095B - Error Reporting,us.gov.treasury.irs.common,TestIndicatorType,44,0,0,0,6,0,6,0,6,0
ACA 1095B - Error Reporting,us.gov.treasury.irs.msg.form1094_1095bctransmitterreqmessage,ObjectFactory,10,0,0,0,4,0,3,0,3,0
ACA 1095B - Error Reporting,us.deloitteinnovation.aca,Aca1095BIrsErrorReporting,11,0,0,0,3,0,2,0,2,0
ACA 1095B - Error Reporting,us.gov.treasury.irs.msg.form1094_1095btransmitterupstreammessage,ObjectFactory,10,0,0,0,4,0,3,0,3,0
ACA 1095B - Error Reporting,us.deloitteinnovation.aca.batch.writer,IrsErrorReportingItemWriter,510,49,36,4,52,13,22,4,2,4
ACA 1095B - Error Reporting,us.deloitteinnovation.aca.batch.writer,IrsErrorReportingService,416,4,42,0,63,1,26,1,3,1
ACA 1095B - Error Reporting,org.oasis_open.docs.wss._2004._01.oasis_200401_wss_wssecurity_utility_1_0.impl,TimestampImpl,45,0,2,0,15,0,10,0,9,0
ACA 1095B - Error Reporting,org.oasis_open.docs.wss._2004._01.oasis_200401_wss_wssecurity_utility_1_0.impl,JAXBContextFactory,135,0,12,0,31,0,10,0,4,0
ACA 1095B - Error Reporting,org.oasis_open.docs.wss._2004._01.oasis_200401_wss_wssecurity_utility_1_0.impl,AttributedURIImpl,25,0,0,0,9,0,6,0,6,0
ACA 1095B - Error Reporting,org.oasis_open.docs.wss._2004._01.oasis_200401_wss_wssecurity_utility_1_0.impl,ObjectFactory,44,0,0,0,9,0,7,0,7,0
ACA 1095B - Error Reporting,org.oasis_open.docs.wss._2004._01.oasis_200401_wss_wssecurity_utility_1_0.impl,JAXBContextFactory.new PrivilegedAction() {...},10,0,0,0,2,0,2,0,2,0
ACA 1095B - Error Reporting,org.oasis_open.docs.wss._2004._01.oasis_200401_wss_wssecurity_utility_1_0.impl,AttributedDateTimeImpl,25,0,0,0,9,0,6,0,6,0
ACA 1095B - Error Reporting,us.gov.treasury.irs.msg.form1094_1095ctransmitterupstreammessage.impl,ObjectFactory,7,0,0,0,3,0,2,0,2,0
ACA 1095B - Error Reporting,us.gov.treasury.irs.msg.form1094_1095ctransmitterupstreammessage.impl,JAXBContextFactory,135,0,12,0,31,0,10,0,4,0
ACA 1095B - Error Reporting,us.gov.treasury.irs.msg.form1094_1095ctransmitterupstreammessage.impl,Form109495CTransmittalUpstreamImpl,14,0,2,0,4,0,3,0,2,0
ACA 1095B - Error Reporting,us.gov.treasury.irs.msg.form1094_1095ctransmitterupstreammessage.impl,JAXBContextFactory.new PrivilegedAction() {...},10,0,0,0,2,0,2,0,2,0
ACA 1095B - Error Reporting,us.deloitteinnovation.aca.batch.processor,IrsErrorReportingAppProcessor,194,177,16,10,30,38,13,5,1,4
ACA 1095B - Error Reporting,us.gov.treasury.irs.msg.acabusinessheader.impl,ACABusinessHeaderResponseImpl,11,0,0,0,4,0,3,0,3,0
ACA 1095B - Error Reporting,us.gov.treasury.irs.msg.acabusinessheader.impl,JAXBContextFactory.new PrivilegedAction() {...},10,0,0,0,2,0,2,0,2,0
ACA 1095B - Error Reporting,us.gov.treasury.irs.msg.acabusinessheader.impl,JAXBContextFactory,135,0,12,0,31,0,10,0,4,0
ACA 1095B - Error Reporting,us.gov.treasury.irs.msg.acabusinessheader.impl,ObjectFactory,22,0,0,0,5,0,4,0,4,0
ACA 1095B - Error Reporting,us.gov.treasury.irs.ext.aca.air._7,TransmissionTypeCdType,54,0,0,0,7,0,6,0,6,0
ACA 1095B - Error Reporting,us.gov.treasury.irs.ext.aca.air._7,SubmissionLevelStatusCodeType,37,48,4,0,4,8,5,3,3,3
ACA 1095B - Error Reporting,us.gov.treasury.irs.ext.aca.air._7,ObjectFactory,3927,0,0,0,595,0,346,0,346,0
ACA 1095B - Error Reporting,us.gov.treasury.irs.ext.aca.air._7,IRDBProcessedStatusCdType,64,0,0,0,8,0,6,0,6,0
ACA 1095B - Error Reporting,us.gov.treasury.irs.ext.aca.air._7,StateType,644,0,0,0,66,0,6,0,6,0
ACA 1095B - Error Reporting,us.gov.treasury.irs.ext.aca.air._7,TransmissionStatusCodeType,118,0,4,0,15,0,8,0,6,0
ACA 1095B - Error Reporting,us.gov.treasury.irs.msg.acauibusinessheader.impl,JAXBContextFactory.new PrivilegedAction() {...},10,0,0,0,2,0,2,0,2,0
ACA 1095B - Error Reporting,us.gov.treasury.irs.msg.acauibusinessheader.impl,JAXBContextFactory,135,0,12,0,31,0,10,0,4,0
ACA 1095B - Error Reporting,us.gov.treasury.irs.msg.acauibusinessheader.impl,ObjectFactory,7,0,0,0,3,0,2,0,2,0
ACA 1095B - Error Reporting,us.gov.treasury.irs.msg.acauibusinessheader.impl,ACAUIBusinessHeaderImpl,19,0,0,0,7,0,5,0,5,0
ACA 1095B - Error Reporting,us.deloitteinnovation.aca.batch,IrsErrorReportingConfiguration,154,0,0,0,46,0,12,0,12,0
ACA 1095B - Error Reporting,us.deloitteinnovation.aca.batch.objectstore,ErrorReportingObjectStore.new FilenameFilter() {...},10,0,0,0,2,0,2,0,2,0
ACA 1095B - Error Reporting,us.deloitteinnovation.aca.batch.objectstore,ErrorReportingObjectStore,279,202,21,5,69,43,36,9,24,8
