<?xml version="1.0" encoding="UTF-8" standalone="yes"?><!DOCTYPE report PUBLIC "-//JACOCO//DTD Report 1.0//EN" "report.dtd"><report name="ACA 1095B - Process Receipt Module"><sessioninfo id="IM-LP-343-fb67394c" start="1482314810865" dump="1482314811403"/><package name="us/deloitteinnovation/aca/batch/receipt"><class name="us/deloitteinnovation/aca/batch/receipt/ProcessReceiptBatchJobConfiguration"><method name="&lt;init&gt;" desc="()V" line="12"><counter type="INSTRUCTION" missed="3" covered="0"/><counter type="LINE" missed="1" covered="0"/><counter type="COMPLEXITY" missed="1" covered="0"/><counter type="METHOD" missed="1" covered="0"/></method><method name="process1095BReceiptFiles" desc="()Lorg/springframework/batch/core/Job;" line="31"><counter type="INSTRUCTION" missed="25" covered="0"/><counter type="LINE" missed="7" covered="0"/><counter type="COMPLEXITY" missed="1" covered="0"/><counter type="METHOD" missed="1" covered="0"/></method><method name="processConfirmationFiles" desc="()Lorg/springframework/batch/core/Job;" line="42"><counter type="INSTRUCTION" missed="25" covered="0"/><counter type="LINE" missed="2" covered="0"/><counter type="COMPLEXITY" missed="1" covered="0"/><counter type="METHOD" missed="1" covered="0"/></method><counter type="INSTRUCTION" missed="53" covered="0"/><counter type="LINE" missed="10" covered="0"/><counter type="COMPLEXITY" missed="3" covered="0"/><counter type="METHOD" missed="3" covered="0"/><counter type="CLASS" missed="1" covered="0"/></class><class name="us/deloitteinnovation/aca/batch/receipt/ProcessReceiptConfiguration"><method name="&lt;init&gt;" desc="()V" line="44"><counter type="INSTRUCTION" missed="3" covered="0"/><counter type="LINE" missed="1" covered="0"/><counter type="COMPLEXITY" missed="1" covered="0"/><counter type="METHOD" missed="1" covered="0"/></method><method name="printDetailsMailRepository" desc="()Lus/deloitteinnovation/aca/batch/receipt/repository/PrintDetailsMailRepository;" line="61"><counter type="INSTRUCTION" missed="10" covered="0"/><counter type="LINE" missed="3" covered="0"/><counter type="COMPLEXITY" missed="1" covered="0"/><counter type="METHOD" missed="1" covered="0"/></method><method name="processReceiptReader" desc="()Lus/deloitteinnovation/aca/batch/receipt/step/ProcessReceiptReader;" line="69"><counter type="INSTRUCTION" missed="4" covered="0"/><counter type="LINE" missed="1" covered="0"/><counter type="COMPLEXITY" missed="1" covered="0"/><counter type="METHOD" missed="1" covered="0"/></method><method name="processReceiptProcessor" desc="()Lus/deloitteinnovation/aca/batch/receipt/step/ProcessReceiptProcessor;" line="75"><counter type="INSTRUCTION" missed="4" covered="0"/><counter type="LINE" missed="1" covered="0"/><counter type="COMPLEXITY" missed="1" covered="0"/><counter type="METHOD" missed="1" covered="0"/></method><method name="processReceiptWriter" desc="()Lus/deloitteinnovation/aca/batch/receipt/step/ProcessReceiptWriter;" line="81"><counter type="INSTRUCTION" missed="4" covered="0"/><counter type="LINE" missed="1" covered="0"/><counter type="COMPLEXITY" missed="1" covered="0"/><counter type="METHOD" missed="1" covered="0"/></method><method name="processReceiptListener" desc="()Lus/deloitteinnovation/aca/batch/receipt/ProcessReceiptListener;" line="86"><counter type="INSTRUCTION" missed="4" covered="0"/><counter type="LINE" missed="1" covered="0"/><counter type="COMPLEXITY" missed="1" covered="0"/><counter type="METHOD" missed="1" covered="0"/></method><method name="batchHistoryCleanupTasklet" desc="()Lus/deloitteinnovation/aca/batch/receipt/util/BatchHistoryCleanupTasklet;" line="92"><counter type="INSTRUCTION" missed="10" covered="0"/><counter type="LINE" missed="3" covered="0"/><counter type="COMPLEXITY" missed="1" covered="0"/><counter type="METHOD" missed="1" covered="0"/></method><method name="process1095BReceiptFile" desc="(Lus/deloitteinnovation/aca/batch/receipt/step/ProcessReceiptReader;Lus/deloitteinnovation/aca/batch/receipt/step/ProcessReceiptProcessor;Lus/deloitteinnovation/aca/batch/receipt/step/ProcessReceiptWriter;Lus/deloitteinnovation/aca/batch/receipt/ProcessReceiptListener;)Lorg/springframework/batch/core/Step;" line="100"><counter type="INSTRUCTION" missed="17" covered="0"/><counter type="LINE" missed="2" covered="0"/><counter type="COMPLEXITY" missed="1" covered="0"/><counter type="METHOD" missed="1" covered="0"/></method><method name="cleanupBatchMetaData" desc="(Lus/deloitteinnovation/aca/batch/receipt/util/BatchHistoryCleanupTasklet;)Lorg/springframework/batch/core/Step;" line="106"><counter type="INSTRUCTION" missed="8" covered="0"/><counter type="LINE" missed="1" covered="0"/><counter type="COMPLEXITY" missed="1" covered="0"/><counter type="METHOD" missed="1" covered="0"/></method><method name="confirmationFileProcessStep" desc="(Lus/deloitteinnovation/aca/batch/receipt/reader/ConfirmationFileReader;Lus/deloitteinnovation/aca/batch/receipt/reader/ConfirmationFileProcessor;Lus/deloitteinnovation/aca/batch/receipt/reader/ConfirmationFileWriter;Lus/deloitteinnovation/aca/batch/receipt/ProcessReceiptListener;)Lorg/springframework/batch/core/Step;" line="112"><counter type="INSTRUCTION" missed="14" covered="0"/><counter type="LINE" missed="2" covered="0"/><counter type="COMPLEXITY" missed="1" covered="0"/><counter type="METHOD" missed="1" covered="0"/></method><method name="confirmationFileReader" desc="()Lus/deloitteinnovation/aca/batch/receipt/reader/ConfirmationFileReader;" line="118"><counter type="INSTRUCTION" missed="4" covered="0"/><counter type="LINE" missed="1" covered="0"/><counter type="COMPLEXITY" missed="1" covered="0"/><counter type="METHOD" missed="1" covered="0"/></method><method name="confirmationFileProcessor" desc="()Lus/deloitteinnovation/aca/batch/receipt/reader/ConfirmationFileProcessor;" line="123"><counter type="INSTRUCTION" missed="4" covered="0"/><counter type="LINE" missed="1" covered="0"/><counter type="COMPLEXITY" missed="1" covered="0"/><counter type="METHOD" missed="1" covered="0"/></method><method name="confirmationFileWriter" desc="()Lus/deloitteinnovation/aca/batch/receipt/reader/ConfirmationFileWriter;" line="128"><counter type="INSTRUCTION" missed="4" covered="0"/><counter type="LINE" missed="1" covered="0"/><counter type="COMPLEXITY" missed="1" covered="0"/><counter type="METHOD" missed="1" covered="0"/></method><method name="printVendorJdbcRepository" desc="()Lus/deloitteinnovation/aca/repository/PrintVendorJdbcRepository;" line="133"><counter type="INSTRUCTION" missed="10" covered="0"/><counter type="LINE" missed="3" covered="0"/><counter type="COMPLEXITY" missed="1" covered="0"/><counter type="METHOD" missed="1" covered="0"/></method><method name="&lt;clinit&gt;" desc="()V" line="46"><counter type="INSTRUCTION" missed="4" covered="0"/><counter type="LINE" missed="1" covered="0"/><counter type="COMPLEXITY" missed="1" covered="0"/><counter type="METHOD" missed="1" covered="0"/></method><counter type="INSTRUCTION" missed="104" covered="0"/><counter type="LINE" missed="23" covered="0"/><counter type="COMPLEXITY" missed="15" covered="0"/><counter type="METHOD" missed="15" covered="0"/><counter type="CLASS" missed="1" covered="0"/></class><class name="us/deloitteinnovation/aca/batch/receipt/ProcessReceiptListener"><method name="&lt;init&gt;" desc="()V" line="18"><counter type="INSTRUCTION" missed="3" covered="0"/><counter type="LINE" missed="1" covered="0"/><counter type="COMPLEXITY" missed="1" covered="0"/><counter type="METHOD" missed="1" covered="0"/></method><method name="beforeJob" desc="(Lorg/springframework/batch/core/JobExecution;)V" line="31"><counter type="INSTRUCTION" missed="46" covered="0"/><counter type="BRANCH" missed="2" covered="0"/><counter type="LINE" missed="8" covered="0"/><counter type="COMPLEXITY" missed="2" covered="0"/><counter type="METHOD" missed="1" covered="0"/></method><method name="&lt;clinit&gt;" desc="()V" line="20"><counter type="INSTRUCTION" missed="4" covered="0"/><counter type="LINE" missed="1" covered="0"/><counter type="COMPLEXITY" missed="1" covered="0"/><counter type="METHOD" missed="1" covered="0"/></method><counter type="INSTRUCTION" missed="53" covered="0"/><counter type="BRANCH" missed="2" covered="0"/><counter type="LINE" missed="10" covered="0"/><counter type="COMPLEXITY" missed="4" covered="0"/><counter type="METHOD" missed="3" covered="0"/><counter type="CLASS" missed="1" covered="0"/></class><sourcefile name="ProcessReceiptListener.java"><line nr="18" mi="3" ci="0" mb="0" cb="0"/><line nr="20" mi="4" ci="0" mb="0" cb="0"/><line nr="31" mi="3" ci="0" mb="0" cb="0"/><line nr="32" mi="13" ci="0" mb="2" cb="0"/><line nr="33" mi="9" ci="0" mb="0" cb="0"/><line nr="34" mi="1" ci="0" mb="0" cb="0"/><line nr="35" mi="5" ci="0" mb="0" cb="0"/><line nr="37" mi="4" ci="0" mb="0" cb="0"/><line nr="39" mi="10" ci="0" mb="0" cb="0"/><line nr="42" mi="1" ci="0" mb="0" cb="0"/><counter type="INSTRUCTION" missed="53" covered="0"/><counter type="BRANCH" missed="2" covered="0"/><counter type="LINE" missed="10" covered="0"/><counter type="COMPLEXITY" missed="4" covered="0"/><counter type="METHOD" missed="3" covered="0"/><counter type="CLASS" missed="1" covered="0"/></sourcefile><sourcefile name="ProcessReceiptBatchJobConfiguration.java"><line nr="12" mi="3" ci="0" mb="0" cb="0"/><line nr="31" mi="9" ci="0" mb="0" cb="0"/><line nr="32" mi="4" ci="0" mb="0" cb="0"/><line nr="33" mi="4" ci="0" mb="0" cb="0"/><line nr="34" mi="3" ci="0" mb="0" cb="0"/><line nr="35" mi="1" ci="0" mb="0" cb="0"/><line nr="36" mi="2" ci="0" mb="0" cb="0"/><line nr="37" mi="2" ci="0" mb="0" cb="0"/><line nr="42" mi="17" ci="0" mb="0" cb="0"/><line nr="43" mi="8" ci="0" mb="0" cb="0"/><counter type="INSTRUCTION" missed="53" covered="0"/><counter type="LINE" missed="10" covered="0"/><counter type="COMPLEXITY" missed="3" covered="0"/><counter type="METHOD" missed="3" covered="0"/><counter type="CLASS" missed="1" covered="0"/></sourcefile><sourcefile name="ProcessReceiptConfiguration.java"><line nr="44" mi="3" ci="0" mb="0" cb="0"/><line nr="46" mi="4" ci="0" mb="0" cb="0"/><line nr="61" mi="4" ci="0" mb="0" cb="0"/><line nr="62" mi="4" ci="0" mb="0" cb="0"/><line nr="63" mi="2" ci="0" mb="0" cb="0"/><line nr="69" mi="4" ci="0" mb="0" cb="0"/><line nr="75" mi="4" ci="0" mb="0" cb="0"/><line nr="81" mi="4" ci="0" mb="0" cb="0"/><line nr="86" mi="4" ci="0" mb="0" cb="0"/><line nr="92" mi="4" ci="0" mb="0" cb="0"/><line nr="93" mi="4" ci="0" mb="0" cb="0"/><line nr="94" mi="2" ci="0" mb="0" cb="0"/><line nr="100" mi="8" ci="0" mb="0" cb="0"/><line nr="101" mi="9" ci="0" mb="0" cb="0"/><line nr="106" mi="8" ci="0" mb="0" cb="0"/><line nr="112" mi="9" ci="0" mb="0" cb="0"/><line nr="113" mi="5" ci="0" mb="0" cb="0"/><line nr="118" mi="4" ci="0" mb="0" cb="0"/><line nr="123" mi="4" ci="0" mb="0" cb="0"/><line nr="128" mi="4" ci="0" mb="0" cb="0"/><line nr="133" mi="4" ci="0" mb="0" cb="0"/><line nr="134" mi="4" ci="0" mb="0" cb="0"/><line nr="135" mi="2" ci="0" mb="0" cb="0"/><counter type="INSTRUCTION" missed="104" covered="0"/><counter type="LINE" missed="23" covered="0"/><counter type="COMPLEXITY" missed="15" covered="0"/><counter type="METHOD" missed="15" covered="0"/><counter type="CLASS" missed="1" covered="0"/></sourcefile><counter type="INSTRUCTION" missed="210" covered="0"/><counter type="BRANCH" missed="2" covered="0"/><counter type="LINE" missed="43" covered="0"/><counter type="COMPLEXITY" missed="22" covered="0"/><counter type="METHOD" missed="21" covered="0"/><counter type="CLASS" missed="3" covered="0"/></package><package name="us/deloitteinnovation/aca"><class name="us/deloitteinnovation/aca/Aca109495ProcessReceiptApplication"><method name="&lt;init&gt;" desc="()V" line="15"><counter type="INSTRUCTION" missed="3" covered="0"/><counter type="LINE" missed="1" covered="0"/><counter type="COMPLEXITY" missed="1" covered="0"/><counter type="METHOD" missed="1" covered="0"/></method><method name="main" desc="([Ljava/lang/String;)V" line="17"><counter type="INSTRUCTION" missed="8" covered="0"/><counter type="LINE" missed="2" covered="0"/><counter type="COMPLEXITY" missed="1" covered="0"/><counter type="METHOD" missed="1" covered="0"/></method><counter type="INSTRUCTION" missed="11" covered="0"/><counter type="LINE" missed="3" covered="0"/><counter type="COMPLEXITY" missed="2" covered="0"/><counter type="METHOD" missed="2" covered="0"/><counter type="CLASS" missed="1" covered="0"/></class><sourcefile name="Aca109495ProcessReceiptApplication.java"><line nr="15" mi="3" ci="0" mb="0" cb="0"/><line nr="17" mi="7" ci="0" mb="0" cb="0"/><line nr="18" mi="1" ci="0" mb="0" cb="0"/><counter type="INSTRUCTION" missed="11" covered="0"/><counter type="LINE" missed="3" covered="0"/><counter type="COMPLEXITY" missed="2" covered="0"/><counter type="METHOD" missed="2" covered="0"/><counter type="CLASS" missed="1" covered="0"/></sourcefile><counter type="INSTRUCTION" missed="11" covered="0"/><counter type="LINE" missed="3" covered="0"/><counter type="COMPLEXITY" missed="2" covered="0"/><counter type="METHOD" missed="2" covered="0"/><counter type="CLASS" missed="1" covered="0"/></package><package name="us/deloitteinnovation/aca/batch/receipt/step"><class name="us/deloitteinnovation/aca/batch/receipt/step/ProcessReceiptReader"><method name="&lt;init&gt;" desc="()V" line="22"><counter type="INSTRUCTION" missed="6" covered="0"/><counter type="LINE" missed="2" covered="0"/><counter type="COMPLEXITY" missed="1" covered="0"/><counter type="METHOD" missed="1" covered="0"/></method><method name="read" desc="()Lus/deloitteinnovation/aca/batch/receipt/dto/ProcessReceiptDto;" line="36"><counter type="INSTRUCTION" missed="46" covered="0"/><counter type="BRANCH" missed="6" covered="0"/><counter type="LINE" missed="12" covered="0"/><counter type="COMPLEXITY" missed="4" covered="0"/><counter type="METHOD" missed="1" covered="0"/></method><method name="beforeStep" desc="(Lorg/springframework/batch/core/StepExecution;)V" line="54"><counter type="INSTRUCTION" missed="4" covered="0"/><counter type="LINE" missed="2" covered="0"/><counter type="COMPLEXITY" missed="1" covered="0"/><counter type="METHOD" missed="1" covered="0"/></method><method name="&lt;clinit&gt;" desc="()V" line="24"><counter type="INSTRUCTION" missed="4" covered="0"/><counter type="LINE" missed="1" covered="0"/><counter type="COMPLEXITY" missed="1" covered="0"/><counter type="METHOD" missed="1" covered="0"/></method><counter type="INSTRUCTION" missed="60" covered="0"/><counter type="BRANCH" missed="6" covered="0"/><counter type="LINE" missed="17" covered="0"/><counter type="COMPLEXITY" missed="7" covered="0"/><counter type="METHOD" missed="4" covered="0"/><counter type="CLASS" missed="1" covered="0"/></class><class name="us/deloitteinnovation/aca/batch/receipt/step/ProcessReceiptProcessor"><method name="&lt;init&gt;" desc="()V" line="14"><counter type="INSTRUCTION" missed="3" covered="0"/><counter type="LINE" missed="1" covered="0"/><counter type="COMPLEXITY" missed="1" covered="0"/><counter type="METHOD" missed="1" covered="0"/></method><method name="process" desc="(Lus/deloitteinnovation/aca/batch/receipt/dto/ProcessReceiptDto;)Lus/deloitteinnovation/aca/batch/receipt/dto/ProcessReceiptDto;" line="19"><counter type="INSTRUCTION" missed="5" covered="0"/><counter type="LINE" missed="2" covered="0"/><counter type="COMPLEXITY" missed="1" covered="0"/><counter type="METHOD" missed="1" covered="0"/></method><method name="&lt;clinit&gt;" desc="()V" line="15"><counter type="INSTRUCTION" missed="4" covered="0"/><counter type="LINE" missed="1" covered="0"/><counter type="COMPLEXITY" missed="1" covered="0"/><counter type="METHOD" missed="1" covered="0"/></method><counter type="INSTRUCTION" missed="12" covered="0"/><counter type="LINE" missed="4" covered="0"/><counter type="COMPLEXITY" missed="3" covered="0"/><counter type="METHOD" missed="3" covered="0"/><counter type="CLASS" missed="1" covered="0"/></class><class name="us/deloitteinnovation/aca/batch/receipt/step/ProcessReceiptWriter"><method name="&lt;init&gt;" desc="()V" line="18"><counter type="INSTRUCTION" missed="3" covered="0"/><counter type="LINE" missed="1" covered="0"/><counter type="COMPLEXITY" missed="1" covered="0"/><counter type="METHOD" missed="1" covered="0"/></method><method name="write" desc="(Ljava/util/List;)V" line="26"><counter type="INSTRUCTION" missed="39" covered="0"/><counter type="BRANCH" missed="4" covered="0"/><counter type="LINE" missed="8" covered="0"/><counter type="COMPLEXITY" missed="3" covered="0"/><counter type="METHOD" missed="1" covered="0"/></method><method name="&lt;clinit&gt;" desc="()V" line="19"><counter type="INSTRUCTION" missed="4" covered="0"/><counter type="LINE" missed="1" covered="0"/><counter type="COMPLEXITY" missed="1" covered="0"/><counter type="METHOD" missed="1" covered="0"/></method><counter type="INSTRUCTION" missed="46" covered="0"/><counter type="BRANCH" missed="4" covered="0"/><counter type="LINE" missed="10" covered="0"/><counter type="COMPLEXITY" missed="5" covered="0"/><counter type="METHOD" missed="3" covered="0"/><counter type="CLASS" missed="1" covered="0"/></class><sourcefile name="ProcessReceiptWriter.java"><line nr="18" mi="3" ci="0" mb="0" cb="0"/><line nr="19" mi="4" ci="0" mb="0" cb="0"/><line nr="26" mi="3" ci="0" mb="0" cb="0"/><line nr="27" mi="10" ci="0" mb="2" cb="0"/><line nr="28" mi="8" ci="0" mb="0" cb="0"/><line nr="29" mi="1" ci="0" mb="0" cb="0"/><line nr="31" mi="10" ci="0" mb="2" cb="0"/><line nr="32" mi="5" ci="0" mb="0" cb="0"/><line nr="33" mi="1" ci="0" mb="0" cb="0"/><line nr="34" mi="1" ci="0" mb="0" cb="0"/><counter type="INSTRUCTION" missed="46" covered="0"/><counter type="BRANCH" missed="4" covered="0"/><counter type="LINE" missed="10" covered="0"/><counter type="COMPLEXITY" missed="5" covered="0"/><counter type="METHOD" missed="3" covered="0"/><counter type="CLASS" missed="1" covered="0"/></sourcefile><sourcefile name="ProcessReceiptReader.java"><line nr="22" mi="2" ci="0" mb="0" cb="0"/><line nr="24" mi="4" ci="0" mb="0" cb="0"/><line nr="32" mi="4" ci="0" mb="0" cb="0"/><line nr="36" mi="3" ci="0" mb="0" cb="0"/><line nr="37" mi="2" ci="0" mb="0" cb="0"/><line nr="38" mi="8" ci="0" mb="0" cb="0"/><line nr="40" mi="3" ci="0" mb="2" cb="0"/><line nr="41" mi="2" ci="0" mb="0" cb="0"/><line nr="42" mi="4" ci="0" mb="0" cb="0"/><line nr="43" mi="4" ci="0" mb="2" cb="0"/><line nr="44" mi="6" ci="0" mb="0" cb="0"/><line nr="45" mi="4" ci="0" mb="2" cb="0"/><line nr="46" mi="5" ci="0" mb="0" cb="0"/><line nr="48" mi="3" ci="0" mb="0" cb="0"/><line nr="49" mi="2" ci="0" mb="0" cb="0"/><line nr="54" mi="3" ci="0" mb="0" cb="0"/><line nr="55" mi="1" ci="0" mb="0" cb="0"/><counter type="INSTRUCTION" missed="60" covered="0"/><counter type="BRANCH" missed="6" covered="0"/><counter type="LINE" missed="17" covered="0"/><counter type="COMPLEXITY" missed="7" covered="0"/><counter type="METHOD" missed="4" covered="0"/><counter type="CLASS" missed="1" covered="0"/></sourcefile><sourcefile name="ProcessReceiptProcessor.java"><line nr="14" mi="3" ci="0" mb="0" cb="0"/><line nr="15" mi="4" ci="0" mb="0" cb="0"/><line nr="19" mi="3" ci="0" mb="0" cb="0"/><line nr="20" mi="2" ci="0" mb="0" cb="0"/><counter type="INSTRUCTION" missed="12" covered="0"/><counter type="LINE" missed="4" covered="0"/><counter type="COMPLEXITY" missed="3" covered="0"/><counter type="METHOD" missed="3" covered="0"/><counter type="CLASS" missed="1" covered="0"/></sourcefile><counter type="INSTRUCTION" missed="118" covered="0"/><counter type="BRANCH" missed="10" covered="0"/><counter type="LINE" missed="31" covered="0"/><counter type="COMPLEXITY" missed="15" covered="0"/><counter type="METHOD" missed="10" covered="0"/><counter type="CLASS" missed="3" covered="0"/></package><package name="us/deloitteinnovation/aca/batch/receipt/repository"><class name="us/deloitteinnovation/aca/batch/receipt/repository/PrintDetailsMailRepository$FilerDemographicMapper"><method name="&lt;init&gt;" desc="()V" line="96"><counter type="INSTRUCTION" missed="3" covered="0"/><counter type="LINE" missed="1" covered="0"/><counter type="COMPLEXITY" missed="1" covered="0"/><counter type="METHOD" missed="1" covered="0"/></method><method name="mapRow" desc="(Ljava/sql/ResultSet;I)Lus/deloitteinnovation/aca/entity/FilerDemographic;" line="100"><counter type="INSTRUCTION" missed="32" covered="0"/><counter type="LINE" missed="8" covered="0"/><counter type="COMPLEXITY" missed="1" covered="0"/><counter type="METHOD" missed="1" covered="0"/></method><counter type="INSTRUCTION" missed="35" covered="0"/><counter type="LINE" missed="9" covered="0"/><counter type="COMPLEXITY" missed="2" covered="0"/><counter type="METHOD" missed="2" covered="0"/><counter type="CLASS" missed="1" covered="0"/></class><class name="us/deloitteinnovation/aca/batch/receipt/repository/PrintDetailsMailRepository$2"><method name="&lt;init&gt;" desc="(Lus/deloitteinnovation/aca/batch/receipt/repository/PrintDetailsMailRepository;Ljava/util/List;)V" line="115"><counter type="INSTRUCTION" missed="9" covered="0"/><counter type="LINE" missed="1" covered="0"/><counter type="COMPLEXITY" missed="1" covered="0"/><counter type="METHOD" missed="1" covered="0"/></method><method name="setValues" desc="(Ljava/sql/PreparedStatement;I)V" line="118"><counter type="INSTRUCTION" missed="73" covered="0"/><counter type="LINE" missed="10" covered="0"/><counter type="COMPLEXITY" missed="1" covered="0"/><counter type="METHOD" missed="1" covered="0"/></method><method name="getBatchSize" desc="()I" line="132"><counter type="INSTRUCTION" missed="4" covered="0"/><counter type="LINE" missed="1" covered="0"/><counter type="COMPLEXITY" missed="1" covered="0"/><counter type="METHOD" missed="1" covered="0"/></method><counter type="INSTRUCTION" missed="86" covered="0"/><counter type="LINE" missed="12" covered="0"/><counter type="COMPLEXITY" missed="3" covered="0"/><counter type="METHOD" missed="3" covered="0"/><counter type="CLASS" missed="1" covered="0"/></class><class name="us/deloitteinnovation/aca/batch/receipt/repository/PrintDetailsMailRepository$1"><method name="&lt;init&gt;" desc="(Lus/deloitteinnovation/aca/batch/receipt/repository/PrintDetailsMailRepository;Ljava/util/List;)V" line="45"><counter type="INSTRUCTION" missed="9" covered="0"/><counter type="LINE" missed="1" covered="0"/><counter type="COMPLEXITY" missed="1" covered="0"/><counter type="METHOD" missed="1" covered="0"/></method><method name="setValues" desc="(Ljava/sql/PreparedStatement;I)V" line="48"><counter type="INSTRUCTION" missed="33" covered="0"/><counter type="LINE" missed="5" covered="0"/><counter type="COMPLEXITY" missed="1" covered="0"/><counter type="METHOD" missed="1" covered="0"/></method><method name="getBatchSize" desc="()I" line="56"><counter type="INSTRUCTION" missed="4" covered="0"/><counter type="LINE" missed="1" covered="0"/><counter type="COMPLEXITY" missed="1" covered="0"/><counter type="METHOD" missed="1" covered="0"/></method><counter type="INSTRUCTION" missed="46" covered="0"/><counter type="LINE" missed="7" covered="0"/><counter type="COMPLEXITY" missed="3" covered="0"/><counter type="METHOD" missed="3" covered="0"/><counter type="CLASS" missed="1" covered="0"/></class><class name="us/deloitteinnovation/aca/batch/receipt/repository/PrintDetailsMailRepository"><method name="&lt;init&gt;" desc="()V" line="24"><counter type="INSTRUCTION" missed="3" covered="0"/><counter type="LINE" missed="1" covered="0"/><counter type="COMPLEXITY" missed="1" covered="0"/><counter type="METHOD" missed="1" covered="0"/></method><method name="updatePrintDetailsStatus" desc="(Ljava/util/List;Z)[I" line="29"><counter type="INSTRUCTION" missed="10" covered="0"/><counter type="BRANCH" missed="2" covered="0"/><counter type="LINE" missed="3" covered="0"/><counter type="COMPLEXITY" missed="2" covered="0"/><counter type="METHOD" missed="1" covered="0"/></method><method name="createSQLDate" desc="()Ljava/sql/Timestamp;" line="38"><counter type="INSTRUCTION" missed="8" covered="0"/><counter type="LINE" missed="2" covered="0"/><counter type="COMPLEXITY" missed="1" covered="0"/><counter type="METHOD" missed="1" covered="0"/></method><method name="updatePrintDetailsForEmptyFiles" desc="(Ljava/util/List;)V" line="44"><counter type="INSTRUCTION" missed="19" covered="0"/><counter type="LINE" missed="6" covered="0"/><counter type="COMPLEXITY" missed="1" covered="0"/><counter type="METHOD" missed="1" covered="0"/></method><method name="isPrintXMLExists" desc="(Ljava/lang/String;)Z" line="67"><counter type="INSTRUCTION" missed="35" covered="0"/><counter type="BRANCH" missed="2" covered="0"/><counter type="LINE" missed="7" covered="0"/><counter type="COMPLEXITY" missed="2" covered="0"/><counter type="METHOD" missed="1" covered="0"/></method><method name="getTotalRecordsCount" desc="(Ljava/lang/String;)I" line="80"><counter type="INSTRUCTION" missed="23" covered="0"/><counter type="LINE" missed="5" covered="0"/><counter type="COMPLEXITY" missed="1" covered="0"/><counter type="METHOD" missed="1" covered="0"/></method><method name="getRequiredDetailsFromPrintDetails" desc="(Ljava/lang/String;)Ljava/util/List;" line="89"><counter type="INSTRUCTION" missed="16" covered="0"/><counter type="LINE" missed="3" covered="0"/><counter type="COMPLEXITY" missed="1" covered="0"/><counter type="METHOD" missed="1" covered="0"/></method><method name="updateCORFileStatus" desc="(Ljava/util/List;)[I" line="113"><counter type="INSTRUCTION" missed="20" covered="0"/><counter type="LINE" missed="6" covered="0"/><counter type="COMPLEXITY" missed="1" covered="0"/><counter type="METHOD" missed="1" covered="0"/></method><method name="updateCOMFileStatus" desc="(Ljava/util/List;)[I" line="142"><counter type="INSTRUCTION" missed="15" covered="0"/><counter type="LINE" missed="4" covered="0"/><counter type="COMPLEXITY" missed="1" covered="0"/><counter type="METHOD" missed="1" covered="0"/></method><method name="lambda$getRequiredDetailsFromPrintDetails$0" desc="(Ljava/lang/String;Ljava/sql/PreparedStatement;)V" line="92"><counter type="INSTRUCTION" missed="5" covered="0"/><counter type="LINE" missed="1" covered="0"/><counter type="COMPLEXITY" missed="1" covered="0"/><counter type="METHOD" missed="1" covered="0"/></method><method name="&lt;clinit&gt;" desc="()V" line="25"><counter type="INSTRUCTION" missed="4" covered="0"/><counter type="LINE" missed="1" covered="0"/><counter type="COMPLEXITY" missed="1" covered="0"/><counter type="METHOD" missed="1" covered="0"/></method><counter type="INSTRUCTION" missed="158" covered="0"/><counter type="BRANCH" missed="4" covered="0"/><counter type="LINE" missed="38" covered="0"/><counter type="COMPLEXITY" missed="13" covered="0"/><counter type="METHOD" missed="11" covered="0"/><counter type="CLASS" missed="1" covered="0"/></class><sourcefile name="PrintDetailsMailRepository.java"><line nr="24" mi="3" ci="0" mb="0" cb="0"/><line nr="25" mi="4" ci="0" mb="0" cb="0"/><line nr="29" mi="2" ci="0" mb="2" cb="0"/><line nr="30" mi="4" ci="0" mb="0" cb="0"/><line nr="32" mi="4" ci="0" mb="0" cb="0"/><line nr="38" mi="2" ci="0" mb="0" cb="0"/><line nr="39" mi="6" ci="0" mb="0" cb="0"/><line nr="44" mi="2" ci="0" mb="0" cb="0"/><line nr="45" mi="19" ci="0" mb="0" cb="0"/><line nr="48" mi="14" ci="0" mb="0" cb="0"/><line nr="49" mi="4" ci="0" mb="0" cb="0"/><line nr="50" mi="6" ci="0" mb="0" cb="0"/><line nr="51" mi="8" ci="0" mb="0" cb="0"/><line nr="52" mi="1" ci="0" mb="0" cb="0"/><line nr="56" mi="4" ci="0" mb="0" cb="0"/><line nr="59" mi="1" ci="0" mb="0" cb="0"/><line nr="60" mi="4" ci="0" mb="0" cb="0"/><line nr="61" mi="1" ci="0" mb="0" cb="0"/><line nr="62" mi="1" ci="0" mb="0" cb="0"/><line nr="67" mi="2" ci="0" mb="0" cb="0"/><line nr="68" mi="14" ci="0" mb="0" cb="0"/><line nr="69" mi="6" ci="0" mb="0" cb="0"/><line nr="70" mi="6" ci="0" mb="2" cb="0"/><line nr="71" mi="1" ci="0" mb="0" cb="0"/><line nr="72" mi="4" ci="0" mb="0" cb="0"/><line nr="74" mi="2" ci="0" mb="0" cb="0"/><line nr="80" mi="2" ci="0" mb="0" cb="0"/><line nr="81" mi="14" ci="0" mb="0" cb="0"/><line nr="82" mi="1" ci="0" mb="0" cb="0"/><line nr="83" mi="4" ci="0" mb="0" cb="0"/><line nr="85" mi="2" ci="0" mb="0" cb="0"/><line nr="89" mi="4" ci="0" mb="0" cb="0"/><line nr="90" mi="2" ci="0" mb="0" cb="0"/><line nr="92" mi="15" ci="0" mb="0" cb="0"/><line nr="96" mi="3" ci="0" mb="0" cb="0"/><line nr="100" mi="4" ci="0" mb="0" cb="0"/><line nr="101" mi="4" ci="0" mb="0" cb="0"/><line nr="102" mi="5" ci="0" mb="0" cb="0"/><line nr="103" mi="5" ci="0" mb="0" cb="0"/><line nr="104" mi="6" ci="0" mb="0" cb="0"/><line nr="105" mi="3" ci="0" mb="0" cb="0"/><line nr="106" mi="3" ci="0" mb="0" cb="0"/><line nr="108" mi="2" ci="0" mb="0" cb="0"/><line nr="113" mi="2" ci="0" mb="0" cb="0"/><line nr="115" mi="19" ci="0" mb="0" cb="0"/><line nr="118" mi="6" ci="0" mb="0" cb="0"/><line nr="119" mi="5" ci="0" mb="0" cb="0"/><line nr="120" mi="6" ci="0" mb="0" cb="0"/><line nr="121" mi="6" ci="0" mb="0" cb="0"/><line nr="122" mi="7" ci="0" mb="0" cb="0"/><line nr="123" mi="6" ci="0" mb="0" cb="0"/><line nr="124" mi="6" ci="0" mb="0" cb="0"/><line nr="126" mi="14" ci="0" mb="0" cb="0"/><line nr="127" mi="16" ci="0" mb="0" cb="0"/><line nr="128" mi="1" ci="0" mb="0" cb="0"/><line nr="132" mi="4" ci="0" mb="0" cb="0"/><line nr="135" mi="1" ci="0" mb="0" cb="0"/><line nr="136" mi="4" ci="0" mb="0" cb="0"/><line nr="137" mi="1" ci="0" mb="0" cb="0"/><line nr="138" mi="2" ci="0" mb="0" cb="0"/><line nr="142" mi="2" ci="0" mb="0" cb="0"/><line nr="144" mi="5" ci="0" mb="0" cb="0"/><line nr="145" mi="6" ci="0" mb="0" cb="0"/><line nr="146" mi="2" ci="0" mb="0" cb="0"/><counter type="INSTRUCTION" missed="325" covered="0"/><counter type="BRANCH" missed="4" covered="0"/><counter type="LINE" missed="64" covered="0"/><counter type="COMPLEXITY" missed="21" covered="0"/><counter type="METHOD" missed="19" covered="0"/><counter type="CLASS" missed="4" covered="0"/></sourcefile><counter type="INSTRUCTION" missed="325" covered="0"/><counter type="BRANCH" missed="4" covered="0"/><counter type="LINE" missed="64" covered="0"/><counter type="COMPLEXITY" missed="21" covered="0"/><counter type="METHOD" missed="19" covered="0"/><counter type="CLASS" missed="4" covered="0"/></package><package name="us/deloitteinnovation/aca/batch/receipt/util"><class name="us/deloitteinnovation/aca/batch/receipt/util/ProcessReceiptUtil"><method name="&lt;init&gt;" desc="()V" line="30"><counter type="INSTRUCTION" missed="3" covered="0"/><counter type="LINE" missed="1" covered="0"/><counter type="COMPLEXITY" missed="1" covered="0"/><counter type="METHOD" missed="1" covered="0"/></method><method name="readReceiptFile" desc="(Lus/deloitteinnovation/profile/ProfileProperties;)Lus/deloitteinnovation/aca/batch/receipt/dto/ProcessReceiptDto;" line="37"><counter type="INSTRUCTION" missed="102" covered="0"/><counter type="BRANCH" missed="8" covered="0"/><counter type="LINE" missed="18" covered="0"/><counter type="COMPLEXITY" missed="5" covered="0"/><counter type="METHOD" missed="1" covered="0"/></method><method name="preparePrintDetails" desc="(Ljava/util/List;Ljava/util/List;Ljava/io/File;Z)V" line="62"><counter type="INSTRUCTION" missed="170" covered="0"/><counter type="BRANCH" missed="14" covered="0"/><counter type="LINE" missed="27" covered="0"/><counter type="COMPLEXITY" missed="8" covered="0"/><counter type="METHOD" missed="1" covered="0"/></method><method name="readMailFile" desc="(Lus/deloitteinnovation/profile/ProfileProperties;)Lus/deloitteinnovation/aca/batch/receipt/dto/ProcessReceiptDto;" line="99"><counter type="INSTRUCTION" missed="72" covered="0"/><counter type="BRANCH" missed="8" covered="0"/><counter type="LINE" missed="15" covered="0"/><counter type="COMPLEXITY" missed="5" covered="0"/><counter type="METHOD" missed="1" covered="0"/></method><method name="getSourceId" desc="(Ljava/lang/String;)Ljava/lang/String;" line="122"><counter type="INSTRUCTION" missed="24" covered="0"/><counter type="BRANCH" missed="6" covered="0"/><counter type="LINE" missed="8" covered="0"/><counter type="COMPLEXITY" missed="4" covered="0"/><counter type="METHOD" missed="1" covered="0"/></method><method name="getTaxYear" desc="(Ljava/io/File;)I" line="134"><counter type="INSTRUCTION" missed="44" covered="0"/><counter type="LINE" missed="10" covered="0"/><counter type="COMPLEXITY" missed="1" covered="0"/><counter type="METHOD" missed="1" covered="0"/></method><method name="getStateCode" desc="(Ljava/io/File;)Ljava/lang/String;" line="152"><counter type="INSTRUCTION" missed="12" covered="0"/><counter type="LINE" missed="2" covered="0"/><counter type="COMPLEXITY" missed="1" covered="0"/><counter type="METHOD" missed="1" covered="0"/></method><method name="getCORStatus" desc="()Ljava/util/Set;" line="157"><counter type="INSTRUCTION" missed="10" covered="0"/><counter type="LINE" missed="3" covered="0"/><counter type="COMPLEXITY" missed="1" covered="0"/><counter type="METHOD" missed="1" covered="0"/></method><method name="getCOMStatus" desc="()Ljava/util/Set;" line="163"><counter type="INSTRUCTION" missed="6" covered="0"/><counter type="LINE" missed="2" covered="0"/><counter type="COMPLEXITY" missed="1" covered="0"/><counter type="METHOD" missed="1" covered="0"/></method><method name="&lt;clinit&gt;" desc="()V" line="31"><counter type="INSTRUCTION" missed="12" covered="0"/><counter type="LINE" missed="3" covered="0"/><counter type="COMPLEXITY" missed="1" covered="0"/><counter type="METHOD" missed="1" covered="0"/></method><counter type="INSTRUCTION" missed="455" covered="0"/><counter type="BRANCH" missed="36" covered="0"/><counter type="LINE" missed="89" covered="0"/><counter type="COMPLEXITY" missed="28" covered="0"/><counter type="METHOD" missed="10" covered="0"/><counter type="CLASS" missed="1" covered="0"/></class><class name="us/deloitteinnovation/aca/batch/receipt/util/BatchHistoryCleanupTasklet"><method name="&lt;init&gt;" desc="()V" line="37"><counter type="INSTRUCTION" missed="9" covered="0"/><counter type="LINE" missed="3" covered="0"/><counter type="COMPLEXITY" missed="1" covered="0"/><counter type="METHOD" missed="1" covered="0"/></method><method name="execute" desc="(Lorg/springframework/batch/core/StepContribution;Lorg/springframework/batch/core/scope/context/ChunkContext;)Lorg/springframework/batch/repeat/RepeatStatus;" line="67"><counter type="INSTRUCTION" missed="152" covered="0"/><counter type="LINE" missed="24" covered="0"/><counter type="COMPLEXITY" missed="1" covered="0"/><counter type="METHOD" missed="1" covered="0"/></method><method name="getQuery" desc="(Ljava/lang/String;)Ljava/lang/String;" line="103"><counter type="INSTRUCTION" missed="6" covered="0"/><counter type="LINE" missed="1" covered="0"/><counter type="COMPLEXITY" missed="1" covered="0"/><counter type="METHOD" missed="1" covered="0"/></method><method name="setTablePrefix" desc="(Ljava/lang/String;)V" line="107"><counter type="INSTRUCTION" missed="4" covered="0"/><counter type="LINE" missed="2" covered="0"/><counter type="COMPLEXITY" missed="1" covered="0"/><counter type="METHOD" missed="1" covered="0"/></method><method name="setHistoricRetentionMonth" desc="(Ljava/lang/Integer;)V" line="111"><counter type="INSTRUCTION" missed="4" covered="0"/><counter type="LINE" missed="2" covered="0"/><counter type="COMPLEXITY" missed="1" covered="0"/><counter type="METHOD" missed="1" covered="0"/></method><method name="setJdbcTemplate" desc="(Lorg/springframework/jdbc/core/JdbcTemplate;)V" line="115"><counter type="INSTRUCTION" missed="4" covered="0"/><counter type="LINE" missed="2" covered="0"/><counter type="COMPLEXITY" missed="1" covered="0"/><counter type="METHOD" missed="1" covered="0"/></method><method name="afterPropertiesSet" desc="()V" line="120"><counter type="INSTRUCTION" missed="4" covered="0"/><counter type="LINE" missed="2" covered="0"/><counter type="COMPLEXITY" missed="1" covered="0"/><counter type="METHOD" missed="1" covered="0"/></method><method name="&lt;clinit&gt;" desc="()V" line="59"><counter type="INSTRUCTION" missed="7" covered="0"/><counter type="LINE" missed="2" covered="0"/><counter type="COMPLEXITY" missed="1" covered="0"/><counter type="METHOD" missed="1" covered="0"/></method><counter type="INSTRUCTION" missed="190" covered="0"/><counter type="LINE" missed="38" covered="0"/><counter type="COMPLEXITY" missed="8" covered="0"/><counter type="METHOD" missed="8" covered="0"/><counter type="CLASS" missed="1" covered="0"/></class><class name="us/deloitteinnovation/aca/batch/receipt/util/ProcessReceiptConstants"><method name="&lt;init&gt;" desc="()V" line="3"><counter type="INSTRUCTION" missed="3" covered="0"/><counter type="LINE" missed="1" covered="0"/><counter type="COMPLEXITY" missed="1" covered="0"/><counter type="METHOD" missed="1" covered="0"/></method><method name="&lt;clinit&gt;" desc="()V" line="6"><counter type="INSTRUCTION" missed="6" covered="0"/><counter type="LINE" missed="2" covered="0"/><counter type="COMPLEXITY" missed="1" covered="0"/><counter type="METHOD" missed="1" covered="0"/></method><counter type="INSTRUCTION" missed="9" covered="0"/><counter type="LINE" missed="3" covered="0"/><counter type="COMPLEXITY" missed="2" covered="0"/><counter type="METHOD" missed="2" covered="0"/><counter type="CLASS" missed="1" covered="0"/></class><sourcefile name="BatchHistoryCleanupTasklet.java"><line nr="37" mi="2" ci="0" mb="0" cb="0"/><line nr="59" mi="3" ci="0" mb="0" cb="0"/><line nr="60" mi="4" ci="0" mb="0" cb="0"/><line nr="61" mi="3" ci="0" mb="0" cb="0"/><line nr="62" mi="4" ci="0" mb="0" cb="0"/><line nr="67" mi="2" ci="0" mb="0" cb="0"/><line nr="69" mi="9" ci="0" mb="0" cb="0"/><line nr="70" mi="4" ci="0" mb="0" cb="0"/><line nr="71" mi="6" ci="0" mb="0" cb="0"/><line nr="73" mi="13" ci="0" mb="0" cb="0"/><line nr="74" mi="5" ci="0" mb="0" cb="0"/><line nr="75" mi="4" ci="0" mb="0" cb="0"/><line nr="77" mi="13" ci="0" mb="0" cb="0"/><line nr="78" mi="5" ci="0" mb="0" cb="0"/><line nr="79" mi="4" ci="0" mb="0" cb="0"/><line nr="81" mi="13" ci="0" mb="0" cb="0"/><line nr="82" mi="5" ci="0" mb="0" cb="0"/><line nr="83" mi="4" ci="0" mb="0" cb="0"/><line nr="85" mi="13" ci="0" mb="0" cb="0"/><line nr="86" mi="5" ci="0" mb="0" cb="0"/><line nr="87" mi="4" ci="0" mb="0" cb="0"/><line nr="89" mi="13" ci="0" mb="0" cb="0"/><line nr="90" mi="5" ci="0" mb="0" cb="0"/><line nr="91" mi="4" ci="0" mb="0" cb="0"/><line nr="93" mi="7" ci="0" mb="0" cb="0"/><line nr="94" mi="5" ci="0" mb="0" cb="0"/><line nr="95" mi="4" ci="0" mb="0" cb="0"/><line nr="97" mi="3" ci="0" mb="0" cb="0"/><line nr="99" mi="2" ci="0" mb="0" cb="0"/><line nr="103" mi="6" ci="0" mb="0" cb="0"/><line nr="107" mi="3" ci="0" mb="0" cb="0"/><line nr="108" mi="1" ci="0" mb="0" cb="0"/><line nr="111" mi="3" ci="0" mb="0" cb="0"/><line nr="112" mi="1" ci="0" mb="0" cb="0"/><line nr="115" mi="3" ci="0" mb="0" cb="0"/><line nr="116" mi="1" ci="0" mb="0" cb="0"/><line nr="120" mi="3" ci="0" mb="0" cb="0"/><line nr="121" mi="1" ci="0" mb="0" cb="0"/><counter type="INSTRUCTION" missed="190" covered="0"/><counter type="LINE" missed="38" covered="0"/><counter type="COMPLEXITY" missed="8" covered="0"/><counter type="METHOD" missed="8" covered="0"/><counter type="CLASS" missed="1" covered="0"/></sourcefile><sourcefile name="ProcessReceiptUtil.java"><line nr="30" mi="3" ci="0" mb="0" cb="0"/><line nr="31" mi="3" ci="0" mb="0" cb="0"/><line nr="33" mi="4" ci="0" mb="0" cb="0"/><line nr="34" mi="5" ci="0" mb="0" cb="0"/><line nr="37" mi="4" ci="0" mb="0" cb="0"/><line nr="38" mi="10" ci="0" mb="0" cb="0"/><line nr="39" mi="2" ci="0" mb="2" cb="0"/><line nr="40" mi="5" ci="0" mb="0" cb="0"/><line nr="42" mi="5" ci="0" mb="0" cb="0"/><line nr="43" mi="10" ci="0" mb="0" cb="0"/><line nr="44" mi="3" ci="0" mb="0" cb="0"/><line nr="45" mi="10" ci="0" mb="0" cb="0"/><line nr="46" mi="4" ci="0" mb="0" cb="0"/><line nr="47" mi="4" ci="0" mb="0" cb="0"/><line nr="49" mi="16" ci="0" mb="2" cb="0"/><line nr="50" mi="8" ci="0" mb="4" cb="0"/><line nr="51" mi="6" ci="0" mb="0" cb="0"/><line nr="54" mi="4" ci="0" mb="0" cb="0"/><line nr="55" mi="3" ci="0" mb="0" cb="0"/><line nr="56" mi="3" ci="0" mb="0" cb="0"/><line nr="57" mi="3" ci="0" mb="0" cb="0"/><line nr="58" mi="2" ci="0" mb="0" cb="0"/><line nr="62" mi="2" ci="0" mb="0" cb="0"/><line nr="63" mi="2" ci="0" mb="0" cb="0"/><line nr="66" mi="8" ci="0" mb="0" cb="0"/><line nr="67" mi="5" ci="0" mb="2" cb="0"/><line nr="68" mi="3" ci="0" mb="2" cb="0"/><line nr="69" mi="4" ci="0" mb="0" cb="0"/><line nr="70" mi="4" ci="0" mb="0" cb="0"/><line nr="71" mi="4" ci="0" mb="0" cb="0"/><line nr="72" mi="14" ci="0" mb="2" cb="0"/><line nr="73" mi="7" ci="0" mb="0" cb="0"/><line nr="74" mi="7" ci="0" mb="0" cb="0"/><line nr="75" mi="5" ci="0" mb="0" cb="0"/><line nr="76" mi="5" ci="0" mb="0" cb="0"/><line nr="77" mi="3" ci="0" mb="0" cb="0"/><line nr="78" mi="5" ci="0" mb="0" cb="0"/><line nr="79" mi="4" ci="0" mb="0" cb="0"/><line nr="80" mi="1" ci="0" mb="0" cb="0"/><line nr="81" mi="14" ci="0" mb="2" cb="0"/><line nr="82" mi="8" ci="0" mb="0" cb="0"/><line nr="85" mi="1" ci="0" mb="0" cb="0"/><line nr="86" mi="10" ci="0" mb="0" cb="0"/><line nr="88" mi="7" ci="0" mb="6" cb="0"/><line nr="90" mi="6" ci="0" mb="0" cb="0"/><line nr="91" mi="3" ci="0" mb="0" cb="0"/><line nr="92" mi="30" ci="0" mb="0" cb="0"/><line nr="93" mi="7" ci="0" mb="0" cb="0"/><line nr="96" mi="1" ci="0" mb="0" cb="0"/><line nr="99" mi="4" ci="0" mb="0" cb="0"/><line nr="100" mi="2" ci="0" mb="2" cb="0"/><line nr="101" mi="5" ci="0" mb="0" cb="0"/><line nr="103" mi="5" ci="0" mb="0" cb="0"/><line nr="104" mi="3" ci="0" mb="0" cb="0"/><line nr="105" mi="4" ci="0" mb="0" cb="0"/><line nr="106" mi="4" ci="0" mb="0" cb="0"/><line nr="108" mi="16" ci="0" mb="2" cb="0"/><line nr="109" mi="8" ci="0" mb="4" cb="0"/><line nr="110" mi="6" ci="0" mb="0" cb="0"/><line nr="113" mi="4" ci="0" mb="0" cb="0"/><line nr="114" mi="3" ci="0" mb="0" cb="0"/><line nr="115" mi="3" ci="0" mb="0" cb="0"/><line nr="116" mi="3" ci="0" mb="0" cb="0"/><line nr="117" mi="2" ci="0" mb="0" cb="0"/><line nr="122" mi="2" ci="0" mb="0" cb="0"/><line nr="123" mi="4" ci="0" mb="2" cb="0"/><line nr="124" mi="3" ci="0" mb="0" cb="0"/><line nr="125" mi="4" ci="0" mb="2" cb="0"/><line nr="126" mi="3" ci="0" mb="0" cb="0"/><line nr="127" mi="4" ci="0" mb="2" cb="0"/><line nr="128" mi="2" ci="0" mb="0" cb="0"/><line nr="130" mi="2" ci="0" mb="0" cb="0"/><line nr="134" mi="2" ci="0" mb="0" cb="0"/><line nr="136" mi="5" ci="0" mb="0" cb="0"/><line nr="138" mi="5" ci="0" mb="0" cb="0"/><line nr="139" mi="8" ci="0" mb="0" cb="0"/><line nr="140" mi="3" ci="0" mb="0" cb="0"/><line nr="142" mi="1" ci="0" mb="0" cb="0"/><line nr="143" mi="3" ci="0" mb="0" cb="0"/><line nr="144" mi="1" ci="0" mb="0" cb="0"/><line nr="145" mi="12" ci="0" mb="0" cb="0"/><line nr="146" mi="4" ci="0" mb="0" cb="0"/><line nr="152" mi="5" ci="0" mb="0" cb="0"/><line nr="153" mi="7" ci="0" mb="0" cb="0"/><line nr="157" mi="4" ci="0" mb="0" cb="0"/><line nr="158" mi="4" ci="0" mb="0" cb="0"/><line nr="159" mi="2" ci="0" mb="0" cb="0"/><line nr="163" mi="4" ci="0" mb="0" cb="0"/><line nr="164" mi="2" ci="0" mb="0" cb="0"/><counter type="INSTRUCTION" missed="455" covered="0"/><counter type="BRANCH" missed="36" covered="0"/><counter type="LINE" missed="89" covered="0"/><counter type="COMPLEXITY" missed="28" covered="0"/><counter type="METHOD" missed="10" covered="0"/><counter type="CLASS" missed="1" covered="0"/></sourcefile><sourcefile name="ProcessReceiptConstants.java"><line nr="3" mi="3" ci="0" mb="0" cb="0"/><line nr="6" mi="2" ci="0" mb="0" cb="0"/><line nr="8" mi="4" ci="0" mb="0" cb="0"/><counter type="INSTRUCTION" missed="9" covered="0"/><counter type="LINE" missed="3" covered="0"/><counter type="COMPLEXITY" missed="2" covered="0"/><counter type="METHOD" missed="2" covered="0"/><counter type="CLASS" missed="1" covered="0"/></sourcefile><counter type="INSTRUCTION" missed="654" covered="0"/><counter type="BRANCH" missed="36" covered="0"/><counter type="LINE" missed="130" covered="0"/><counter type="COMPLEXITY" missed="38" covered="0"/><counter type="METHOD" missed="20" covered="0"/><counter type="CLASS" missed="3" covered="0"/></package><package name="us/deloitteinnovation/aca/batch/receipt/reader"><class name="us/deloitteinnovation/aca/batch/receipt/reader/ConfirmationFileReader$NameFilter"><method name="&lt;init&gt;" desc="(Ljava/lang/String;)V" line="85"><counter type="INSTRUCTION" missed="6" covered="0"/><counter type="LINE" missed="3" covered="0"/><counter type="COMPLEXITY" missed="1" covered="0"/><counter type="METHOD" missed="1" covered="0"/></method><method name="accept" desc="(Ljava/io/File;)Z" line="92"><counter type="INSTRUCTION" missed="18" covered="0"/><counter type="BRANCH" missed="4" covered="0"/><counter type="LINE" missed="1" covered="0"/><counter type="COMPLEXITY" missed="3" covered="0"/><counter type="METHOD" missed="1" covered="0"/></method><counter type="INSTRUCTION" missed="24" covered="0"/><counter type="BRANCH" missed="4" covered="0"/><counter type="LINE" missed="4" covered="0"/><counter type="COMPLEXITY" missed="4" covered="0"/><counter type="METHOD" missed="2" covered="0"/><counter type="CLASS" missed="1" covered="0"/></class><class name="us/deloitteinnovation/aca/batch/receipt/reader/ConfirmationFileReader"><method name="&lt;init&gt;" desc="()V" line="19"><counter type="INSTRUCTION" missed="3" covered="0"/><counter type="LINE" missed="1" covered="0"/><counter type="COMPLEXITY" missed="1" covered="0"/><counter type="METHOD" missed="1" covered="0"/></method><method name="read" desc="()Ljava/io/File;" line="31"><counter type="INSTRUCTION" missed="16" covered="0"/><counter type="LINE" missed="4" covered="0"/><counter type="COMPLEXITY" missed="1" covered="0"/><counter type="METHOD" missed="1" covered="0"/></method><method name="beforeStep" desc="(Lorg/springframework/batch/core/StepExecution;)V" line="41"><counter type="INSTRUCTION" missed="4" covered="0"/><counter type="LINE" missed="2" covered="0"/><counter type="COMPLEXITY" missed="1" covered="0"/><counter type="METHOD" missed="1" covered="0"/></method><method name="readConfirmationFiles" desc="(Ljava/lang/String;)Ljava/io/File;" line="46"><counter type="INSTRUCTION" missed="68" covered="0"/><counter type="BRANCH" missed="4" covered="0"/><counter type="LINE" missed="14" covered="0"/><counter type="COMPLEXITY" missed="3" covered="0"/><counter type="METHOD" missed="1" covered="0"/></method><method name="sort" desc="([Ljava/io/File;)V" line="78"><counter type="INSTRUCTION" missed="4" covered="0"/><counter type="LINE" missed="2" covered="0"/><counter type="COMPLEXITY" missed="1" covered="0"/><counter type="METHOD" missed="1" covered="0"/></method><method name="lambda$sort$0" desc="(Ljava/io/File;Ljava/io/File;)I" line="78"><counter type="INSTRUCTION" missed="8" covered="0"/><counter type="LINE" missed="1" covered="0"/><counter type="COMPLEXITY" missed="1" covered="0"/><counter type="METHOD" missed="1" covered="0"/></method><method name="&lt;clinit&gt;" desc="()V" line="21"><counter type="INSTRUCTION" missed="4" covered="0"/><counter type="LINE" missed="1" covered="0"/><counter type="COMPLEXITY" missed="1" covered="0"/><counter type="METHOD" missed="1" covered="0"/></method><counter type="INSTRUCTION" missed="107" covered="0"/><counter type="BRANCH" missed="4" covered="0"/><counter type="LINE" missed="24" covered="0"/><counter type="COMPLEXITY" missed="9" covered="0"/><counter type="METHOD" missed="7" covered="0"/><counter type="CLASS" missed="1" covered="0"/></class><class name="us/deloitteinnovation/aca/batch/receipt/reader/ConfirmationFileProcessor"><method name="&lt;init&gt;" desc="()V" line="40"><counter type="INSTRUCTION" missed="3" covered="0"/><counter type="LINE" missed="1" covered="0"/><counter type="COMPLEXITY" missed="1" covered="0"/><counter type="METHOD" missed="1" covered="0"/></method><method name="process" desc="(Ljava/io/File;)Lus/deloitteinnovation/aca/batch/receipt/dto/StepResult;" line="51"><counter type="INSTRUCTION" missed="67" covered="0"/><counter type="BRANCH" missed="4" covered="0"/><counter type="LINE" missed="17" covered="0"/><counter type="COMPLEXITY" missed="3" covered="0"/><counter type="METHOD" missed="1" covered="0"/></method><method name="beforeStep" desc="(Lorg/springframework/batch/core/StepExecution;)V" line="78"><counter type="INSTRUCTION" missed="4" covered="0"/><counter type="LINE" missed="2" covered="0"/><counter type="COMPLEXITY" missed="1" covered="0"/><counter type="METHOD" missed="1" covered="0"/></method><method name="isCOR" desc="()Z" line="83"><counter type="INSTRUCTION" missed="12" covered="0"/><counter type="LINE" missed="3" covered="0"/><counter type="COMPLEXITY" missed="1" covered="0"/><counter type="METHOD" missed="1" covered="0"/></method><method name="getBaseFileName" desc="(Ljava/io/File;)Ljava/lang/String;" line="91"><counter type="INSTRUCTION" missed="16" covered="0"/><counter type="LINE" missed="3" covered="0"/><counter type="COMPLEXITY" missed="1" covered="0"/><counter type="METHOD" missed="1" covered="0"/></method><method name="isFileExistsInDB" desc="(Ljava/lang/String;Ljava/io/File;Lus/deloitteinnovation/aca/batch/receipt/dto/StepResult;Ljava/lang/String;)Z" line="98"><counter type="INSTRUCTION" missed="99" covered="0"/><counter type="BRANCH" missed="12" covered="0"/><counter type="LINE" missed="19" covered="0"/><counter type="COMPLEXITY" missed="7" covered="0"/><counter type="METHOD" missed="1" covered="0"/></method><method name="isCORCOMFileExistsInDB" desc="(Ljava/lang/String;)Z" line="126"><counter type="INSTRUCTION" missed="9" covered="0"/><counter type="LINE" missed="2" covered="0"/><counter type="COMPLEXITY" missed="1" covered="0"/><counter type="METHOD" missed="1" covered="0"/></method><method name="validateFile" desc="(Ljava/io/File;Lus/deloitteinnovation/aca/batch/receipt/dto/StepResult;)Z" line="131"><counter type="INSTRUCTION" missed="113" covered="0"/><counter type="BRANCH" missed="14" covered="0"/><counter type="LINE" missed="22" covered="0"/><counter type="COMPLEXITY" missed="8" covered="0"/><counter type="METHOD" missed="1" covered="0"/></method><method name="checkStatus" desc="(Ljava/io/File;)Z" line="161"><counter type="INSTRUCTION" missed="13" covered="0"/><counter type="LINE" missed="4" covered="0"/><counter type="COMPLEXITY" missed="1" covered="0"/><counter type="METHOD" missed="1" covered="0"/></method><method name="isStatusValid" desc="(ZLjava/io/File;Z)Z" line="168"><counter type="INSTRUCTION" missed="84" covered="0"/><counter type="BRANCH" missed="14" covered="0"/><counter type="LINE" missed="14" covered="0"/><counter type="COMPLEXITY" missed="8" covered="0"/><counter type="METHOD" missed="1" covered="0"/></method><method name="isCountValid" desc="(Ljava/lang/String;Lus/deloitteinnovation/aca/batch/receipt/dto/StepResult;Ljava/io/File;)Z" line="191"><counter type="INSTRUCTION" missed="154" covered="0"/><counter type="BRANCH" missed="12" covered="0"/><counter type="LINE" missed="31" covered="0"/><counter type="COMPLEXITY" missed="7" covered="0"/><counter type="METHOD" missed="1" covered="0"/></method><method name="isRecordCountMatchingWithActualRecords" desc="(Ljava/io/File;)Z" line="235"><counter type="INSTRUCTION" missed="24" covered="0"/><counter type="BRANCH" missed="4" covered="0"/><counter type="LINE" missed="3" covered="0"/><counter type="COMPLEXITY" missed="3" covered="0"/><counter type="METHOD" missed="1" covered="0"/></method><method name="getTotalRecordsInFile" desc="(Ljava/io/File;)I" line="242"><counter type="INSTRUCTION" missed="75" covered="0"/><counter type="BRANCH" missed="8" covered="0"/><counter type="LINE" missed="8" covered="0"/><counter type="COMPLEXITY" missed="5" covered="0"/><counter type="METHOD" missed="1" covered="0"/></method><method name="isStatusAndRIDExistsForAllRecords" desc="(Ljava/io/File;)Z" line="255"><counter type="INSTRUCTION" missed="90" covered="0"/><counter type="BRANCH" missed="12" covered="0"/><counter type="LINE" missed="18" covered="0"/><counter type="COMPLEXITY" missed="7" covered="0"/><counter type="METHOD" missed="1" covered="0"/></method><method name="getRecordCountFromCORFile" desc="(Ljava/io/File;)I" line="287"><counter type="INSTRUCTION" missed="64" covered="0"/><counter type="BRANCH" missed="8" covered="0"/><counter type="LINE" missed="9" covered="0"/><counter type="COMPLEXITY" missed="5" covered="0"/><counter type="METHOD" missed="1" covered="0"/></method><method name="getRecordCountFromCOMFile" desc="(Ljava/io/File;)I" line="306"><counter type="INSTRUCTION" missed="67" covered="0"/><counter type="BRANCH" missed="8" covered="0"/><counter type="LINE" missed="9" covered="0"/><counter type="COMPLEXITY" missed="5" covered="0"/><counter type="METHOD" missed="1" covered="0"/></method><method name="getRequisitionIdFromCOMFile" desc="(Ljava/io/File;)Ljava/lang/String;" line="327"><counter type="INSTRUCTION" missed="74" covered="0"/><counter type="BRANCH" missed="8" covered="0"/><counter type="LINE" missed="9" covered="0"/><counter type="COMPLEXITY" missed="5" covered="0"/><counter type="METHOD" missed="1" covered="0"/></method><method name="logException" desc="(Lus/deloitteinnovation/aca/batch/receipt/dto/StepResult;Ljava/lang/String;)V" line="342"><counter type="INSTRUCTION" missed="13" covered="0"/><counter type="LINE" missed="4" covered="0"/><counter type="COMPLEXITY" missed="1" covered="0"/><counter type="METHOD" missed="1" covered="0"/></method><method name="preparePrintDetails" desc="(Ljava/io/File;Lus/deloitteinnovation/aca/batch/receipt/dto/StepResult;)V" line="350"><counter type="INSTRUCTION" missed="148" covered="0"/><counter type="BRANCH" missed="18" covered="0"/><counter type="LINE" missed="27" covered="0"/><counter type="COMPLEXITY" missed="10" covered="0"/><counter type="METHOD" missed="1" covered="0"/></method><method name="addPrintDetails" desc="(Lus/deloitteinnovation/aca/batch/receipt/dto/StepResult;Ljava/io/File;Ljava/lang/String;Ljava/lang/String;)V" line="395"><counter type="INSTRUCTION" missed="55" covered="0"/><counter type="BRANCH" missed="2" covered="0"/><counter type="LINE" missed="14" covered="0"/><counter type="COMPLEXITY" missed="2" covered="0"/><counter type="METHOD" missed="1" covered="0"/></method><method name="isEmptyFile" desc="(Ljava/io/File;)Z" line="417"><counter type="INSTRUCTION" missed="10" covered="0"/><counter type="BRANCH" missed="2" covered="0"/><counter type="LINE" missed="2" covered="0"/><counter type="COMPLEXITY" missed="2" covered="0"/><counter type="METHOD" missed="1" covered="0"/></method><method name="getSourceId" desc="(Ljava/lang/String;)Ljava/lang/String;" line="422"><counter type="INSTRUCTION" missed="24" covered="0"/><counter type="BRANCH" missed="6" covered="0"/><counter type="LINE" missed="8" covered="0"/><counter type="COMPLEXITY" missed="4" covered="0"/><counter type="METHOD" missed="1" covered="0"/></method><method name="getTaxYear" desc="(Ljava/io/File;)I" line="434"><counter type="INSTRUCTION" missed="34" covered="0"/><counter type="LINE" missed="9" covered="0"/><counter type="COMPLEXITY" missed="1" covered="0"/><counter type="METHOD" missed="1" covered="0"/></method><method name="getStateCode" desc="(Ljava/io/File;)Ljava/lang/String;" line="450"><counter type="INSTRUCTION" missed="12" covered="0"/><counter type="LINE" missed="2" covered="0"/><counter type="COMPLEXITY" missed="1" covered="0"/><counter type="METHOD" missed="1" covered="0"/></method><method name="updateFilerDemographicStatusForResend" desc="(Lus/deloitteinnovation/aca/batch/receipt/dto/StepResult;Lus/deloitteinnovation/aca/entity/PrintDetail;)V" line="455"><counter type="INSTRUCTION" missed="37" covered="0"/><counter type="LINE" missed="9" covered="0"/><counter type="COMPLEXITY" missed="1" covered="0"/><counter type="METHOD" missed="1" covered="0"/></method><method name="lambda$getTotalRecordsInFile$0" desc="(Ljava/lang/String;)Z" line="245"><counter type="INSTRUCTION" missed="8" covered="0"/><counter type="BRANCH" missed="2" covered="0"/><counter type="LINE" missed="1" covered="0"/><counter type="COMPLEXITY" missed="2" covered="0"/><counter type="METHOD" missed="1" covered="0"/></method><method name="&lt;clinit&gt;" desc="()V" line="42"><counter type="INSTRUCTION" missed="4" covered="0"/><counter type="LINE" missed="1" covered="0"/><counter type="COMPLEXITY" missed="1" covered="0"/><counter type="METHOD" missed="1" covered="0"/></method><counter type="INSTRUCTION" missed="1313" covered="0"/><counter type="BRANCH" missed="134" covered="0"/><counter type="LINE" missed="250" covered="0"/><counter type="COMPLEXITY" missed="94" covered="0"/><counter type="METHOD" missed="27" covered="0"/><counter type="CLASS" missed="1" covered="0"/></class><class name="us/deloitteinnovation/aca/batch/receipt/reader/ConfirmationFileWriter"><method name="&lt;init&gt;" desc="()V" line="30"><counter type="INSTRUCTION" missed="3" covered="0"/><counter type="LINE" missed="1" covered="0"/><counter type="COMPLEXITY" missed="1" covered="0"/><counter type="METHOD" missed="1" covered="0"/></method><method name="write" desc="(Ljava/util/List;)V" line="51"><counter type="INSTRUCTION" missed="144" covered="0"/><counter type="BRANCH" missed="10" covered="0"/><counter type="LINE" missed="32" covered="0"/><counter type="COMPLEXITY" missed="6" covered="0"/><counter type="METHOD" missed="1" covered="0"/></method><method name="updateFilerDemographicStatusForEmptyFiles" desc="(Ljava/util/List;)V" line="110"><counter type="INSTRUCTION" missed="20" covered="0"/><counter type="BRANCH" missed="2" covered="0"/><counter type="LINE" missed="6" covered="0"/><counter type="COMPLEXITY" missed="2" covered="0"/><counter type="METHOD" missed="1" covered="0"/></method><method name="getBatchInfoDto" desc="(Ljava/io/File;Lus/deloitteinnovation/aca/batch/receipt/dto/StepResult;[I)Lus/deloitteinnovation/aca/batch/dto/BatchInfoDto;" line="120"><counter type="INSTRUCTION" missed="90" covered="0"/><counter type="BRANCH" missed="8" covered="0"/><counter type="LINE" missed="23" covered="0"/><counter type="COMPLEXITY" missed="5" covered="0"/><counter type="METHOD" missed="1" covered="0"/></method><method name="saveExceptionReport" desc="(Ljava/util/List;Lus/deloitteinnovation/aca/batch/dto/BatchInfoDto;)V" line="155"><counter type="INSTRUCTION" missed="41" covered="0"/><counter type="BRANCH" missed="6" covered="0"/><counter type="LINE" missed="11" covered="0"/><counter type="COMPLEXITY" missed="4" covered="0"/><counter type="METHOD" missed="1" covered="0"/></method><method name="beforeStep" desc="(Lorg/springframework/batch/core/StepExecution;)V" line="177"><counter type="INSTRUCTION" missed="4" covered="0"/><counter type="LINE" missed="2" covered="0"/><counter type="COMPLEXITY" missed="1" covered="0"/><counter type="METHOD" missed="1" covered="0"/></method><method name="isCOR" desc="()Z" line="182"><counter type="INSTRUCTION" missed="12" covered="0"/><counter type="LINE" missed="3" covered="0"/><counter type="COMPLEXITY" missed="1" covered="0"/><counter type="METHOD" missed="1" covered="0"/></method><method name="&lt;clinit&gt;" desc="()V" line="32"><counter type="INSTRUCTION" missed="4" covered="0"/><counter type="LINE" missed="1" covered="0"/><counter type="COMPLEXITY" missed="1" covered="0"/><counter type="METHOD" missed="1" covered="0"/></method><counter type="INSTRUCTION" missed="318" covered="0"/><counter type="BRANCH" missed="26" covered="0"/><counter type="LINE" missed="79" covered="0"/><counter type="COMPLEXITY" missed="21" covered="0"/><counter type="METHOD" missed="8" covered="0"/><counter type="CLASS" missed="1" covered="0"/></class><sourcefile name="ConfirmationFileProcessor.java"><line nr="40" mi="3" ci="0" mb="0" cb="0"/><line nr="42" mi="4" ci="0" mb="0" cb="0"/><line nr="51" mi="4" ci="0" mb="0" cb="0"/><line nr="53" mi="3" ci="0" mb="0" cb="0"/><line nr="55" mi="7" ci="0" mb="0" cb="0"/><line nr="57" mi="5" ci="0" mb="0" cb="0"/><line nr="58" mi="3" ci="0" mb="0" cb="0"/><line nr="59" mi="2" ci="0" mb="2" cb="0"/><line nr="60" mi="4" ci="0" mb="2" cb="0"/><line nr="61" mi="3" ci="0" mb="0" cb="0"/><line nr="62" mi="4" ci="0" mb="0" cb="0"/><line nr="63" mi="11" ci="0" mb="0" cb="0"/><line nr="64" mi="3" ci="0" mb="0" cb="0"/><line nr="65" mi="3" ci="0" mb="0" cb="0"/><line nr="66" mi="5" ci="0" mb="0" cb="0"/><line nr="67" mi="1" ci="0" mb="0" cb="0"/><line nr="68" mi="4" ci="0" mb="0" cb="0"/><line nr="72" mi="3" ci="0" mb="0" cb="0"/><line nr="73" mi="2" ci="0" mb="0" cb="0"/><line nr="78" mi="3" ci="0" mb="0" cb="0"/><line nr="79" mi="1" ci="0" mb="0" cb="0"/><line nr="83" mi="5" ci="0" mb="0" cb="0"/><line nr="84" mi="3" ci="0" mb="0" cb="0"/><line nr="86" mi="4" ci="0" mb="0" cb="0"/><line nr="91" mi="10" ci="0" mb="0" cb="0"/><line nr="92" mi="4" ci="0" mb="0" cb="0"/><line nr="93" mi="2" ci="0" mb="0" cb="0"/><line nr="98" mi="4" ci="0" mb="0" cb="0"/><line nr="99" mi="5" ci="0" mb="2" cb="0"/><line nr="100" mi="3" ci="0" mb="2" cb="0"/><line nr="101" mi="11" ci="0" mb="2" cb="0"/><line nr="102" mi="12" ci="0" mb="0" cb="0"/><line nr="103" mi="3" ci="0" mb="0" cb="0"/><line nr="104" mi="2" ci="0" mb="0" cb="0"/><line nr="106" mi="2" ci="0" mb="0" cb="0"/><line nr="107" mi="3" ci="0" mb="2" cb="0"/><line nr="108" mi="11" ci="0" mb="2" cb="0"/><line nr="109" mi="5" ci="0" mb="2" cb="0"/><line nr="110" mi="12" ci="0" mb="0" cb="0"/><line nr="111" mi="3" ci="0" mb="0" cb="0"/><line nr="112" mi="2" ci="0" mb="0" cb="0"/><line nr="114" mi="2" ci="0" mb="0" cb="0"/><line nr="116" mi="12" ci="0" mb="0" cb="0"/><line nr="117" mi="3" ci="0" mb="0" cb="0"/><line nr="118" mi="2" ci="0" mb="0" cb="0"/><line nr="122" mi="2" ci="0" mb="0" cb="0"/><line nr="126" mi="4" ci="0" mb="0" cb="0"/><line nr="127" mi="5" ci="0" mb="0" cb="0"/><line nr="131" mi="4" ci="0" mb="0" cb="0"/><line nr="132" mi="5" ci="0" mb="0" cb="0"/><line nr="134" mi="7" ci="0" mb="2" cb="0"/><line nr="135" mi="3" ci="0" mb="2" cb="0"/><line nr="136" mi="5" ci="0" mb="0" cb="0"/><line nr="137" mi="12" ci="0" mb="0" cb="0"/><line nr="139" mi="2" ci="0" mb="0" cb="0"/><line nr="140" mi="4" ci="0" mb="2" cb="0"/><line nr="141" mi="2" ci="0" mb="0" cb="0"/><line nr="142" mi="6" ci="0" mb="2" cb="0"/><line nr="143" mi="2" ci="0" mb="0" cb="0"/><line nr="144" mi="4" ci="0" mb="2" cb="0"/><line nr="145" mi="5" ci="0" mb="0" cb="0"/><line nr="146" mi="12" ci="0" mb="0" cb="0"/><line nr="147" mi="2" ci="0" mb="0" cb="0"/><line nr="148" mi="4" ci="0" mb="2" cb="0"/><line nr="149" mi="12" ci="0" mb="0" cb="0"/><line nr="150" mi="2" ci="0" mb="0" cb="0"/><line nr="151" mi="4" ci="0" mb="2" cb="0"/><line nr="152" mi="12" ci="0" mb="0" cb="0"/><line nr="153" mi="2" ci="0" mb="0" cb="0"/><line nr="156" mi="2" ci="0" mb="0" cb="0"/><line nr="161" mi="2" ci="0" mb="0" cb="0"/><line nr="162" mi="3" ci="0" mb="0" cb="0"/><line nr="163" mi="6" ci="0" mb="0" cb="0"/><line nr="164" mi="2" ci="0" mb="0" cb="0"/><line nr="168" mi="15" ci="0" mb="0" cb="0"/><line nr="169" mi="3" ci="0" mb="0" cb="0"/><line nr="171" mi="5" ci="0" mb="2" cb="0"/><line nr="172" mi="6" ci="0" mb="0" cb="0"/><line nr="173" mi="2" ci="0" mb="2" cb="0"/><line nr="174" mi="5" ci="0" mb="0" cb="0"/><line nr="176" mi="4" ci="0" mb="0" cb="0"/><line nr="178" mi="2" ci="0" mb="2" cb="0"/><line nr="179" mi="1" ci="0" mb="0" cb="0"/><line nr="181" mi="1" ci="0" mb="0" cb="0"/><line nr="183" mi="33" ci="0" mb="8" cb="0"/><line nr="184" mi="4" ci="0" mb="0" cb="0"/><line nr="185" mi="1" ci="0" mb="0" cb="0"/><line nr="187" mi="2" ci="0" mb="0" cb="0"/><line nr="191" mi="3" ci="0" mb="2" cb="0"/><line nr="193" mi="4" ci="0" mb="0" cb="0"/><line nr="194" mi="5" ci="0" mb="0" cb="0"/><line nr="195" mi="6" ci="0" mb="0" cb="0"/><line nr="197" mi="4" ci="0" mb="0" cb="0"/><line nr="198" mi="5" ci="0" mb="0" cb="0"/><line nr="199" mi="3" ci="0" mb="2" cb="0"/><line nr="200" mi="5" ci="0" mb="0" cb="0"/><line nr="201" mi="12" ci="0" mb="0" cb="0"/><line nr="202" mi="2" ci="0" mb="0" cb="0"/><line nr="203" mi="3" ci="0" mb="2" cb="0"/><line nr="204" mi="5" ci="0" mb="0" cb="0"/><line nr="205" mi="12" ci="0" mb="0" cb="0"/><line nr="206" mi="2" ci="0" mb="0" cb="0"/><line nr="208" mi="1" ci="0" mb="0" cb="0"/><line nr="209" mi="4" ci="0" mb="0" cb="0"/><line nr="210" mi="3" ci="0" mb="2" cb="0"/><line nr="211" mi="5" ci="0" mb="0" cb="0"/><line nr="212" mi="12" ci="0" mb="0" cb="0"/><line nr="213" mi="2" ci="0" mb="0" cb="0"/><line nr="216" mi="4" ci="0" mb="0" cb="0"/><line nr="217" mi="2" ci="0" mb="2" cb="0"/><line nr="218" mi="5" ci="0" mb="2" cb="0"/><line nr="219" mi="5" ci="0" mb="0" cb="0"/><line nr="220" mi="12" ci="0" mb="0" cb="0"/><line nr="221" mi="2" ci="0" mb="0" cb="0"/><line nr="223" mi="5" ci="0" mb="0" cb="0"/><line nr="225" mi="5" ci="0" mb="0" cb="0"/><line nr="226" mi="12" ci="0" mb="0" cb="0"/><line nr="227" mi="2" ci="0" mb="0" cb="0"/><line nr="231" mi="2" ci="0" mb="0" cb="0"/><line nr="235" mi="11" ci="0" mb="2" cb="0"/><line nr="236" mi="4" ci="0" mb="0" cb="0"/><line nr="237" mi="9" ci="0" mb="2" cb="0"/><line nr="242" mi="4" ci="0" mb="0" cb="0"/><line nr="244" mi="14" ci="0" mb="0" cb="0"/><line nr="245" mi="16" ci="0" mb="2" cb="0"/><line nr="246" mi="33" ci="0" mb="8" cb="0"/><line nr="247" mi="4" ci="0" mb="0" cb="0"/><line nr="248" mi="1" ci="0" mb="0" cb="0"/><line nr="249" mi="8" ci="0" mb="0" cb="0"/><line nr="250" mi="3" ci="0" mb="0" cb="0"/><line nr="255" mi="2" ci="0" mb="0" cb="0"/><line nr="258" mi="15" ci="0" mb="0" cb="0"/><line nr="259" mi="3" ci="0" mb="0" cb="0"/><line nr="261" mi="5" ci="0" mb="2" cb="0"/><line nr="262" mi="6" ci="0" mb="2" cb="0"/><line nr="263" mi="2" ci="0" mb="0" cb="0"/><line nr="264" mi="1" ci="0" mb="0" cb="0"/><line nr="268" mi="7" ci="0" mb="0" cb="0"/><line nr="269" mi="1" ci="0" mb="0" cb="0"/><line nr="270" mi="4" ci="0" mb="0" cb="0"/><line nr="271" mi="2" ci="0" mb="0" cb="0"/><line nr="272" mi="1" ci="0" mb="0" cb="0"/><line nr="273" mi="1" ci="0" mb="0" cb="0"/><line nr="277" mi="32" ci="0" mb="8" cb="0"/><line nr="279" mi="1" ci="0" mb="0" cb="0"/><line nr="280" mi="4" ci="0" mb="0" cb="0"/><line nr="281" mi="1" ci="0" mb="0" cb="0"/><line nr="282" mi="2" ci="0" mb="0" cb="0"/><line nr="287" mi="2" ci="0" mb="0" cb="0"/><line nr="291" mi="15" ci="0" mb="0" cb="0"/><line nr="292" mi="4" ci="0" mb="0" cb="0"/><line nr="293" mi="32" ci="0" mb="8" cb="0"/><line nr="295" mi="1" ci="0" mb="0" cb="0"/><line nr="296" mi="2" ci="0" mb="0" cb="0"/><line nr="297" mi="5" ci="0" mb="0" cb="0"/><line nr="298" mi="1" ci="0" mb="0" cb="0"/><line nr="300" mi="2" ci="0" mb="0" cb="0"/><line nr="306" mi="2" ci="0" mb="0" cb="0"/><line nr="310" mi="15" ci="0" mb="0" cb="0"/><line nr="311" mi="8" ci="0" mb="0" cb="0"/><line nr="312" mi="32" ci="0" mb="8" cb="0"/><line nr="314" mi="1" ci="0" mb="0" cb="0"/><line nr="315" mi="2" ci="0" mb="0" cb="0"/><line nr="316" mi="4" ci="0" mb="0" cb="0"/><line nr="317" mi="1" ci="0" mb="0" cb="0"/><line nr="319" mi="2" ci="0" mb="0" cb="0"/><line nr="327" mi="15" ci="0" mb="0" cb="0"/><line nr="328" mi="7" ci="0" mb="0" cb="0"/><line nr="329" mi="32" ci="0" mb="8" cb="0"/><line nr="331" mi="1" ci="0" mb="0" cb="0"/><line nr="332" mi="2" ci="0" mb="0" cb="0"/><line nr="333" mi="4" ci="0" mb="0" cb="0"/><line nr="334" mi="1" ci="0" mb="0" cb="0"/><line nr="335" mi="10" ci="0" mb="0" cb="0"/><line nr="336" mi="2" ci="0" mb="0" cb="0"/><line nr="342" mi="4" ci="0" mb="0" cb="0"/><line nr="343" mi="3" ci="0" mb="0" cb="0"/><line nr="344" mi="5" ci="0" mb="0" cb="0"/><line nr="346" mi="1" ci="0" mb="0" cb="0"/><line nr="350" mi="2" ci="0" mb="0" cb="0"/><line nr="351" mi="2" ci="0" mb="0" cb="0"/><line nr="352" mi="2" ci="0" mb="0" cb="0"/><line nr="354" mi="15" ci="0" mb="0" cb="0"/><line nr="355" mi="3" ci="0" mb="0" cb="0"/><line nr="356" mi="2" ci="0" mb="0" cb="0"/><line nr="358" mi="5" ci="0" mb="2" cb="0"/><line nr="359" mi="1" ci="0" mb="0" cb="0"/><line nr="360" mi="5" ci="0" mb="0" cb="0"/><line nr="362" mi="4" ci="0" mb="2" cb="0"/><line nr="364" mi="12" ci="0" mb="4" cb="0"/><line nr="365" mi="1" ci="0" mb="0" cb="0"/><line nr="366" mi="6" ci="0" mb="2" cb="0"/><line nr="367" mi="3" ci="0" mb="0" cb="0"/><line nr="369" mi="3" ci="0" mb="0" cb="0"/><line nr="373" mi="1" ci="0" mb="0" cb="0"/><line nr="374" mi="5" ci="0" mb="0" cb="0"/><line nr="377" mi="9" ci="0" mb="0" cb="0"/><line nr="379" mi="1" ci="0" mb="0" cb="0"/><line nr="380" mi="3" ci="0" mb="0" cb="0"/><line nr="382" mi="1" ci="0" mb="0" cb="0"/><line nr="383" mi="32" ci="0" mb="8" cb="0"/><line nr="385" mi="3" ci="0" mb="0" cb="0"/><line nr="386" mi="3" ci="0" mb="0" cb="0"/><line nr="387" mi="3" ci="0" mb="0" cb="0"/><line nr="389" mi="20" ci="0" mb="0" cb="0"/><line nr="391" mi="1" ci="0" mb="0" cb="0"/><line nr="395" mi="4" ci="0" mb="0" cb="0"/><line nr="396" mi="4" ci="0" mb="0" cb="0"/><line nr="397" mi="4" ci="0" mb="0" cb="0"/><line nr="398" mi="5" ci="0" mb="0" cb="0"/><line nr="399" mi="3" ci="0" mb="0" cb="0"/><line nr="400" mi="5" ci="0" mb="0" cb="0"/><line nr="401" mi="5" ci="0" mb="0" cb="0"/><line nr="402" mi="5" ci="0" mb="0" cb="0"/><line nr="404" mi="3" ci="0" mb="0" cb="0"/><line nr="405" mi="3" ci="0" mb="0" cb="0"/><line nr="407" mi="4" ci="0" mb="2" cb="0"/><line nr="408" mi="4" ci="0" mb="0" cb="0"/><line nr="411" mi="5" ci="0" mb="0" cb="0"/><line nr="413" mi="1" ci="0" mb="0" cb="0"/><line nr="417" mi="4" ci="0" mb="0" cb="0"/><line nr="418" mi="6" ci="0" mb="2" cb="0"/><line nr="422" mi="2" ci="0" mb="0" cb="0"/><line nr="423" mi="4" ci="0" mb="2" cb="0"/><line nr="424" mi="3" ci="0" mb="0" cb="0"/><line nr="425" mi="4" ci="0" mb="2" cb="0"/><line nr="426" mi="3" ci="0" mb="0" cb="0"/><line nr="427" mi="4" ci="0" mb="2" cb="0"/><line nr="428" mi="2" ci="0" mb="0" cb="0"/><line nr="430" mi="2" ci="0" mb="0" cb="0"/><line nr="434" mi="2" ci="0" mb="0" cb="0"/><line nr="436" mi="5" ci="0" mb="0" cb="0"/><line nr="438" mi="5" ci="0" mb="0" cb="0"/><line nr="439" mi="9" ci="0" mb="0" cb="0"/><line nr="440" mi="3" ci="0" mb="0" cb="0"/><line nr="442" mi="1" ci="0" mb="0" cb="0"/><line nr="443" mi="4" ci="0" mb="0" cb="0"/><line nr="444" mi="1" ci="0" mb="0" cb="0"/><line nr="445" mi="4" ci="0" mb="0" cb="0"/><line nr="450" mi="5" ci="0" mb="0" cb="0"/><line nr="451" mi="7" ci="0" mb="0" cb="0"/><line nr="455" mi="4" ci="0" mb="0" cb="0"/><line nr="456" mi="4" ci="0" mb="0" cb="0"/><line nr="457" mi="5" ci="0" mb="0" cb="0"/><line nr="458" mi="5" ci="0" mb="0" cb="0"/><line nr="459" mi="7" ci="0" mb="0" cb="0"/><line nr="460" mi="3" ci="0" mb="0" cb="0"/><line nr="461" mi="3" ci="0" mb="0" cb="0"/><line nr="462" mi="5" ci="0" mb="0" cb="0"/><line nr="463" mi="1" ci="0" mb="0" cb="0"/><counter type="INSTRUCTION" missed="1313" covered="0"/><counter type="BRANCH" missed="134" covered="0"/><counter type="LINE" missed="250" covered="0"/><counter type="COMPLEXITY" missed="94" covered="0"/><counter type="METHOD" missed="27" covered="0"/><counter type="CLASS" missed="1" covered="0"/></sourcefile><sourcefile name="ConfirmationFileWriter.java"><line nr="30" mi="3" ci="0" mb="0" cb="0"/><line nr="32" mi="4" ci="0" mb="0" cb="0"/><line nr="51" mi="6" ci="0" mb="0" cb="0"/><line nr="53" mi="3" ci="0" mb="0" cb="0"/><line nr="55" mi="5" ci="0" mb="0" cb="0"/><line nr="57" mi="4" ci="0" mb="0" cb="0"/><line nr="59" mi="2" ci="0" mb="0" cb="0"/><line nr="61" mi="3" ci="0" mb="2" cb="0"/><line nr="62" mi="3" ci="0" mb="0" cb="0"/><line nr="63" mi="1" ci="0" mb="0" cb="0"/><line nr="66" mi="5" ci="0" mb="0" cb="0"/><line nr="68" mi="3" ci="0" mb="2" cb="0"/><line nr="69" mi="4" ci="0" mb="2" cb="0"/><line nr="70" mi="3" ci="0" mb="0" cb="0"/><line nr="71" mi="10" ci="0" mb="0" cb="0"/><line nr="72" mi="4" ci="0" mb="0" cb="0"/><line nr="74" mi="7" ci="0" mb="0" cb="0"/><line nr="76" mi="5" ci="0" mb="0" cb="0"/><line nr="77" mi="1" ci="0" mb="0" cb="0"/><line nr="79" mi="7" ci="0" mb="0" cb="0"/><line nr="81" mi="7" ci="0" mb="0" cb="0"/><line nr="84" mi="3" ci="0" mb="0" cb="0"/><line nr="87" mi="3" ci="0" mb="0" cb="0"/><line nr="89" mi="6" ci="0" mb="0" cb="0"/><line nr="91" mi="4" ci="0" mb="0" cb="0"/><line nr="93" mi="2" ci="0" mb="2" cb="0"/><line nr="94" mi="4" ci="0" mb="0" cb="0"/><line nr="95" mi="3" ci="0" mb="0" cb="0"/><line nr="98" mi="12" ci="0" mb="0" cb="0"/><line nr="99" mi="15" ci="0" mb="0" cb="0"/><line nr="101" mi="2" ci="0" mb="2" cb="0"/><line nr="102" mi="3" ci="0" mb="0" cb="0"/><line nr="105" mi="3" ci="0" mb="0" cb="0"/><line nr="107" mi="1" ci="0" mb="0" cb="0"/><line nr="110" mi="3" ci="0" mb="2" cb="0"/><line nr="111" mi="1" ci="0" mb="0" cb="0"/><line nr="114" mi="5" ci="0" mb="0" cb="0"/><line nr="115" mi="5" ci="0" mb="0" cb="0"/><line nr="116" mi="5" ci="0" mb="0" cb="0"/><line nr="117" mi="1" ci="0" mb="0" cb="0"/><line nr="120" mi="2" ci="0" mb="0" cb="0"/><line nr="121" mi="2" ci="0" mb="0" cb="0"/><line nr="122" mi="4" ci="0" mb="0" cb="0"/><line nr="123" mi="5" ci="0" mb="0" cb="0"/><line nr="125" mi="5" ci="0" mb="0" cb="0"/><line nr="126" mi="3" ci="0" mb="0" cb="0"/><line nr="127" mi="10" ci="0" mb="0" cb="0"/><line nr="128" mi="4" ci="0" mb="0" cb="0"/><line nr="129" mi="4" ci="0" mb="0" cb="0"/><line nr="130" mi="4" ci="0" mb="0" cb="0"/><line nr="131" mi="4" ci="0" mb="0" cb="0"/><line nr="132" mi="4" ci="0" mb="0" cb="0"/><line nr="133" mi="3" ci="0" mb="2" cb="0"/><line nr="134" mi="2" ci="0" mb="2" cb="0"/><line nr="135" mi="8" ci="0" mb="2" cb="0"/><line nr="136" mi="5" ci="0" mb="2" cb="0"/><line nr="137" mi="2" ci="0" mb="0" cb="0"/><line nr="139" mi="1" ci="0" mb="0" cb="0"/><line nr="142" mi="5" ci="0" mb="0" cb="0"/><line nr="143" mi="3" ci="0" mb="0" cb="0"/><line nr="144" mi="3" ci="0" mb="0" cb="0"/><line nr="148" mi="5" ci="0" mb="0" cb="0"/><line nr="150" mi="2" ci="0" mb="0" cb="0"/><line nr="155" mi="3" ci="0" mb="0" cb="0"/><line nr="157" mi="10" ci="0" mb="2" cb="0"/><line nr="159" mi="3" ci="0" mb="0" cb="0"/><line nr="161" mi="3" ci="0" mb="2" cb="0"/><line nr="162" mi="1" ci="0" mb="0" cb="0"/><line nr="165" mi="10" ci="0" mb="2" cb="0"/><line nr="166" mi="3" ci="0" mb="0" cb="0"/><line nr="167" mi="5" ci="0" mb="0" cb="0"/><line nr="169" mi="1" ci="0" mb="0" cb="0"/><line nr="171" mi="1" ci="0" mb="0" cb="0"/><line nr="173" mi="1" ci="0" mb="0" cb="0"/><line nr="177" mi="3" ci="0" mb="0" cb="0"/><line nr="178" mi="1" ci="0" mb="0" cb="0"/><line nr="182" mi="5" ci="0" mb="0" cb="0"/><line nr="183" mi="3" ci="0" mb="0" cb="0"/><line nr="185" mi="4" ci="0" mb="0" cb="0"/><counter type="INSTRUCTION" missed="318" covered="0"/><counter type="BRANCH" missed="26" covered="0"/><counter type="LINE" missed="79" covered="0"/><counter type="COMPLEXITY" missed="21" covered="0"/><counter type="METHOD" missed="8" covered="0"/><counter type="CLASS" missed="1" covered="0"/></sourcefile><sourcefile name="ConfirmationFileReader.java"><line nr="19" mi="3" ci="0" mb="0" cb="0"/><line nr="21" mi="4" ci="0" mb="0" cb="0"/><line nr="31" mi="5" ci="0" mb="0" cb="0"/><line nr="32" mi="3" ci="0" mb="0" cb="0"/><line nr="34" mi="4" ci="0" mb="0" cb="0"/><line nr="36" mi="4" ci="0" mb="0" cb="0"/><line nr="41" mi="3" ci="0" mb="0" cb="0"/><line nr="42" mi="1" ci="0" mb="0" cb="0"/><line nr="46" mi="5" ci="0" mb="0" cb="0"/><line nr="48" mi="4" ci="0" mb="0" cb="0"/><line nr="50" mi="5" ci="0" mb="0" cb="0"/><line nr="52" mi="3" ci="0" mb="2" cb="0"/><line nr="53" mi="4" ci="0" mb="0" cb="0"/><line nr="54" mi="12" ci="0" mb="0" cb="0"/><line nr="57" mi="7" ci="0" mb="0" cb="0"/><line nr="59" mi="6" ci="0" mb="0" cb="0"/><line nr="61" mi="3" ci="0" mb="2" cb="0"/><line nr="62" mi="3" ci="0" mb="0" cb="0"/><line nr="63" mi="7" ci="0" mb="0" cb="0"/><line nr="64" mi="4" ci="0" mb="0" cb="0"/><line nr="66" mi="3" ci="0" mb="0" cb="0"/><line nr="67" mi="2" ci="0" mb="0" cb="0"/><line nr="78" mi="11" ci="0" mb="0" cb="0"/><line nr="79" mi="1" ci="0" mb="0" cb="0"/><line nr="85" mi="2" ci="0" mb="0" cb="0"/><line nr="86" mi="3" ci="0" mb="0" cb="0"/><line nr="87" mi="1" ci="0" mb="0" cb="0"/><line nr="92" mi="18" ci="0" mb="4" cb="0"/><counter type="INSTRUCTION" missed="131" covered="0"/><counter type="BRANCH" missed="8" covered="0"/><counter type="LINE" missed="28" covered="0"/><counter type="COMPLEXITY" missed="13" covered="0"/><counter type="METHOD" missed="9" covered="0"/><counter type="CLASS" missed="2" covered="0"/></sourcefile><counter type="INSTRUCTION" missed="1762" covered="0"/><counter type="BRANCH" missed="168" covered="0"/><counter type="LINE" missed="357" covered="0"/><counter type="COMPLEXITY" missed="128" covered="0"/><counter type="METHOD" missed="44" covered="0"/><counter type="CLASS" missed="4" covered="0"/></package><package name="us/deloitteinnovation/aca/batch/receipt/dto"><class name="us/deloitteinnovation/aca/batch/receipt/dto/ProcessReceiptDto"><method name="&lt;init&gt;" desc="()V" line="7"><counter type="INSTRUCTION" missed="3" covered="0"/><counter type="LINE" missed="1" covered="0"/><counter type="COMPLEXITY" missed="1" covered="0"/><counter type="METHOD" missed="1" covered="0"/></method><method name="getPrintDetails" desc="()Ljava/util/List;" line="14"><counter type="INSTRUCTION" missed="3" covered="0"/><counter type="LINE" missed="1" covered="0"/><counter type="COMPLEXITY" missed="1" covered="0"/><counter type="METHOD" missed="1" covered="0"/></method><method name="setPrintDetails" desc="(Ljava/util/List;)V" line="18"><counter type="INSTRUCTION" missed="4" covered="0"/><counter type="LINE" missed="2" covered="0"/><counter type="COMPLEXITY" missed="1" covered="0"/><counter type="METHOD" missed="1" covered="0"/></method><method name="getEmptyFiles" desc="()Ljava/util/List;" line="22"><counter type="INSTRUCTION" missed="3" covered="0"/><counter type="LINE" missed="1" covered="0"/><counter type="COMPLEXITY" missed="1" covered="0"/><counter type="METHOD" missed="1" covered="0"/></method><method name="setEmptyFiles" desc="(Ljava/util/List;)V" line="26"><counter type="INSTRUCTION" missed="4" covered="0"/><counter type="LINE" missed="2" covered="0"/><counter type="COMPLEXITY" missed="1" covered="0"/><counter type="METHOD" missed="1" covered="0"/></method><method name="isCOR" desc="()Z" line="30"><counter type="INSTRUCTION" missed="3" covered="0"/><counter type="LINE" missed="1" covered="0"/><counter type="COMPLEXITY" missed="1" covered="0"/><counter type="METHOD" missed="1" covered="0"/></method><method name="setCOR" desc="(Z)V" line="34"><counter type="INSTRUCTION" missed="4" covered="0"/><counter type="LINE" missed="2" covered="0"/><counter type="COMPLEXITY" missed="1" covered="0"/><counter type="METHOD" missed="1" covered="0"/></method><counter type="INSTRUCTION" missed="24" covered="0"/><counter type="LINE" missed="10" covered="0"/><counter type="COMPLEXITY" missed="7" covered="0"/><counter type="METHOD" missed="7" covered="0"/><counter type="CLASS" missed="1" covered="0"/></class><class name="us/deloitteinnovation/aca/batch/receipt/dto/StepResult"><method name="&lt;init&gt;" desc="()V" line="11"><counter type="INSTRUCTION" missed="21" covered="0"/><counter type="LINE" missed="5" covered="0"/><counter type="COMPLEXITY" missed="1" covered="0"/><counter type="METHOD" missed="1" covered="0"/></method><method name="getProcessedFile" desc="()Ljava/io/File;" line="16"><counter type="INSTRUCTION" missed="3" covered="0"/><counter type="LINE" missed="1" covered="0"/><counter type="COMPLEXITY" missed="1" covered="0"/><counter type="METHOD" missed="1" covered="0"/></method><method name="setProcessedFile" desc="(Ljava/io/File;)V" line="20"><counter type="INSTRUCTION" missed="4" covered="0"/><counter type="LINE" missed="2" covered="0"/><counter type="COMPLEXITY" missed="1" covered="0"/><counter type="METHOD" missed="1" covered="0"/></method><method name="getPrintDetails" desc="()Ljava/util/List;" line="26"><counter type="INSTRUCTION" missed="3" covered="0"/><counter type="LINE" missed="1" covered="0"/><counter type="COMPLEXITY" missed="1" covered="0"/><counter type="METHOD" missed="1" covered="0"/></method><method name="setPrintDetails" desc="(Ljava/util/List;)V" line="30"><counter type="INSTRUCTION" missed="4" covered="0"/><counter type="LINE" missed="2" covered="0"/><counter type="COMPLEXITY" missed="1" covered="0"/><counter type="METHOD" missed="1" covered="0"/></method><method name="getExceptionReport" desc="()Ljava/util/List;" line="36"><counter type="INSTRUCTION" missed="3" covered="0"/><counter type="LINE" missed="1" covered="0"/><counter type="COMPLEXITY" missed="1" covered="0"/><counter type="METHOD" missed="1" covered="0"/></method><method name="setExceptionReport" desc="(Ljava/util/List;)V" line="40"><counter type="INSTRUCTION" missed="4" covered="0"/><counter type="LINE" missed="2" covered="0"/><counter type="COMPLEXITY" missed="1" covered="0"/><counter type="METHOD" missed="1" covered="0"/></method><method name="getTotalRecords" desc="()I" line="49"><counter type="INSTRUCTION" missed="3" covered="0"/><counter type="LINE" missed="1" covered="0"/><counter type="COMPLEXITY" missed="1" covered="0"/><counter type="METHOD" missed="1" covered="0"/></method><method name="setTotalRecords" desc="(I)V" line="53"><counter type="INSTRUCTION" missed="4" covered="0"/><counter type="LINE" missed="2" covered="0"/><counter type="COMPLEXITY" missed="1" covered="0"/><counter type="METHOD" missed="1" covered="0"/></method><method name="getFailedRecords" desc="()I" line="57"><counter type="INSTRUCTION" missed="3" covered="0"/><counter type="LINE" missed="1" covered="0"/><counter type="COMPLEXITY" missed="1" covered="0"/><counter type="METHOD" missed="1" covered="0"/></method><method name="setFailedRecords" desc="(I)V" line="61"><counter type="INSTRUCTION" missed="4" covered="0"/><counter type="LINE" missed="2" covered="0"/><counter type="COMPLEXITY" missed="1" covered="0"/><counter type="METHOD" missed="1" covered="0"/></method><method name="getSuccessRecords" desc="()I" line="65"><counter type="INSTRUCTION" missed="3" covered="0"/><counter type="LINE" missed="1" covered="0"/><counter type="COMPLEXITY" missed="1" covered="0"/><counter type="METHOD" missed="1" covered="0"/></method><method name="setSuccessRecords" desc="(I)V" line="69"><counter type="INSTRUCTION" missed="4" covered="0"/><counter type="LINE" missed="2" covered="0"/><counter type="COMPLEXITY" missed="1" covered="0"/><counter type="METHOD" missed="1" covered="0"/></method><method name="getFilerDemographicList" desc="()Ljava/util/List;" line="75"><counter type="INSTRUCTION" missed="3" covered="0"/><counter type="LINE" missed="1" covered="0"/><counter type="COMPLEXITY" missed="1" covered="0"/><counter type="METHOD" missed="1" covered="0"/></method><method name="setFilerDemographicList" desc="(Ljava/util/List;)V" line="79"><counter type="INSTRUCTION" missed="4" covered="0"/><counter type="LINE" missed="2" covered="0"/><counter type="COMPLEXITY" missed="1" covered="0"/><counter type="METHOD" missed="1" covered="0"/></method><method name="isValid" desc="()Z" line="85"><counter type="INSTRUCTION" missed="3" covered="0"/><counter type="LINE" missed="1" covered="0"/><counter type="COMPLEXITY" missed="1" covered="0"/><counter type="METHOD" missed="1" covered="0"/></method><method name="setValid" desc="(Z)V" line="89"><counter type="INSTRUCTION" missed="4" covered="0"/><counter type="LINE" missed="2" covered="0"/><counter type="COMPLEXITY" missed="1" covered="0"/><counter type="METHOD" missed="1" covered="0"/></method><method name="getRequisitionId" desc="()Ljava/lang/String;" line="93"><counter type="INSTRUCTION" missed="3" covered="0"/><counter type="LINE" missed="1" covered="0"/><counter type="COMPLEXITY" missed="1" covered="0"/><counter type="METHOD" missed="1" covered="0"/></method><method name="setRequisitionId" desc="(Ljava/lang/String;)V" line="97"><counter type="INSTRUCTION" missed="4" covered="0"/><counter type="LINE" missed="2" covered="0"/><counter type="COMPLEXITY" missed="1" covered="0"/><counter type="METHOD" missed="1" covered="0"/></method><method name="isCORCOM" desc="()Z" line="103"><counter type="INSTRUCTION" missed="3" covered="0"/><counter type="LINE" missed="1" covered="0"/><counter type="COMPLEXITY" missed="1" covered="0"/><counter type="METHOD" missed="1" covered="0"/></method><method name="setCORCOM" desc="(Z)V" line="107"><counter type="INSTRUCTION" missed="4" covered="0"/><counter type="LINE" missed="2" covered="0"/><counter type="COMPLEXITY" missed="1" covered="0"/><counter type="METHOD" missed="1" covered="0"/></method><counter type="INSTRUCTION" missed="91" covered="0"/><counter type="LINE" missed="35" covered="0"/><counter type="COMPLEXITY" missed="21" covered="0"/><counter type="METHOD" missed="21" covered="0"/><counter type="CLASS" missed="1" covered="0"/></class><sourcefile name="ProcessReceiptDto.java"><line nr="7" mi="3" ci="0" mb="0" cb="0"/><line nr="14" mi="3" ci="0" mb="0" cb="0"/><line nr="18" mi="3" ci="0" mb="0" cb="0"/><line nr="19" mi="1" ci="0" mb="0" cb="0"/><line nr="22" mi="3" ci="0" mb="0" cb="0"/><line nr="26" mi="3" ci="0" mb="0" cb="0"/><line nr="27" mi="1" ci="0" mb="0" cb="0"/><line nr="30" mi="3" ci="0" mb="0" cb="0"/><line nr="34" mi="3" ci="0" mb="0" cb="0"/><line nr="35" mi="1" ci="0" mb="0" cb="0"/><counter type="INSTRUCTION" missed="24" covered="0"/><counter type="LINE" missed="10" covered="0"/><counter type="COMPLEXITY" missed="7" covered="0"/><counter type="METHOD" missed="7" covered="0"/><counter type="CLASS" missed="1" covered="0"/></sourcefile><sourcefile name="StepResult.java"><line nr="11" mi="2" ci="0" mb="0" cb="0"/><line nr="16" mi="3" ci="0" mb="0" cb="0"/><line nr="20" mi="3" ci="0" mb="0" cb="0"/><line nr="21" mi="1" ci="0" mb="0" cb="0"/><line nr="23" mi="5" ci="0" mb="0" cb="0"/><line nr="26" mi="3" ci="0" mb="0" cb="0"/><line nr="30" mi="3" ci="0" mb="0" cb="0"/><line nr="31" mi="1" ci="0" mb="0" cb="0"/><line nr="33" mi="5" ci="0" mb="0" cb="0"/><line nr="36" mi="3" ci="0" mb="0" cb="0"/><line nr="40" mi="3" ci="0" mb="0" cb="0"/><line nr="41" mi="1" ci="0" mb="0" cb="0"/><line nr="49" mi="3" ci="0" mb="0" cb="0"/><line nr="53" mi="3" ci="0" mb="0" cb="0"/><line nr="54" mi="1" ci="0" mb="0" cb="0"/><line nr="57" mi="3" ci="0" mb="0" cb="0"/><line nr="61" mi="3" ci="0" mb="0" cb="0"/><line nr="62" mi="1" ci="0" mb="0" cb="0"/><line nr="65" mi="3" ci="0" mb="0" cb="0"/><line nr="69" mi="3" ci="0" mb="0" cb="0"/><line nr="70" mi="1" ci="0" mb="0" cb="0"/><line nr="72" mi="5" ci="0" mb="0" cb="0"/><line nr="75" mi="3" ci="0" mb="0" cb="0"/><line nr="79" mi="3" ci="0" mb="0" cb="0"/><line nr="80" mi="1" ci="0" mb="0" cb="0"/><line nr="85" mi="3" ci="0" mb="0" cb="0"/><line nr="89" mi="3" ci="0" mb="0" cb="0"/><line nr="90" mi="1" ci="0" mb="0" cb="0"/><line nr="93" mi="3" ci="0" mb="0" cb="0"/><line nr="97" mi="3" ci="0" mb="0" cb="0"/><line nr="98" mi="1" ci="0" mb="0" cb="0"/><line nr="100" mi="4" ci="0" mb="0" cb="0"/><line nr="103" mi="3" ci="0" mb="0" cb="0"/><line nr="107" mi="3" ci="0" mb="0" cb="0"/><line nr="108" mi="1" ci="0" mb="0" cb="0"/><counter type="INSTRUCTION" missed="91" covered="0"/><counter type="LINE" missed="35" covered="0"/><counter type="COMPLEXITY" missed="21" covered="0"/><counter type="METHOD" missed="21" covered="0"/><counter type="CLASS" missed="1" covered="0"/></sourcefile><counter type="INSTRUCTION" missed="115" covered="0"/><counter type="LINE" missed="45" covered="0"/><counter type="COMPLEXITY" missed="28" covered="0"/><counter type="METHOD" missed="28" covered="0"/><counter type="CLASS" missed="2" covered="0"/></package><counter type="INSTRUCTION" missed="3195" covered="0"/><counter type="BRANCH" missed="220" covered="0"/><counter type="LINE" missed="673" covered="0"/><counter type="COMPLEXITY" missed="254" covered="0"/><counter type="METHOD" missed="144" covered="0"/><counter type="CLASS" missed="20" covered="0"/></report>