<?xml version="1.0" encoding="UTF-8" standalone="yes"?><!DOCTYPE report PUBLIC "-//JACOCO//DTD Report 1.0//EN" "report.dtd"><report name="ACA 1095B - Invalid Address Module"><sessioninfo id="IM-LP-343-88a5f9dc" start="1482314814540" dump="1482314815087"/><package name="us/deloitteinnovation/aca"><class name="us/deloitteinnovation/aca/Aca109495InvalidAddressApplication"><method name="&lt;init&gt;" desc="()V" line="16"><counter type="INSTRUCTION" missed="3" covered="0"/><counter type="LINE" missed="1" covered="0"/><counter type="COMPLEXITY" missed="1" covered="0"/><counter type="METHOD" missed="1" covered="0"/></method><method name="main" desc="([Ljava/lang/String;)V" line="19"><counter type="INSTRUCTION" missed="8" covered="0"/><counter type="LINE" missed="2" covered="0"/><counter type="COMPLEXITY" missed="1" covered="0"/><counter type="METHOD" missed="1" covered="0"/></method><counter type="INSTRUCTION" missed="11" covered="0"/><counter type="LINE" missed="3" covered="0"/><counter type="COMPLEXITY" missed="2" covered="0"/><counter type="METHOD" missed="2" covered="0"/><counter type="CLASS" missed="1" covered="0"/></class><sourcefile name="Aca109495InvalidAddressApplication.java"><line nr="16" mi="3" ci="0" mb="0" cb="0"/><line nr="19" mi="7" ci="0" mb="0" cb="0"/><line nr="20" mi="1" ci="0" mb="0" cb="0"/><counter type="INSTRUCTION" missed="11" covered="0"/><counter type="LINE" missed="3" covered="0"/><counter type="COMPLEXITY" missed="2" covered="0"/><counter type="METHOD" missed="2" covered="0"/><counter type="CLASS" missed="1" covered="0"/></sourcefile><counter type="INSTRUCTION" missed="11" covered="0"/><counter type="LINE" missed="3" covered="0"/><counter type="COMPLEXITY" missed="2" covered="0"/><counter type="METHOD" missed="2" covered="0"/><counter type="CLASS" missed="1" covered="0"/></package><package name="us/deloitteinnovation/aca/batch/invalidaddress/util"><class name="us/deloitteinnovation/aca/batch/invalidaddress/util/InvalidAddressConstants"><method name="&lt;init&gt;" desc="()V" line="3"><counter type="INSTRUCTION" missed="3" covered="0"/><counter type="LINE" missed="1" covered="0"/><counter type="COMPLEXITY" missed="1" covered="0"/><counter type="METHOD" missed="1" covered="0"/></method><counter type="INSTRUCTION" missed="3" covered="0"/><counter type="LINE" missed="1" covered="0"/><counter type="COMPLEXITY" missed="1" covered="0"/><counter type="METHOD" missed="1" covered="0"/><counter type="CLASS" missed="1" covered="0"/></class><class name="us/deloitteinnovation/aca/batch/invalidaddress/util/BatchHistoryCleanupTasklet"><method name="&lt;init&gt;" desc="()V" line="37"><counter type="INSTRUCTION" missed="9" covered="0"/><counter type="LINE" missed="3" covered="0"/><counter type="COMPLEXITY" missed="1" covered="0"/><counter type="METHOD" missed="1" covered="0"/></method><method name="execute" desc="(Lorg/springframework/batch/core/StepContribution;Lorg/springframework/batch/core/scope/context/ChunkContext;)Lorg/springframework/batch/repeat/RepeatStatus;" line="67"><counter type="INSTRUCTION" missed="152" covered="0"/><counter type="LINE" missed="24" covered="0"/><counter type="COMPLEXITY" missed="1" covered="0"/><counter type="METHOD" missed="1" covered="0"/></method><method name="getQuery" desc="(Ljava/lang/String;)Ljava/lang/String;" line="102"><counter type="INSTRUCTION" missed="6" covered="0"/><counter type="LINE" missed="1" covered="0"/><counter type="COMPLEXITY" missed="1" covered="0"/><counter type="METHOD" missed="1" covered="0"/></method><method name="setTablePrefix" desc="(Ljava/lang/String;)V" line="106"><counter type="INSTRUCTION" missed="4" covered="0"/><counter type="LINE" missed="2" covered="0"/><counter type="COMPLEXITY" missed="1" covered="0"/><counter type="METHOD" missed="1" covered="0"/></method><method name="setHistoricRetentionMonth" desc="(Ljava/lang/Integer;)V" line="110"><counter type="INSTRUCTION" missed="4" covered="0"/><counter type="LINE" missed="2" covered="0"/><counter type="COMPLEXITY" missed="1" covered="0"/><counter type="METHOD" missed="1" covered="0"/></method><method name="setJdbcTemplate" desc="(Lorg/springframework/jdbc/core/JdbcTemplate;)V" line="114"><counter type="INSTRUCTION" missed="4" covered="0"/><counter type="LINE" missed="2" covered="0"/><counter type="COMPLEXITY" missed="1" covered="0"/><counter type="METHOD" missed="1" covered="0"/></method><method name="afterPropertiesSet" desc="()V" line="119"><counter type="INSTRUCTION" missed="4" covered="0"/><counter type="LINE" missed="2" covered="0"/><counter type="COMPLEXITY" missed="1" covered="0"/><counter type="METHOD" missed="1" covered="0"/></method><method name="&lt;clinit&gt;" desc="()V" line="59"><counter type="INSTRUCTION" missed="7" covered="0"/><counter type="LINE" missed="2" covered="0"/><counter type="COMPLEXITY" missed="1" covered="0"/><counter type="METHOD" missed="1" covered="0"/></method><counter type="INSTRUCTION" missed="190" covered="0"/><counter type="LINE" missed="38" covered="0"/><counter type="COMPLEXITY" missed="8" covered="0"/><counter type="METHOD" missed="8" covered="0"/><counter type="CLASS" missed="1" covered="0"/></class><sourcefile name="InvalidAddressConstants.java"><line nr="3" mi="3" ci="0" mb="0" cb="0"/><counter type="INSTRUCTION" missed="3" covered="0"/><counter type="LINE" missed="1" covered="0"/><counter type="COMPLEXITY" missed="1" covered="0"/><counter type="METHOD" missed="1" covered="0"/><counter type="CLASS" missed="1" covered="0"/></sourcefile><sourcefile name="BatchHistoryCleanupTasklet.java"><line nr="37" mi="2" ci="0" mb="0" cb="0"/><line nr="59" mi="3" ci="0" mb="0" cb="0"/><line nr="60" mi="4" ci="0" mb="0" cb="0"/><line nr="61" mi="3" ci="0" mb="0" cb="0"/><line nr="62" mi="4" ci="0" mb="0" cb="0"/><line nr="67" mi="2" ci="0" mb="0" cb="0"/><line nr="68" mi="9" ci="0" mb="0" cb="0"/><line nr="69" mi="4" ci="0" mb="0" cb="0"/><line nr="70" mi="6" ci="0" mb="0" cb="0"/><line nr="72" mi="13" ci="0" mb="0" cb="0"/><line nr="73" mi="5" ci="0" mb="0" cb="0"/><line nr="74" mi="4" ci="0" mb="0" cb="0"/><line nr="76" mi="13" ci="0" mb="0" cb="0"/><line nr="77" mi="5" ci="0" mb="0" cb="0"/><line nr="78" mi="4" ci="0" mb="0" cb="0"/><line nr="80" mi="13" ci="0" mb="0" cb="0"/><line nr="81" mi="5" ci="0" mb="0" cb="0"/><line nr="82" mi="4" ci="0" mb="0" cb="0"/><line nr="84" mi="13" ci="0" mb="0" cb="0"/><line nr="85" mi="5" ci="0" mb="0" cb="0"/><line nr="86" mi="4" ci="0" mb="0" cb="0"/><line nr="88" mi="13" ci="0" mb="0" cb="0"/><line nr="89" mi="5" ci="0" mb="0" cb="0"/><line nr="90" mi="4" ci="0" mb="0" cb="0"/><line nr="92" mi="7" ci="0" mb="0" cb="0"/><line nr="93" mi="5" ci="0" mb="0" cb="0"/><line nr="94" mi="4" ci="0" mb="0" cb="0"/><line nr="96" mi="3" ci="0" mb="0" cb="0"/><line nr="98" mi="2" ci="0" mb="0" cb="0"/><line nr="102" mi="6" ci="0" mb="0" cb="0"/><line nr="106" mi="3" ci="0" mb="0" cb="0"/><line nr="107" mi="1" ci="0" mb="0" cb="0"/><line nr="110" mi="3" ci="0" mb="0" cb="0"/><line nr="111" mi="1" ci="0" mb="0" cb="0"/><line nr="114" mi="3" ci="0" mb="0" cb="0"/><line nr="115" mi="1" ci="0" mb="0" cb="0"/><line nr="119" mi="3" ci="0" mb="0" cb="0"/><line nr="120" mi="1" ci="0" mb="0" cb="0"/><counter type="INSTRUCTION" missed="190" covered="0"/><counter type="LINE" missed="38" covered="0"/><counter type="COMPLEXITY" missed="8" covered="0"/><counter type="METHOD" missed="8" covered="0"/><counter type="CLASS" missed="1" covered="0"/></sourcefile><counter type="INSTRUCTION" missed="193" covered="0"/><counter type="LINE" missed="39" covered="0"/><counter type="COMPLEXITY" missed="9" covered="0"/><counter type="METHOD" missed="9" covered="0"/><counter type="CLASS" missed="2" covered="0"/></package><package name="us/deloitteinnovation/aca/batch/invalidaddress/step"><class name="us/deloitteinnovation/aca/batch/invalidaddress/step/InvalidAddressWriter"><method name="&lt;init&gt;" desc="()V" line="26"><counter type="INSTRUCTION" missed="3" covered="0"/><counter type="LINE" missed="1" covered="0"/><counter type="COMPLEXITY" missed="1" covered="0"/><counter type="METHOD" missed="1" covered="0"/></method><method name="write" desc="(Ljava/util/List;)V" line="42"><counter type="INSTRUCTION" missed="59" covered="0"/><counter type="BRANCH" missed="4" covered="0"/><counter type="LINE" missed="10" covered="0"/><counter type="COMPLEXITY" missed="3" covered="0"/><counter type="METHOD" missed="1" covered="0"/></method><method name="updateBatchInfoDetails" desc="(Ljava/io/File;Lus/deloitteinnovation/aca/batch/invalidaddress/step/StepResult;)Lus/deloitteinnovation/aca/batch/dto/BatchInfoDto;" line="59"><counter type="INSTRUCTION" missed="122" covered="0"/><counter type="BRANCH" missed="8" covered="0"/><counter type="LINE" missed="27" covered="0"/><counter type="COMPLEXITY" missed="5" covered="0"/><counter type="METHOD" missed="1" covered="0"/></method><method name="updateFilerDemographics" desc="(Lus/deloitteinnovation/aca/batch/invalidaddress/step/StepResult;Lus/deloitteinnovation/aca/batch/dto/BatchInfoDto;)V" line="98"><counter type="INSTRUCTION" missed="282" covered="0"/><counter type="BRANCH" missed="16" covered="0"/><counter type="LINE" missed="55" covered="0"/><counter type="COMPLEXITY" missed="9" covered="0"/><counter type="METHOD" missed="1" covered="0"/></method><method name="getSourceCd" desc="(Ljava/lang/String;)Ljava/lang/String;" line="169"><counter type="INSTRUCTION" missed="6" covered="0"/><counter type="LINE" missed="1" covered="0"/><counter type="COMPLEXITY" missed="1" covered="0"/><counter type="METHOD" missed="1" covered="0"/></method><method name="saveExceptionReport" desc="(Ljava/util/List;Lus/deloitteinnovation/aca/batch/dto/BatchInfoDto;)V" line="174"><counter type="INSTRUCTION" missed="41" covered="0"/><counter type="BRANCH" missed="6" covered="0"/><counter type="LINE" missed="11" covered="0"/><counter type="COMPLEXITY" missed="4" covered="0"/><counter type="METHOD" missed="1" covered="0"/></method><method name="&lt;clinit&gt;" desc="()V" line="28"><counter type="INSTRUCTION" missed="4" covered="0"/><counter type="LINE" missed="1" covered="0"/><counter type="COMPLEXITY" missed="1" covered="0"/><counter type="METHOD" missed="1" covered="0"/></method><counter type="INSTRUCTION" missed="517" covered="0"/><counter type="BRANCH" missed="34" covered="0"/><counter type="LINE" missed="106" covered="0"/><counter type="COMPLEXITY" missed="24" covered="0"/><counter type="METHOD" missed="7" covered="0"/><counter type="CLASS" missed="1" covered="0"/></class><class name="us/deloitteinnovation/aca/batch/invalidaddress/step/InvalidAddressReader"><method name="&lt;init&gt;" desc="()V" line="19"><counter type="INSTRUCTION" missed="3" covered="0"/><counter type="LINE" missed="1" covered="0"/><counter type="COMPLEXITY" missed="1" covered="0"/><counter type="METHOD" missed="1" covered="0"/></method><method name="read" desc="()Ljava/io/File;" line="30"><counter type="INSTRUCTION" missed="115" covered="0"/><counter type="BRANCH" missed="12" covered="0"/><counter type="LINE" missed="23" covered="0"/><counter type="COMPLEXITY" missed="7" covered="0"/><counter type="METHOD" missed="1" covered="0"/></method><method name="sort" desc="([Ljava/io/File;)V" line="73"><counter type="INSTRUCTION" missed="4" covered="0"/><counter type="LINE" missed="2" covered="0"/><counter type="COMPLEXITY" missed="1" covered="0"/><counter type="METHOD" missed="1" covered="0"/></method><method name="beforeStep" desc="(Lorg/springframework/batch/core/StepExecution;)V" line="87"><counter type="INSTRUCTION" missed="4" covered="0"/><counter type="LINE" missed="2" covered="0"/><counter type="COMPLEXITY" missed="1" covered="0"/><counter type="METHOD" missed="1" covered="0"/></method><method name="lambda$sort$0" desc="(Ljava/io/File;Ljava/io/File;)I" line="73"><counter type="INSTRUCTION" missed="8" covered="0"/><counter type="LINE" missed="1" covered="0"/><counter type="COMPLEXITY" missed="1" covered="0"/><counter type="METHOD" missed="1" covered="0"/></method><method name="&lt;clinit&gt;" desc="()V" line="21"><counter type="INSTRUCTION" missed="4" covered="0"/><counter type="LINE" missed="1" covered="0"/><counter type="COMPLEXITY" missed="1" covered="0"/><counter type="METHOD" missed="1" covered="0"/></method><counter type="INSTRUCTION" missed="138" covered="0"/><counter type="BRANCH" missed="12" covered="0"/><counter type="LINE" missed="29" covered="0"/><counter type="COMPLEXITY" missed="12" covered="0"/><counter type="METHOD" missed="6" covered="0"/><counter type="CLASS" missed="1" covered="0"/></class><class name="us/deloitteinnovation/aca/batch/invalidaddress/step/StepResult"><method name="&lt;init&gt;" desc="()V" line="15"><counter type="INSTRUCTION" missed="13" covered="0"/><counter type="LINE" missed="3" covered="0"/><counter type="COMPLEXITY" missed="1" covered="0"/><counter type="METHOD" missed="1" covered="0"/></method><method name="getExceptionReport" desc="()Ljava/util/List;" line="20"><counter type="INSTRUCTION" missed="3" covered="0"/><counter type="LINE" missed="1" covered="0"/><counter type="COMPLEXITY" missed="1" covered="0"/><counter type="METHOD" missed="1" covered="0"/></method><method name="setExceptionReport" desc="(Ljava/util/List;)V" line="24"><counter type="INSTRUCTION" missed="4" covered="0"/><counter type="LINE" missed="2" covered="0"/><counter type="COMPLEXITY" missed="1" covered="0"/><counter type="METHOD" missed="1" covered="0"/></method><method name="isValid" desc="()Z" line="30"><counter type="INSTRUCTION" missed="3" covered="0"/><counter type="LINE" missed="1" covered="0"/><counter type="COMPLEXITY" missed="1" covered="0"/><counter type="METHOD" missed="1" covered="0"/></method><method name="setValid" desc="(Z)V" line="34"><counter type="INSTRUCTION" missed="4" covered="0"/><counter type="LINE" missed="2" covered="0"/><counter type="COMPLEXITY" missed="1" covered="0"/><counter type="METHOD" missed="1" covered="0"/></method><method name="getInvalidAddressFile" desc="()Ljava/io/File;" line="40"><counter type="INSTRUCTION" missed="3" covered="0"/><counter type="LINE" missed="1" covered="0"/><counter type="COMPLEXITY" missed="1" covered="0"/><counter type="METHOD" missed="1" covered="0"/></method><method name="setInvalidAddressFile" desc="(Ljava/io/File;)V" line="44"><counter type="INSTRUCTION" missed="4" covered="0"/><counter type="LINE" missed="2" covered="0"/><counter type="COMPLEXITY" missed="1" covered="0"/><counter type="METHOD" missed="1" covered="0"/></method><method name="getFilerDemographicList" desc="()Ljava/util/List;" line="50"><counter type="INSTRUCTION" missed="3" covered="0"/><counter type="LINE" missed="1" covered="0"/><counter type="COMPLEXITY" missed="1" covered="0"/><counter type="METHOD" missed="1" covered="0"/></method><method name="setFilerDemographicList" desc="(Ljava/util/List;)V" line="54"><counter type="INSTRUCTION" missed="4" covered="0"/><counter type="LINE" missed="2" covered="0"/><counter type="COMPLEXITY" missed="1" covered="0"/><counter type="METHOD" missed="1" covered="0"/></method><counter type="INSTRUCTION" missed="41" covered="0"/><counter type="LINE" missed="15" covered="0"/><counter type="COMPLEXITY" missed="9" covered="0"/><counter type="METHOD" missed="9" covered="0"/><counter type="CLASS" missed="1" covered="0"/></class><class name="us/deloitteinnovation/aca/batch/invalidaddress/step/InvalidAddressProcessor"><method name="&lt;init&gt;" desc="()V" line="19"><counter type="INSTRUCTION" missed="3" covered="0"/><counter type="LINE" missed="1" covered="0"/><counter type="COMPLEXITY" missed="1" covered="0"/><counter type="METHOD" missed="1" covered="0"/></method><method name="process" desc="(Ljava/io/File;)Lus/deloitteinnovation/aca/batch/invalidaddress/step/StepResult;" line="25"><counter type="INSTRUCTION" missed="27" covered="0"/><counter type="LINE" missed="7" covered="0"/><counter type="COMPLEXITY" missed="1" covered="0"/><counter type="METHOD" missed="1" covered="0"/></method><method name="validateFile" desc="(Ljava/io/File;Lus/deloitteinnovation/aca/batch/invalidaddress/step/StepResult;)Z" line="37"><counter type="INSTRUCTION" missed="108" covered="0"/><counter type="BRANCH" missed="8" covered="0"/><counter type="LINE" missed="16" covered="0"/><counter type="COMPLEXITY" missed="5" covered="0"/><counter type="METHOD" missed="1" covered="0"/></method><method name="getRecordCountFromFile" desc="(Ljava/io/File;)I" line="61"><counter type="INSTRUCTION" missed="63" covered="0"/><counter type="BRANCH" missed="8" covered="0"/><counter type="LINE" missed="9" covered="0"/><counter type="COMPLEXITY" missed="5" covered="0"/><counter type="METHOD" missed="1" covered="0"/></method><method name="isYearAndSUIDExistsForAllRecords" desc="(Ljava/io/File;)Z" line="79"><counter type="INSTRUCTION" missed="90" covered="0"/><counter type="BRANCH" missed="12" covered="0"/><counter type="LINE" missed="18" covered="0"/><counter type="COMPLEXITY" missed="7" covered="0"/><counter type="METHOD" missed="1" covered="0"/></method><method name="getTotalRecordsInFile" desc="(Ljava/io/File;)I" line="111"><counter type="INSTRUCTION" missed="75" covered="0"/><counter type="BRANCH" missed="8" covered="0"/><counter type="LINE" missed="8" covered="0"/><counter type="COMPLEXITY" missed="5" covered="0"/><counter type="METHOD" missed="1" covered="0"/></method><method name="isRecordCountMatchingWithActualRecords" desc="(Ljava/io/File;)Z" line="123"><counter type="INSTRUCTION" missed="17" covered="0"/><counter type="BRANCH" missed="2" covered="0"/><counter type="LINE" missed="3" covered="0"/><counter type="COMPLEXITY" missed="2" covered="0"/><counter type="METHOD" missed="1" covered="0"/></method><method name="logException" desc="(Lus/deloitteinnovation/aca/batch/invalidaddress/step/StepResult;Ljava/lang/String;)V" line="130"><counter type="INSTRUCTION" missed="13" covered="0"/><counter type="LINE" missed="4" covered="0"/><counter type="COMPLEXITY" missed="1" covered="0"/><counter type="METHOD" missed="1" covered="0"/></method><method name="isEmptyFile" desc="(Ljava/io/File;)Z" line="138"><counter type="INSTRUCTION" missed="10" covered="0"/><counter type="BRANCH" missed="2" covered="0"/><counter type="LINE" missed="2" covered="0"/><counter type="COMPLEXITY" missed="2" covered="0"/><counter type="METHOD" missed="1" covered="0"/></method><method name="lambda$getTotalRecordsInFile$0" desc="(Ljava/lang/String;)Z" line="114"><counter type="INSTRUCTION" missed="8" covered="0"/><counter type="BRANCH" missed="2" covered="0"/><counter type="LINE" missed="1" covered="0"/><counter type="COMPLEXITY" missed="2" covered="0"/><counter type="METHOD" missed="1" covered="0"/></method><method name="&lt;clinit&gt;" desc="()V" line="21"><counter type="INSTRUCTION" missed="4" covered="0"/><counter type="LINE" missed="1" covered="0"/><counter type="COMPLEXITY" missed="1" covered="0"/><counter type="METHOD" missed="1" covered="0"/></method><counter type="INSTRUCTION" missed="418" covered="0"/><counter type="BRANCH" missed="42" covered="0"/><counter type="LINE" missed="69" covered="0"/><counter type="COMPLEXITY" missed="32" covered="0"/><counter type="METHOD" missed="11" covered="0"/><counter type="CLASS" missed="1" covered="0"/></class><class name="us/deloitteinnovation/aca/batch/invalidaddress/step/InvalidAddressReader$NameFilter"><method name="&lt;init&gt;" desc="()V" line="76"><counter type="INSTRUCTION" missed="3" covered="0"/><counter type="LINE" missed="1" covered="0"/><counter type="COMPLEXITY" missed="1" covered="0"/><counter type="METHOD" missed="1" covered="0"/></method><method name="accept" desc="(Ljava/io/File;)Z" line="81"><counter type="INSTRUCTION" missed="6" covered="0"/><counter type="LINE" missed="1" covered="0"/><counter type="COMPLEXITY" missed="1" covered="0"/><counter type="METHOD" missed="1" covered="0"/></method><counter type="INSTRUCTION" missed="9" covered="0"/><counter type="LINE" missed="2" covered="0"/><counter type="COMPLEXITY" missed="2" covered="0"/><counter type="METHOD" missed="2" covered="0"/><counter type="CLASS" missed="1" covered="0"/></class><sourcefile name="InvalidAddressProcessor.java"><line nr="19" mi="3" ci="0" mb="0" cb="0"/><line nr="21" mi="4" ci="0" mb="0" cb="0"/><line nr="25" mi="4" ci="0" mb="0" cb="0"/><line nr="26" mi="3" ci="0" mb="0" cb="0"/><line nr="27" mi="7" ci="0" mb="0" cb="0"/><line nr="29" mi="5" ci="0" mb="0" cb="0"/><line nr="30" mi="3" ci="0" mb="0" cb="0"/><line nr="31" mi="3" ci="0" mb="0" cb="0"/><line nr="32" mi="2" ci="0" mb="0" cb="0"/><line nr="37" mi="4" ci="0" mb="2" cb="0"/><line nr="38" mi="11" ci="0" mb="0" cb="0"/><line nr="39" mi="12" ci="0" mb="0" cb="0"/><line nr="40" mi="2" ci="0" mb="0" cb="0"/><line nr="41" mi="5" ci="0" mb="2" cb="0"/><line nr="42" mi="11" ci="0" mb="0" cb="0"/><line nr="43" mi="12" ci="0" mb="0" cb="0"/><line nr="44" mi="2" ci="0" mb="0" cb="0"/><line nr="45" mi="4" ci="0" mb="2" cb="0"/><line nr="46" mi="11" ci="0" mb="0" cb="0"/><line nr="47" mi="12" ci="0" mb="0" cb="0"/><line nr="48" mi="2" ci="0" mb="0" cb="0"/><line nr="49" mi="4" ci="0" mb="2" cb="0"/><line nr="50" mi="12" ci="0" mb="0" cb="0"/><line nr="51" mi="2" ci="0" mb="0" cb="0"/><line nr="54" mi="2" ci="0" mb="0" cb="0"/><line nr="61" mi="2" ci="0" mb="0" cb="0"/><line nr="65" mi="15" ci="0" mb="0" cb="0"/><line nr="66" mi="4" ci="0" mb="0" cb="0"/><line nr="67" mi="32" ci="0" mb="8" cb="0"/><line nr="69" mi="1" ci="0" mb="0" cb="0"/><line nr="70" mi="2" ci="0" mb="0" cb="0"/><line nr="71" mi="4" ci="0" mb="0" cb="0"/><line nr="72" mi="1" ci="0" mb="0" cb="0"/><line nr="74" mi="2" ci="0" mb="0" cb="0"/><line nr="79" mi="2" ci="0" mb="0" cb="0"/><line nr="82" mi="15" ci="0" mb="0" cb="0"/><line nr="83" mi="3" ci="0" mb="0" cb="0"/><line nr="85" mi="5" ci="0" mb="2" cb="0"/><line nr="86" mi="6" ci="0" mb="2" cb="0"/><line nr="87" mi="2" ci="0" mb="0" cb="0"/><line nr="88" mi="1" ci="0" mb="0" cb="0"/><line nr="92" mi="7" ci="0" mb="0" cb="0"/><line nr="93" mi="1" ci="0" mb="0" cb="0"/><line nr="94" mi="4" ci="0" mb="0" cb="0"/><line nr="95" mi="2" ci="0" mb="0" cb="0"/><line nr="96" mi="1" ci="0" mb="0" cb="0"/><line nr="97" mi="1" ci="0" mb="0" cb="0"/><line nr="101" mi="32" ci="0" mb="8" cb="0"/><line nr="103" mi="1" ci="0" mb="0" cb="0"/><line nr="104" mi="4" ci="0" mb="0" cb="0"/><line nr="105" mi="1" ci="0" mb="0" cb="0"/><line nr="106" mi="2" ci="0" mb="0" cb="0"/><line nr="111" mi="4" ci="0" mb="0" cb="0"/><line nr="113" mi="14" ci="0" mb="0" cb="0"/><line nr="114" mi="16" ci="0" mb="2" cb="0"/><line nr="115" mi="33" ci="0" mb="8" cb="0"/><line nr="116" mi="4" ci="0" mb="0" cb="0"/><line nr="117" mi="1" ci="0" mb="0" cb="0"/><line nr="118" mi="8" ci="0" mb="0" cb="0"/><line nr="119" mi="3" ci="0" mb="0" cb="0"/><line nr="123" mi="4" ci="0" mb="0" cb="0"/><line nr="124" mi="4" ci="0" mb="0" cb="0"/><line nr="125" mi="9" ci="0" mb="2" cb="0"/><line nr="130" mi="4" ci="0" mb="0" cb="0"/><line nr="131" mi="3" ci="0" mb="0" cb="0"/><line nr="132" mi="5" ci="0" mb="0" cb="0"/><line nr="134" mi="1" ci="0" mb="0" cb="0"/><line nr="138" mi="4" ci="0" mb="0" cb="0"/><line nr="139" mi="6" ci="0" mb="2" cb="0"/><counter type="INSTRUCTION" missed="418" covered="0"/><counter type="BRANCH" missed="42" covered="0"/><counter type="LINE" missed="69" covered="0"/><counter type="COMPLEXITY" missed="32" covered="0"/><counter type="METHOD" missed="11" covered="0"/><counter type="CLASS" missed="1" covered="0"/></sourcefile><sourcefile name="InvalidAddressReader.java"><line nr="19" mi="3" ci="0" mb="0" cb="0"/><line nr="21" mi="4" ci="0" mb="0" cb="0"/><line nr="30" mi="2" ci="0" mb="0" cb="0"/><line nr="31" mi="8" ci="0" mb="0" cb="0"/><line nr="32" mi="4" ci="0" mb="2" cb="0"/><line nr="33" mi="6" ci="0" mb="0" cb="0"/><line nr="34" mi="4" ci="0" mb="2" cb="0"/><line nr="35" mi="6" ci="0" mb="0" cb="0"/><line nr="36" mi="4" ci="0" mb="2" cb="0"/><line nr="37" mi="5" ci="0" mb="0" cb="0"/><line nr="40" mi="2" ci="0" mb="2" cb="0"/><line nr="41" mi="12" ci="0" mb="0" cb="0"/><line nr="43" mi="4" ci="0" mb="0" cb="0"/><line nr="45" mi="5" ci="0" mb="0" cb="0"/><line nr="47" mi="3" ci="0" mb="2" cb="0"/><line nr="48" mi="4" ci="0" mb="0" cb="0"/><line nr="49" mi="12" ci="0" mb="0" cb="0"/><line nr="52" mi="6" ci="0" mb="0" cb="0"/><line nr="54" mi="6" ci="0" mb="0" cb="0"/><line nr="56" mi="3" ci="0" mb="2" cb="0"/><line nr="57" mi="3" ci="0" mb="0" cb="0"/><line nr="58" mi="7" ci="0" mb="0" cb="0"/><line nr="59" mi="4" ci="0" mb="0" cb="0"/><line nr="61" mi="3" ci="0" mb="0" cb="0"/><line nr="62" mi="2" ci="0" mb="0" cb="0"/><line nr="73" mi="11" ci="0" mb="0" cb="0"/><line nr="74" mi="1" ci="0" mb="0" cb="0"/><line nr="76" mi="3" ci="0" mb="0" cb="0"/><line nr="81" mi="6" ci="0" mb="0" cb="0"/><line nr="87" mi="3" ci="0" mb="0" cb="0"/><line nr="88" mi="1" ci="0" mb="0" cb="0"/><counter type="INSTRUCTION" missed="147" covered="0"/><counter type="BRANCH" missed="12" covered="0"/><counter type="LINE" missed="31" covered="0"/><counter type="COMPLEXITY" missed="14" covered="0"/><counter type="METHOD" missed="8" covered="0"/><counter type="CLASS" missed="2" covered="0"/></sourcefile><sourcefile name="StepResult.java"><line nr="15" mi="2" ci="0" mb="0" cb="0"/><line nr="17" mi="5" ci="0" mb="0" cb="0"/><line nr="20" mi="3" ci="0" mb="0" cb="0"/><line nr="24" mi="3" ci="0" mb="0" cb="0"/><line nr="25" mi="1" ci="0" mb="0" cb="0"/><line nr="30" mi="3" ci="0" mb="0" cb="0"/><line nr="34" mi="3" ci="0" mb="0" cb="0"/><line nr="35" mi="1" ci="0" mb="0" cb="0"/><line nr="40" mi="3" ci="0" mb="0" cb="0"/><line nr="44" mi="3" ci="0" mb="0" cb="0"/><line nr="45" mi="1" ci="0" mb="0" cb="0"/><line nr="47" mi="6" ci="0" mb="0" cb="0"/><line nr="50" mi="3" ci="0" mb="0" cb="0"/><line nr="54" mi="3" ci="0" mb="0" cb="0"/><line nr="55" mi="1" ci="0" mb="0" cb="0"/><counter type="INSTRUCTION" missed="41" covered="0"/><counter type="LINE" missed="15" covered="0"/><counter type="COMPLEXITY" missed="9" covered="0"/><counter type="METHOD" missed="9" covered="0"/><counter type="CLASS" missed="1" covered="0"/></sourcefile><sourcefile name="InvalidAddressWriter.java"><line nr="26" mi="3" ci="0" mb="0" cb="0"/><line nr="28" mi="4" ci="0" mb="0" cb="0"/><line nr="42" mi="5" ci="0" mb="0" cb="0"/><line nr="43" mi="6" ci="0" mb="0" cb="0"/><line nr="44" mi="3" ci="0" mb="2" cb="0"/><line nr="45" mi="5" ci="0" mb="0" cb="0"/><line nr="47" mi="4" ci="0" mb="0" cb="0"/><line nr="49" mi="13" ci="0" mb="0" cb="0"/><line nr="50" mi="17" ci="0" mb="0" cb="0"/><line nr="52" mi="2" ci="0" mb="2" cb="0"/><line nr="53" mi="3" ci="0" mb="0" cb="0"/><line nr="56" mi="1" ci="0" mb="0" cb="0"/><line nr="59" mi="2" ci="0" mb="0" cb="0"/><line nr="60" mi="2" ci="0" mb="0" cb="0"/><line nr="62" mi="9" ci="0" mb="0" cb="0"/><line nr="63" mi="4" ci="0" mb="0" cb="0"/><line nr="64" mi="1" ci="0" mb="0" cb="0"/><line nr="65" mi="5" ci="0" mb="0" cb="0"/><line nr="67" mi="7" ci="0" mb="6" cb="0"/><line nr="69" mi="6" ci="0" mb="0" cb="0"/><line nr="70" mi="3" ci="0" mb="0" cb="0"/><line nr="71" mi="15" ci="0" mb="0" cb="0"/><line nr="72" mi="7" ci="0" mb="0" cb="0"/><line nr="76" mi="4" ci="0" mb="0" cb="0"/><line nr="77" mi="5" ci="0" mb="0" cb="0"/><line nr="79" mi="5" ci="0" mb="0" cb="0"/><line nr="80" mi="3" ci="0" mb="0" cb="0"/><line nr="81" mi="3" ci="0" mb="0" cb="0"/><line nr="82" mi="4" ci="0" mb="0" cb="0"/><line nr="83" mi="3" ci="0" mb="2" cb="0"/><line nr="84" mi="3" ci="0" mb="0" cb="0"/><line nr="85" mi="3" ci="0" mb="0" cb="0"/><line nr="86" mi="3" ci="0" mb="0" cb="0"/><line nr="87" mi="9" ci="0" mb="0" cb="0"/><line nr="89" mi="3" ci="0" mb="0" cb="0"/><line nr="90" mi="3" ci="0" mb="0" cb="0"/><line nr="91" mi="3" ci="0" mb="0" cb="0"/><line nr="93" mi="5" ci="0" mb="0" cb="0"/><line nr="94" mi="2" ci="0" mb="0" cb="0"/><line nr="98" mi="2" ci="0" mb="0" cb="0"/><line nr="99" mi="2" ci="0" mb="0" cb="0"/><line nr="100" mi="4" ci="0" mb="0" cb="0"/><line nr="102" mi="9" ci="0" mb="0" cb="0"/><line nr="103" mi="3" ci="0" mb="0" cb="0"/><line nr="104" mi="5" ci="0" mb="2" cb="0"/><line nr="106" mi="4" ci="0" mb="0" cb="0"/><line nr="107" mi="4" ci="0" mb="0" cb="0"/><line nr="108" mi="4" ci="0" mb="0" cb="0"/><line nr="109" mi="7" ci="0" mb="0" cb="0"/><line nr="110" mi="6" ci="0" mb="0" cb="0"/><line nr="111" mi="7" ci="0" mb="0" cb="0"/><line nr="112" mi="7" ci="0" mb="0" cb="0"/><line nr="113" mi="3" ci="0" mb="0" cb="0"/><line nr="114" mi="3" ci="0" mb="0" cb="0"/><line nr="115" mi="5" ci="0" mb="0" cb="0"/><line nr="116" mi="1" ci="0" mb="0" cb="0"/><line nr="117" mi="10" ci="0" mb="0" cb="0"/><line nr="118" mi="4" ci="0" mb="0" cb="0"/><line nr="119" mi="4" ci="0" mb="0" cb="0"/><line nr="120" mi="4" ci="0" mb="0" cb="0"/><line nr="121" mi="7" ci="0" mb="0" cb="0"/><line nr="122" mi="6" ci="0" mb="0" cb="0"/><line nr="123" mi="7" ci="0" mb="0" cb="0"/><line nr="124" mi="4" ci="0" mb="0" cb="0"/><line nr="125" mi="3" ci="0" mb="0" cb="0"/><line nr="126" mi="5" ci="0" mb="0" cb="0"/><line nr="127" mi="2" ci="0" mb="0" cb="0"/><line nr="129" mi="1" ci="0" mb="0" cb="0"/><line nr="130" mi="10" ci="0" mb="0" cb="0"/><line nr="132" mi="7" ci="0" mb="6" cb="0"/><line nr="134" mi="6" ci="0" mb="0" cb="0"/><line nr="135" mi="3" ci="0" mb="0" cb="0"/><line nr="136" mi="30" ci="0" mb="0" cb="0"/><line nr="137" mi="7" ci="0" mb="0" cb="0"/><line nr="141" mi="6" ci="0" mb="0" cb="0"/><line nr="143" mi="5" ci="0" mb="4" cb="0"/><line nr="144" mi="2" ci="0" mb="0" cb="0"/><line nr="145" mi="2" ci="0" mb="0" cb="0"/><line nr="147" mi="8" ci="0" mb="2" cb="0"/><line nr="148" mi="1" ci="0" mb="0" cb="0"/><line nr="149" mi="5" ci="0" mb="2" cb="0"/><line nr="150" mi="4" ci="0" mb="0" cb="0"/><line nr="151" mi="12" ci="0" mb="0" cb="0"/><line nr="152" mi="3" ci="0" mb="0" cb="0"/><line nr="153" mi="3" ci="0" mb="0" cb="0"/><line nr="154" mi="9" ci="0" mb="0" cb="0"/><line nr="155" mi="4" ci="0" mb="0" cb="0"/><line nr="156" mi="1" ci="0" mb="0" cb="0"/><line nr="160" mi="4" ci="0" mb="0" cb="0"/><line nr="161" mi="3" ci="0" mb="0" cb="0"/><line nr="162" mi="5" ci="0" mb="0" cb="0"/><line nr="163" mi="3" ci="0" mb="0" cb="0"/><line nr="164" mi="5" ci="0" mb="0" cb="0"/><line nr="166" mi="1" ci="0" mb="0" cb="0"/><line nr="169" mi="6" ci="0" mb="0" cb="0"/><line nr="174" mi="3" ci="0" mb="0" cb="0"/><line nr="176" mi="10" ci="0" mb="2" cb="0"/><line nr="178" mi="3" ci="0" mb="0" cb="0"/><line nr="180" mi="3" ci="0" mb="2" cb="0"/><line nr="181" mi="1" ci="0" mb="0" cb="0"/><line nr="184" mi="10" ci="0" mb="2" cb="0"/><line nr="185" mi="3" ci="0" mb="0" cb="0"/><line nr="186" mi="5" ci="0" mb="0" cb="0"/><line nr="188" mi="1" ci="0" mb="0" cb="0"/><line nr="190" mi="1" ci="0" mb="0" cb="0"/><line nr="192" mi="1" ci="0" mb="0" cb="0"/><counter type="INSTRUCTION" missed="517" covered="0"/><counter type="BRANCH" missed="34" covered="0"/><counter type="LINE" missed="106" covered="0"/><counter type="COMPLEXITY" missed="24" covered="0"/><counter type="METHOD" missed="7" covered="0"/><counter type="CLASS" missed="1" covered="0"/></sourcefile><counter type="INSTRUCTION" missed="1123" covered="0"/><counter type="BRANCH" missed="88" covered="0"/><counter type="LINE" missed="221" covered="0"/><counter type="COMPLEXITY" missed="79" covered="0"/><counter type="METHOD" missed="35" covered="0"/><counter type="CLASS" missed="5" covered="0"/></package><package name="us/deloitteinnovation/aca/batch/invalidaddress"><class name="us/deloitteinnovation/aca/batch/invalidaddress/InvalidAddressConfiguration"><method name="&lt;init&gt;" desc="()V" line="39"><counter type="INSTRUCTION" missed="3" covered="0"/><counter type="LINE" missed="1" covered="0"/><counter type="COMPLEXITY" missed="1" covered="0"/><counter type="METHOD" missed="1" covered="0"/></method><method name="invalidAddressListener" desc="()Lus/deloitteinnovation/aca/batch/invalidaddress/InvalidAddressListener;" line="56"><counter type="INSTRUCTION" missed="4" covered="0"/><counter type="LINE" missed="1" covered="0"/><counter type="COMPLEXITY" missed="1" covered="0"/><counter type="METHOD" missed="1" covered="0"/></method><method name="invalidAddressRepository" desc="()Lus/deloitteinnovation/aca/batch/invalidaddress/repository/InvalidAddressRepository;" line="61"><counter type="INSTRUCTION" missed="10" covered="0"/><counter type="LINE" missed="3" covered="0"/><counter type="COMPLEXITY" missed="1" covered="0"/><counter type="METHOD" missed="1" covered="0"/></method><method name="batchHistoryCleanupTasklet" desc="()Lus/deloitteinnovation/aca/batch/invalidaddress/util/BatchHistoryCleanupTasklet;" line="69"><counter type="INSTRUCTION" missed="10" covered="0"/><counter type="LINE" missed="3" covered="0"/><counter type="COMPLEXITY" missed="1" covered="0"/><counter type="METHOD" missed="1" covered="0"/></method><method name="cleanupBatchMetaData" desc="(Lus/deloitteinnovation/aca/batch/invalidaddress/util/BatchHistoryCleanupTasklet;)Lorg/springframework/batch/core/Step;" line="76"><counter type="INSTRUCTION" missed="8" covered="0"/><counter type="LINE" missed="1" covered="0"/><counter type="COMPLEXITY" missed="1" covered="0"/><counter type="METHOD" missed="1" covered="0"/></method><method name="invalidAddressStep" desc="(Lus/deloitteinnovation/aca/batch/invalidaddress/step/InvalidAddressReader;Lus/deloitteinnovation/aca/batch/invalidaddress/step/InvalidAddressProcessor;Lus/deloitteinnovation/aca/batch/invalidaddress/step/InvalidAddressWriter;Lus/deloitteinnovation/aca/batch/invalidaddress/InvalidAddressListener;)Lorg/springframework/batch/core/Step;" line="82"><counter type="INSTRUCTION" missed="14" covered="0"/><counter type="LINE" missed="2" covered="0"/><counter type="COMPLEXITY" missed="1" covered="0"/><counter type="METHOD" missed="1" covered="0"/></method><method name="invalidAddressReader" desc="()Lus/deloitteinnovation/aca/batch/invalidaddress/step/InvalidAddressReader;" line="88"><counter type="INSTRUCTION" missed="4" covered="0"/><counter type="LINE" missed="1" covered="0"/><counter type="COMPLEXITY" missed="1" covered="0"/><counter type="METHOD" missed="1" covered="0"/></method><method name="invalidAddressProcessor" desc="()Lus/deloitteinnovation/aca/batch/invalidaddress/step/InvalidAddressProcessor;" line="93"><counter type="INSTRUCTION" missed="4" covered="0"/><counter type="LINE" missed="1" covered="0"/><counter type="COMPLEXITY" missed="1" covered="0"/><counter type="METHOD" missed="1" covered="0"/></method><method name="invalidAddressWriter" desc="()Lus/deloitteinnovation/aca/batch/invalidaddress/step/InvalidAddressWriter;" line="98"><counter type="INSTRUCTION" missed="4" covered="0"/><counter type="LINE" missed="1" covered="0"/><counter type="COMPLEXITY" missed="1" covered="0"/><counter type="METHOD" missed="1" covered="0"/></method><method name="printVendorJdbcRepository" desc="()Lus/deloitteinnovation/aca/repository/PrintVendorJdbcRepository;" line="103"><counter type="INSTRUCTION" missed="10" covered="0"/><counter type="LINE" missed="3" covered="0"/><counter type="COMPLEXITY" missed="1" covered="0"/><counter type="METHOD" missed="1" covered="0"/></method><method name="&lt;clinit&gt;" desc="()V" line="41"><counter type="INSTRUCTION" missed="4" covered="0"/><counter type="LINE" missed="1" covered="0"/><counter type="COMPLEXITY" missed="1" covered="0"/><counter type="METHOD" missed="1" covered="0"/></method><counter type="INSTRUCTION" missed="75" covered="0"/><counter type="LINE" missed="18" covered="0"/><counter type="COMPLEXITY" missed="11" covered="0"/><counter type="METHOD" missed="11" covered="0"/><counter type="CLASS" missed="1" covered="0"/></class><class name="us/deloitteinnovation/aca/batch/invalidaddress/InvalidAddressListener"><method name="&lt;init&gt;" desc="()V" line="18"><counter type="INSTRUCTION" missed="3" covered="0"/><counter type="LINE" missed="1" covered="0"/><counter type="COMPLEXITY" missed="1" covered="0"/><counter type="METHOD" missed="1" covered="0"/></method><method name="beforeJob" desc="(Lorg/springframework/batch/core/JobExecution;)V" line="31"><counter type="INSTRUCTION" missed="46" covered="0"/><counter type="BRANCH" missed="2" covered="0"/><counter type="LINE" missed="8" covered="0"/><counter type="COMPLEXITY" missed="2" covered="0"/><counter type="METHOD" missed="1" covered="0"/></method><method name="&lt;clinit&gt;" desc="()V" line="20"><counter type="INSTRUCTION" missed="4" covered="0"/><counter type="LINE" missed="1" covered="0"/><counter type="COMPLEXITY" missed="1" covered="0"/><counter type="METHOD" missed="1" covered="0"/></method><counter type="INSTRUCTION" missed="53" covered="0"/><counter type="BRANCH" missed="2" covered="0"/><counter type="LINE" missed="10" covered="0"/><counter type="COMPLEXITY" missed="4" covered="0"/><counter type="METHOD" missed="3" covered="0"/><counter type="CLASS" missed="1" covered="0"/></class><class name="us/deloitteinnovation/aca/batch/invalidaddress/InvalidAddressBatchJobConfiguration"><method name="&lt;init&gt;" desc="()V" line="12"><counter type="INSTRUCTION" missed="3" covered="0"/><counter type="LINE" missed="1" covered="0"/><counter type="COMPLEXITY" missed="1" covered="0"/><counter type="METHOD" missed="1" covered="0"/></method><method name="invalidAddressFiles" desc="()Lorg/springframework/batch/core/Job;" line="28"><counter type="INSTRUCTION" missed="25" covered="0"/><counter type="LINE" missed="1" covered="0"/><counter type="COMPLEXITY" missed="1" covered="0"/><counter type="METHOD" missed="1" covered="0"/></method><counter type="INSTRUCTION" missed="28" covered="0"/><counter type="LINE" missed="2" covered="0"/><counter type="COMPLEXITY" missed="2" covered="0"/><counter type="METHOD" missed="2" covered="0"/><counter type="CLASS" missed="1" covered="0"/></class><sourcefile name="InvalidAddressBatchJobConfiguration.java"><line nr="12" mi="3" ci="0" mb="0" cb="0"/><line nr="28" mi="25" ci="0" mb="0" cb="0"/><counter type="INSTRUCTION" missed="28" covered="0"/><counter type="LINE" missed="2" covered="0"/><counter type="COMPLEXITY" missed="2" covered="0"/><counter type="METHOD" missed="2" covered="0"/><counter type="CLASS" missed="1" covered="0"/></sourcefile><sourcefile name="InvalidAddressListener.java"><line nr="18" mi="3" ci="0" mb="0" cb="0"/><line nr="20" mi="4" ci="0" mb="0" cb="0"/><line nr="31" mi="3" ci="0" mb="0" cb="0"/><line nr="32" mi="13" ci="0" mb="2" cb="0"/><line nr="33" mi="9" ci="0" mb="0" cb="0"/><line nr="34" mi="1" ci="0" mb="0" cb="0"/><line nr="35" mi="5" ci="0" mb="0" cb="0"/><line nr="37" mi="4" ci="0" mb="0" cb="0"/><line nr="39" mi="10" ci="0" mb="0" cb="0"/><line nr="42" mi="1" ci="0" mb="0" cb="0"/><counter type="INSTRUCTION" missed="53" covered="0"/><counter type="BRANCH" missed="2" covered="0"/><counter type="LINE" missed="10" covered="0"/><counter type="COMPLEXITY" missed="4" covered="0"/><counter type="METHOD" missed="3" covered="0"/><counter type="CLASS" missed="1" covered="0"/></sourcefile><sourcefile name="InvalidAddressConfiguration.java"><line nr="39" mi="3" ci="0" mb="0" cb="0"/><line nr="41" mi="4" ci="0" mb="0" cb="0"/><line nr="56" mi="4" ci="0" mb="0" cb="0"/><line nr="61" mi="4" ci="0" mb="0" cb="0"/><line nr="62" mi="4" ci="0" mb="0" cb="0"/><line nr="63" mi="2" ci="0" mb="0" cb="0"/><line nr="69" mi="4" ci="0" mb="0" cb="0"/><line nr="70" mi="4" ci="0" mb="0" cb="0"/><line nr="71" mi="2" ci="0" mb="0" cb="0"/><line nr="76" mi="8" ci="0" mb="0" cb="0"/><line nr="82" mi="9" ci="0" mb="0" cb="0"/><line nr="83" mi="5" ci="0" mb="0" cb="0"/><line nr="88" mi="4" ci="0" mb="0" cb="0"/><line nr="93" mi="4" ci="0" mb="0" cb="0"/><line nr="98" mi="4" ci="0" mb="0" cb="0"/><line nr="103" mi="4" ci="0" mb="0" cb="0"/><line nr="104" mi="4" ci="0" mb="0" cb="0"/><line nr="105" mi="2" ci="0" mb="0" cb="0"/><counter type="INSTRUCTION" missed="75" covered="0"/><counter type="LINE" missed="18" covered="0"/><counter type="COMPLEXITY" missed="11" covered="0"/><counter type="METHOD" missed="11" covered="0"/><counter type="CLASS" missed="1" covered="0"/></sourcefile><counter type="INSTRUCTION" missed="156" covered="0"/><counter type="BRANCH" missed="2" covered="0"/><counter type="LINE" missed="30" covered="0"/><counter type="COMPLEXITY" missed="17" covered="0"/><counter type="METHOD" missed="16" covered="0"/><counter type="CLASS" missed="3" covered="0"/></package><package name="us/deloitteinnovation/aca/batch/invalidaddress/repository"><class name="us/deloitteinnovation/aca/batch/invalidaddress/repository/InvalidAddressRepository"><method name="&lt;init&gt;" desc="()V" line="8"><counter type="INSTRUCTION" missed="3" covered="0"/><counter type="LINE" missed="1" covered="0"/><counter type="COMPLEXITY" missed="1" covered="0"/><counter type="METHOD" missed="1" covered="0"/></method><method name="&lt;clinit&gt;" desc="()V" line="9"><counter type="INSTRUCTION" missed="4" covered="0"/><counter type="LINE" missed="1" covered="0"/><counter type="COMPLEXITY" missed="1" covered="0"/><counter type="METHOD" missed="1" covered="0"/></method><counter type="INSTRUCTION" missed="7" covered="0"/><counter type="LINE" missed="2" covered="0"/><counter type="COMPLEXITY" missed="2" covered="0"/><counter type="METHOD" missed="2" covered="0"/><counter type="CLASS" missed="1" covered="0"/></class><sourcefile name="InvalidAddressRepository.java"><line nr="8" mi="3" ci="0" mb="0" cb="0"/><line nr="9" mi="4" ci="0" mb="0" cb="0"/><counter type="INSTRUCTION" missed="7" covered="0"/><counter type="LINE" missed="2" covered="0"/><counter type="COMPLEXITY" missed="2" covered="0"/><counter type="METHOD" missed="2" covered="0"/><counter type="CLASS" missed="1" covered="0"/></sourcefile><counter type="INSTRUCTION" missed="7" covered="0"/><counter type="LINE" missed="2" covered="0"/><counter type="COMPLEXITY" missed="2" covered="0"/><counter type="METHOD" missed="2" covered="0"/><counter type="CLASS" missed="1" covered="0"/></package><counter type="INSTRUCTION" missed="1490" covered="0"/><counter type="BRANCH" missed="90" covered="0"/><counter type="LINE" missed="295" covered="0"/><counter type="COMPLEXITY" missed="109" covered="0"/><counter type="METHOD" missed="64" covered="0"/><counter type="CLASS" missed="12" covered="0"/></report>