<?xml version="1.0" encoding="UTF-8"?>
<testsuite name="us.deloitteinnovation.aca.batch.export.step1.Step1Form1095WriterTest" time="0" tests="2" errors="0" skipped="2" failures="0">
  <properties>
[...]
</properties>
  <testcase name="writeFull" classname="us.deloitteinnovation.aca.batch.export.step1.Step1Form1095WriterTest" time="0">
    <skipped/>
    <system-out><![CDATA[15:31:43.354 [main] INFO  o.s.t.c.s.AbstractContextLoader - Could not detect default resource locations for test class [us.deloitteinnovation.aca.batch.export.step1.Step1Form1095WriterTest]: no resource found for suffixes {-context.xml, Context.groovy}.
15:31:43.395 [main] INFO  o.s.t.c.s.DefaultTestContextBootstrapper - Loaded default TestExecutionListener class names from location [META-INF/spring.factories]: [org.springframework.test.context.web.ServletTestExecutionListener, org.springframework.test.context.support.DirtiesContextBeforeModesTestExecutionListener, org.springframework.test.context.support.DependencyInjectionTestExecutionListener, org.springframework.test.context.support.DirtiesContextTestExecutionListener, org.springframework.test.context.transaction.TransactionalTestExecutionListener, org.springframework.test.context.jdbc.SqlScriptsTestExecutionListener]
15:31:43.428 [main] INFO  o.s.t.c.s.DefaultTestContextBootstrapper - Could not instantiate TestExecutionListener [org.springframework.test.context.web.ServletTestExecutionListener]. Specify custom listener classes or make the default listener classes (and their required dependencies) available. Offending class: [javax/servlet/ServletContext]
15:31:43.432 [main] INFO  o.s.t.c.s.DefaultTestContextBootstrapper - Using TestExecutionListeners: [org.springframework.test.context.support.DirtiesContextBeforeModesTestExecutionListener@329a1f8d, org.springframework.test.context.support.DependencyInjectionTestExecutionListener@a565cbd, org.springframework.test.context.support.DirtiesContextTestExecutionListener@6fc29daa, org.springframework.test.context.transaction.TransactionalTestExecutionListener@2f66f0d0, org.springframework.test.context.jdbc.SqlScriptsTestExecutionListener@4d62f4c6]
]]></system-out>
    <system-err><![CDATA[SLF4J: Class path contains multiple SLF4J bindings.
SLF4J: Found binding in [jar:file:/C:/Users/rbongurala/.m2/repository/ch/qos/logback/logback-classic/1.1.5/logback-classic-1.1.5.jar!/org/slf4j/impl/StaticLoggerBinder.class]
SLF4J: Found binding in [jar:file:/C:/Users/rbongurala/.m2/repository/org/slf4j/slf4j-log4j12/1.7.16/slf4j-log4j12-1.7.16.jar!/org/slf4j/impl/StaticLoggerBinder.class]
SLF4J: See http://www.slf4j.org/codes.html#multiple_bindings for an explanation.
SLF4J: Actual binding is of type [ch.qos.logback.classic.util.ContextSelectorStaticBinder]
]]></system-err>
  </testcase>
  <testcase name="writeMinimum" classname="us.deloitteinnovation.aca.batch.export.step1.Step1Form1095WriterTest" time="0">
    <skipped message="Set the right job name in Job Execution and then re-enable this test"/>
  </testcase>
</testsuite>